#
# A fatal error has been detected by the Java Runtime Environment:
#
#  SIGSEGV (0xb) at pc=0x00007ff80fcea41d, pid=28788, tid=259
#
# JRE version: OpenJDK Runtime Environment (21.0.1+12) (build 21.0.1+12-29)
# Java VM: OpenJDK 64-Bit Server VM (21.0.1+12-29, mixed mode, sharing, tiered, compressed oops, compressed class ptrs, g1 gc, bsd-amd64)
# Problematic frame:
# C  [libobjc.A.dylib+0x641d]  objc_msgSend+0x1d
#
# No core dump will be written. Core dumps have been disabled. To enable core dumping, try "ulimit -c unlimited" before starting Java again
#
# If you would like to submit a bug report, please visit:
#   https://bugreport.java.com/bugreport/crash.jsp
# The crash happened outside the Java Virtual Machine in native code.
# See problematic frame for where to report the bug.
#

---------------  S U M M A R Y ------------

Command Line: -javaagent:/Applications/IntelliJ IDEA.app/Contents/lib/idea_rt.jar=51790:/Applications/IntelliJ IDEA.app/Contents/bin -Dfile.encoding=UTF-8 me.vlink102.personal.Main

Host: "Macmini8,1" x86_64 3200 MHz, 12 cores, 64G, Darwin 21.6.0, macOS 12.6.7 (21G651)
Time: Thu Nov 23 19:30:13 2023 GMT elapsed time: 2.863119 seconds (0d 0h 0m 2s)

---------------  T H R E A D  ---------------

Current thread (0x00007fda32826c00):  JavaThread "AppKit Thread" daemon [_thread_in_native, id=259, stack(0x00007ff7b7078000,0x00007ff7b7878000) (8192K)]

Stack: [0x00007ff7b7078000,0x00007ff7b7878000],  sp=0x00007ff7b7871828,  free space=8166k
Native frames: (J=compiled Java code, j=interpreted, Vv=VM code, C=native code)
C  [libobjc.A.dylib+0x641d]  objc_msgSend+0x1d
j  sun.java2d.metal.MTLLayer.blitTexture(J)V+0 java.desktop@21.0.1
j  sun.java2d.metal.MTLLayer.lambda$drawInMTLContext$4(J)V+1 java.desktop@21.0.1
j  sun.java2d.metal.MTLLayer$$Lambda+0x000000013b1ed3b0.run(J)V+1 java.desktop@21.0.1
j  sun.lwawt.macosx.CFRetainedResource.execute(Lsun/lwawt/macosx/CFRetainedResource$CFNativeAction;)V+23 java.desktop@21.0.1
j  sun.java2d.metal.MTLLayer.drawInMTLContext()V+14 java.desktop@21.0.1
v  ~StubRoutines::call_stub 0x000000011b651cc6
V  [libjvm.dylib+0x5abd24]  JavaCalls::call_helper(JavaValue*, methodHandle const&, JavaCallArguments*, JavaThread*)+0x2b4
V  [libjvm.dylib+0x615ecf]  jni_invoke_nonstatic(JNIEnv_*, JavaValue*, _jobject*, JNICallType, _jmethodID*, JNI_ArgumentPusher*, JavaThread*)+0x34f
V  [libjvm.dylib+0x61ae23]  jni_CallVoidMethod+0x193
C  [libawt_lwawt.dylib+0x77576]  -[MTLLayer blitCallback]+0x296
C  [libawt_lwawt.dylib+0x776af]  -[MTLLayer display]+0x5f
C  [QuartzCore+0x21a07]  CA::Layer::display_if_needed(CA::Transaction*)+0x369
C  [QuartzCore+0x1792aa]  CA::Context::commit_transaction(CA::Transaction*, double, double*)+0x280
C  [QuartzCore+0x2e6d]  CA::Transaction::commit()+0x309
C  [AppKit+0x1ab191]  __62+[CATransaction(NSCATransaction) NS_setFlushesWithDisplayLink]_block_invoke+0x11d
C  [AppKit+0x8f2f1c]  ___NSRunLoopObserverCreateWithHandler_block_invoke+0x29
C  [CoreFoundation+0x7f500]  __CFRUNLOOP_IS_CALLING_OUT_TO_AN_OBSERVER_CALLBACK_FUNCTION__+0x17
C  [CoreFoundation+0x7f392]  __CFRunLoopDoObservers+0x21f
C  [CoreFoundation+0x7e824]  __CFRunLoopRun+0x348
C  [CoreFoundation+0x7de1c]  CFRunLoopRunSpecific+0x232
C  [HIToolbox+0x2e5e6]  RunCurrentEventLoopInMode+0x124
C  [HIToolbox+0x2e34a]  ReceiveNextEventCommon+0x252
C  [HIToolbox+0x2e0e5]  _BlockUntilNextEventMatchingListInModeWithFilter+0x46
C  [AppKit+0x3ef6d]  _DPSNextEvent+0x39f
C  [AppKit+0x3d62a]  -[NSApplication(NSEvent) _nextEventMatchingEventMask:untilDate:inMode:dequeue:]+0x572
C  [libosxapp.dylib+0x45aa]  -[NSApplicationAWT nextEventMatchingMask:untilDate:inMode:dequeue:]+0x7a
C  [AppKit+0x2fcd9]  -[NSApplication run]+0x24a
C  [libosxapp.dylib+0x4379]  +[NSApplicationAWT runAWTLoopWithApp:]+0xa9
C  [libawt_lwawt.dylib+0x6f5f0]  +[AWTStarter starter:headless:]+0x1f0
C  [libosxapp.dylib+0x604f]  +[ThreadUtilities invokeBlockCopy:]+0xf
C  [Foundation+0x81517]  __NSThreadPerformPerform+0xb3
C  [CoreFoundation+0x8015b]  __CFRUNLOOP_IS_CALLING_OUT_TO_A_SOURCE0_PERFORM_FUNCTION__+0x11
C  [CoreFoundation+0x800c3]  __CFRunLoopDoSource0+0xb4
C  [CoreFoundation+0x7fe3d]  __CFRunLoopDoSources0+0xf2
C  [CoreFoundation+0x7e858]  __CFRunLoopRun+0x37c
C  [CoreFoundation+0x7de1c]  CFRunLoopRunSpecific+0x232
C  [libjli.dylib+0x6ee2]  CreateExecutionEnvironment+0x182
C  [libjli.dylib+0x28bd]  JLI_Launch+0x54d
C  [java+0x3c0f]  main+0x18f
C  0x000000011406752e
Java frames: (J=compiled Java code, j=interpreted, Vv=VM code)
j  sun.java2d.metal.MTLLayer.blitTexture(J)V+0 java.desktop@21.0.1
j  sun.java2d.metal.MTLLayer.lambda$drawInMTLContext$4(J)V+1 java.desktop@21.0.1
j  sun.java2d.metal.MTLLayer$$Lambda+0x000000013b1ed3b0.run(J)V+1 java.desktop@21.0.1
j  sun.lwawt.macosx.CFRetainedResource.execute(Lsun/lwawt/macosx/CFRetainedResource$CFNativeAction;)V+23 java.desktop@21.0.1
j  sun.java2d.metal.MTLLayer.drawInMTLContext()V+14 java.desktop@21.0.1
v  ~StubRoutines::call_stub 0x000000011b651cc6

siginfo: si_signo: 11 (SIGSEGV), si_code: 1 (SEGV_MAPERR), si_addr: 0x0000000000000018

Registers:
RAX=0x00007fda2199d200, RBX=0x0000600001bc7090, RCX=0x00007fda3180c860, RDX=0xffffffffffffffe0
RSP=0x00007ff7b7871828, RBP=0x00007ff7b7871910, RSI=0x00007ff82a2a4206, RDI=0x00007fda2199d200
R8 =0x00007fda3180c038, R9 =0xfffeffffffffffff, R10=0x0000000000000000, R11=0x00007ff82a2a4206
R12=0x00007ff82a2ed9a8, R13=0x000000017bbcb5f8, R14=0x00007ff80fcea400, R15=0x00007ff82a298f39
RIP=0x00007ff80fcea41d, EFLAGS=0x0000000000010246, ERR=0x0000000000000004
  TRAPNO=0x000000000000000e


Register to memory mapping:

RAX=0x00007fda2199d200 points into unknown readable memory: 0x0000000000000000 | 00 00 00 00 00 00 00 00
RBX=0x0000600001bc7090 points into unknown readable memory: 0x013d800108f65861 | 61 58 f6 08 01 80 3d 01
RCX=0x00007fda3180c860 points into unknown readable memory: 0xa3a3a3a3a3a3a3a3 | a3 a3 a3 a3 a3 a3 a3 a3
RDX=0xffffffffffffffe0 is an unknown value
RSP=0x00007ff7b7871828 is pointing into the stack for thread: 0x00007fda32826c00
RBP=0x00007ff7b7871910 is pointing into the stack for thread: 0x00007fda32826c00
RSI=0x00007ff82a2a4206 points into unknown readable memory: 77 69
RDI=0x00007fda2199d200 points into unknown readable memory: 0x0000000000000000 | 00 00 00 00 00 00 00 00
R8 =0x00007fda3180c038 points into unknown readable memory: 0x0000000000000000 | 00 00 00 00 00 00 00 00
R9 =0xfffeffffffffffff is an unknown value
R10=0x0 is null
R11=0x00007ff82a2a4206 points into unknown readable memory: 77 69
R12=0x00007ff82a2ed9a8 points into unknown readable memory: 0x74616c7000787463 | 63 74 78 00 70 6c 61 74
R13={method} {0x000000017bbcb5f8} 'blitTexture' '(J)V' in 'sun/java2d/metal/MTLLayer'
R14=0x00007ff80fcea400: objc_msgSend+0 in /usr/lib/libobjc.A.dylib at 0x00007ff80fce4000
R15=0x00007ff82a298f39 points into unknown readable memory: 62 75 66 66 65 72 00

Top of Stack: (sp=0x00007ff7b7871828)
0x00007ff7b7871828:   0000000108f00df2 00007ff7b78719a0
0x00007ff7b7871838:   00007fda32826c00 00007ff7b7871910
0x00007ff7b7871848:   00007ff80fceaf9b 0000000108f65860
0x00007ff7b7871858:   0000000000000030 0000000000003990
0x00007ff7b7871868:   0000000108f621d0 0000600001bc7090
0x00007ff7b7871878:   0000000108f35ce0 0000600001bc7090
0x00007ff7b7871888:   00007ff80fcea400 00007fd9f1005050
0x00007ff7b7871898:   00007fd9f1005428 ffffffffffffffff
0x00007ff7b78718a8:   000000000000ffff 0000000000000000
0x00007ff7b78718b8:   0000000000000000 0000000500000005
0x00007ff7b78718c8:   0000000500000005 00007fda3180c858
0x00007ff7b78718d8:   0000000100000001 0000000100000001
0x00007ff7b78718e8:   000000017bbcb5f8 0000000000000000
0x00007ff7b78718f8:   000000017bbcb5f8 00007ff7b78719a0
0x00007ff7b7871908:   00007fda32826c00 00007ff7b7871978
0x00007ff7b7871918:   000000011b65d980 000000017bbcb5f8
0x00007ff7b7871928:   000000011b65d61f 00007ff7b7871930
0x00007ff7b7871938:   000000017bbcb5f8 0000000000000005
0x00007ff7b7871948:   000000017bbccec0 0000000000000000
0x00007ff7b7871958:   000000043e681e70 000000017bbcb5f8
0x00007ff7b7871968:   0000000000000000 00007ff7b7871998
0x00007ff7b7871978:   00007ff7b78719f0 000000011b659362
0x00007ff7b7871988:   000000043e681e70 000000011b65af97
0x00007ff7b7871998:   0000600001bc7090 0000000000000000
0x00007ff7b78719a8:   00007ff7b78719a8 000000017bbcbdf1
0x00007ff7b78719b8:   0000000000000003 000000017bbccec0
0x00007ff7b78719c8:   0000000000000000 000000043e681e70
0x00007ff7b78719d8:   000000017bbcbe08 00007ff7b7871998
0x00007ff7b78719e8:   00007ff7b7871a00 00007ff7b7871a58
0x00007ff7b78719f8:   000000011b659362 0000600001bc7090
0x00007ff7b7871a08:   0000000000000000 00007ff7b7871a10
0x00007ff7b7871a18:   000000017bd426f1 0000000000000004 

Instructions: (pc=0x00007ff80fcea41d)
0x00007ff80fcea31d:   90 90 90 90 90 90 90 90 90 90 90 90 90 90 90 90
0x00007ff80fcea32d:   90 90 90 90 90 90 90 90 90 90 90 90 90 90 90 90
0x00007ff80fcea33d:   90 90 90 31 c0 31 d2 0f 57 c0 0f 57 c9 c3 90 d9
0x00007ff80fcea34d:   ee 31 c0 31 d2 0f 57 c0 0f 57 c9 c3 0f 1f 00 d9
0x00007ff80fcea35d:   ee d9 ee 31 c0 31 d2 0f 57 c0 0f 57 c9 c3 90 48
0x00007ff80fcea36d:   89 f8 c3 49 89 fa 49 89 f3 45 23 5a 18 49 c1 e3
0x00007ff80fcea37d:   04 4d 03 5a 10 49 3b 33 75 0e 49 8b 43 08 48 83
0x00007ff80fcea38d:   f8 00 74 03 4c 31 d0 c3 49 83 3b 01 76 17 49 83
0x00007ff80fcea39d:   c3 10 49 3b 33 75 f1 49 8b 43 08 48 83 f8 00 74
0x00007ff80fcea3ad:   03 4c 31 d0 c3 72 25 4d 8b 5b 08 eb 0a 49 83 3b
0x00007ff80fcea3bd:   01 76 17 49 83 c3 10 49 3b 33 75 f1 49 8b 43 08
0x00007ff80fcea3cd:   48 83 f8 00 74 03 4c 31 d0 c3 eb 00 31 c0 c3 66
0x00007ff80fcea3dd:   66 66 66 66 66 2e 0f 1f 84 00 00 00 00 00 66 66
0x00007ff80fcea3ed:   66 66 66 66 2e 0f 1f 84 00 00 00 00 00 66 0f 1f
0x00007ff80fcea3fd:   44 00 00 48 85 ff 2e 74 72 40 f6 c7 01 2e 75 76
0x00007ff80fcea40d:   49 ba f8 ff ff ff ff 7f 00 00 4c 23 17 49 89 f3
0x00007ff80fcea41d:   45 23 5a 18 49 c1 e3 04 4d 03 5a 10 49 3b 33 75
0x00007ff80fcea42d:   0a 4d 8b 5b 08 4d 31 d3 41 ff e3 49 83 3b 01 76
0x00007ff80fcea43d:   13 49 83 c3 10 49 3b 33 75 f1 4d 8b 5b 08 4d 31
0x00007ff80fcea44d:   d3 41 ff e3 72 70 4d 8b 5b 08 eb 0a 49 83 3b 01
0x00007ff80fcea45d:   76 13 49 83 c3 10 49 3b 33 75 f1 4d 8b 5b 08 4d
0x00007ff80fcea46d:   31 d3 41 ff e3 eb 4f 0f 1f 40 00 31 c0 31 d2 0f
0x00007ff80fcea47d:   57 c0 0f 57 c9 c3 41 89 fb 41 83 e3 0f 4c 8d 15
0x00007ff80fcea48d:   2f af 89 41 4f 8b 14 da 4c 8d 1d fc ad 89 41 4d
0x00007ff80fcea49d:   39 d3 0f 85 75 ff ff ff 41 89 fb 41 c1 eb 04 41
0x00007ff80fcea4ad:   81 e3 ff 00 00 00 4c 8d 15 86 af 89 41 4f 8b 14
0x00007ff80fcea4bd:   da e9 57 ff ff ff e9 88 0a 00 00 66 66 66 66 66
0x00007ff80fcea4cd:   66 2e 0f 1f 84 00 00 00 00 00 66 66 66 66 66 66
0x00007ff80fcea4dd:   2e 0f 1f 84 00 00 00 00 00 66 66 66 66 66 66 2e
0x00007ff80fcea4ed:   0f 1f 84 00 00 00 00 00 66 66 2e 0f 1f 84 00 00
0x00007ff80fcea4fd:   00 00 00 48 85 ff 2e 74 6a 40 f6 c7 01 2e 75 6b
0x00007ff80fcea50d:   49 ba f8 ff ff ff ff 7f 00 00 4c 23 17 49 89 f3 


Stack slot to memory mapping:

stack at sp + 0 slots: 0x0000000108f00df2: -[MTLLayer blitTexture]+0xc2 in /Users/ethan/Library/Java/JavaVirtualMachines/openjdk-21.0.1/Contents/Home/lib/libawt_lwawt.dylib at 0x0000000108e8a000
stack at sp + 1 slots: 0x00007ff7b78719a0 is pointing into the stack for thread: 0x00007fda32826c00
stack at sp + 2 slots: 0x00007fda32826c00 is a thread
stack at sp + 3 slots: 0x00007ff7b7871910 is pointing into the stack for thread: 0x00007fda32826c00
stack at sp + 4 slots: 0x00007ff80fceaf9b: _objc_msgSend_uncached+0x4b in /usr/lib/libobjc.A.dylib at 0x00007ff80fce4000
stack at sp + 5 slots: 0x0000000108f65860: OBJC_CLASS_$_MTLLayer+0 in /Users/ethan/Library/Java/JavaVirtualMachines/openjdk-21.0.1/Contents/Home/lib/libawt_lwawt.dylib at 0x0000000108e8a000
stack at sp + 6 slots: 0x0000000000000030 is an unknown value
stack at sp + 7 slots: 0x0000000000003990 is an unknown value


---------------  P R O C E S S  ---------------

Threads class SMR info:
_java_thread_list=0x00006000033180e0, length=19, elements={
0x00007fda32825600, 0x00007fda32828000, 0x00007fda32828800, 0x00007fda32829000,
0x00007fda32829800, 0x00007fda3282a000, 0x00007fda3282a800, 0x00007fda3180ee00,
0x00007fda30873400, 0x00007fda30816a00, 0x00007fda32826c00, 0x00007fda0104cc00,
0x00007fd9f0843400, 0x00007fda3285a800, 0x00007fda0104ac00, 0x00007fda308a1000,
0x00007fda22110e00, 0x00007fda221abe00, 0x00007fda32923000
}

Java Threads: ( => current thread )
  0x00007fda32825600 JavaThread "Reference Handler"          daemon [_thread_blocked, id=22531, stack(0x000070000a456000,0x000070000a556000) (1024K)]
  0x00007fda32828000 JavaThread "Finalizer"                  daemon [_thread_blocked, id=43011, stack(0x000070000a559000,0x000070000a659000) (1024K)]
  0x00007fda32828800 JavaThread "Signal Dispatcher"          daemon [_thread_blocked, id=42499, stack(0x000070000a65c000,0x000070000a75c000) (1024K)]
  0x00007fda32829000 JavaThread "Service Thread"             daemon [_thread_blocked, id=23043, stack(0x000070000a75f000,0x000070000a85f000) (1024K)]
  0x00007fda32829800 JavaThread "Monitor Deflation Thread"   daemon [_thread_blocked, id=23555, stack(0x000070000a862000,0x000070000a962000) (1024K)]
  0x00007fda3282a000 JavaThread "C2 CompilerThread0"         daemon [_thread_blocked, id=24067, stack(0x000070000a965000,0x000070000aa65000) (1024K)]
  0x00007fda3282a800 JavaThread "C1 CompilerThread0"         daemon [_thread_blocked, id=41987, stack(0x000070000aa68000,0x000070000ab68000) (1024K)]
  0x00007fda3180ee00 JavaThread "Common-Cleaner"             daemon [_thread_blocked, id=24835, stack(0x000070000ab6b000,0x000070000ac6b000) (1024K)]
  0x00007fda30873400 JavaThread "Monitor Ctrl-Break"         daemon [_thread_in_native, id=25091, stack(0x000070000ac6e000,0x000070000ad6e000) (1024K)]
  0x00007fda30816a00 JavaThread "Notification Thread"        daemon [_thread_blocked, id=41475, stack(0x000070000ad71000,0x000070000ae71000) (1024K)]
=>0x00007fda32826c00 JavaThread "AppKit Thread"              daemon [_thread_in_native, id=259, stack(0x00007ff7b7078000,0x00007ff7b7878000) (8192K)]
  0x00007fda0104cc00 JavaThread "Java2D Queue Flusher"       daemon [_thread_blocked, id=76807, stack(0x000070000b183000,0x000070000b283000) (1024K)]
  0x00007fd9f0843400 JavaThread "Java2D Disposer"            daemon [_thread_blocked, id=54023, stack(0x000070000b286000,0x000070000b386000) (1024K)]
  0x00007fda3285a800 JavaThread "Attach Listener"            daemon [_thread_blocked, id=56839, stack(0x000070000b389000,0x000070000b489000) (1024K)]
  0x00007fda0104ac00 JavaThread "C2 CompilerThread1"         daemon [_thread_blocked, id=57103, stack(0x000070000aef7000,0x000070000aff7000) (1024K)]
  0x00007fda308a1000 JavaThread "C2 CompilerThread2"         daemon [_thread_blocked, id=29703, stack(0x000070000b48c000,0x000070000b58c000) (1024K)]
  0x00007fda22110e00 JavaThread "AWT-Shutdown"                      [_thread_blocked, id=57379, stack(0x000070000b58f000,0x000070000b68f000) (1024K)]
  0x00007fda221abe00 JavaThread "AWT-EventQueue-0"                  [_thread_in_native, id=70659, stack(0x000070000b692000,0x000070000b792000) (1024K)]
  0x00007fda32923000 JavaThread "DestroyJavaVM"                     [_thread_blocked, id=10243, stack(0x0000700009b38000,0x0000700009c38000) (1024K)]
Total: 19

Other Threads:
  0x00007fda31108440 VMThread "VM Thread"                           [id=15107, stack(0x000070000a24d000,0x000070000a34d000) (1024K)]
  0x00007fda307059c0 WatcherThread "VM Periodic Task Thread"        [id=17667, stack(0x000070000a14a000,0x000070000a24a000) (1024K)]
  0x00007fda21107710 WorkerThread "GC Thread#0"                     [id=19971, stack(0x0000700009c3b000,0x0000700009d3b000) (1024K)]
  0x00007fda311055f0 ConcurrentGCThread "G1 Main Marker"            [id=19459, stack(0x0000700009d3e000,0x0000700009e3e000) (1024K)]
  0x00007fda21107c80 WorkerThread "G1 Conc#0"                       [id=19203, stack(0x0000700009e41000,0x0000700009f41000) (1024K)]
  0x00007fda22082800 ConcurrentGCThread "G1 Refine#0"               [id=18947, stack(0x0000700009f44000,0x000070000a044000) (1024K)]
  0x00007fda211093a0 ConcurrentGCThread "G1 Service"                [id=18435, stack(0x000070000a047000,0x000070000a147000) (1024K)]
Total: 7

Threads with active compile tasks:
Total: 0

VM state: not at safepoint (normal execution)

VM Mutex/Monitor currently owned by a thread: None

Heap address: 0x0000000400000000, size: 16384 MB, Compressed Oops mode: Zero based, Oop shift amount: 3

CDS archive(s) mapped at: [0x000000013a000000-0x000000013aca4000-0x000000013aca4000), size 13254656, SharedBaseAddress: 0x000000013a000000, ArchiveRelocationMode: 1.
Compressed class space mapped at: 0x000000013b000000-0x000000017b000000, reserved size: 1073741824
Narrow klass base: 0x000000013a000000, Narrow klass shift: 0, Narrow klass range: 0x100000000

GC Precious Log:
 CardTable entry size: 512
 Card Set container configuration: InlinePtr #cards 4 size 8 Array Of Cards #cards 64 size 144 Howl #buckets 8 coarsen threshold 14745 Howl Bitmap #cards 2048 size 272 coarsen threshold 1843 Card regions per heap region 1 cards per card region 16384
 CPUs: 12 total, 12 available
 Memory: 65536M
 Large Page Support: Disabled
 NUMA Support: Disabled
 Compressed Oops: Enabled (Zero based)
 Heap Region Size: 8M
 Heap Min Capacity: 8M
 Heap Initial Capacity: 1G
 Heap Max Capacity: 16G
 Pre-touch: Disabled
 Parallel Workers: 10
 Concurrent Workers: 3
 Concurrent Refinement Workers: 10
 Periodic GC: Disabled

Heap:
 garbage-first heap   total 1056768K, used 25612K [0x0000000400000000, 0x0000000800000000)
  region size 8192K, 4 young (32768K), 0 survivors (0K)
 Metaspace       used 14211K, committed 14464K, reserved 1114112K
  class space    used 1716K, committed 1792K, reserved 1048576K

Heap Regions: E=young(eden), S=young(survivor), O=old, HS=humongous(starts), HC=humongous(continues), CS=collection set, F=free, TAMS=top-at-mark-start, PB=parsable bottom
|   0|0x0000000400000000, 0x0000000400000000, 0x0000000400800000|  0%| F|  |TAMS 0x0000000400000000| PB 0x0000000400000000| Untracked 
|   1|0x0000000400800000, 0x0000000400800000, 0x0000000401000000|  0%| F|  |TAMS 0x0000000400800000| PB 0x0000000400800000| Untracked 
|   2|0x0000000401000000, 0x0000000401000000, 0x0000000401800000|  0%| F|  |TAMS 0x0000000401000000| PB 0x0000000401000000| Untracked 
|   3|0x0000000401800000, 0x0000000401800000, 0x0000000402000000|  0%| F|  |TAMS 0x0000000401800000| PB 0x0000000401800000| Untracked 
|   4|0x0000000402000000, 0x0000000402000000, 0x0000000402800000|  0%| F|  |TAMS 0x0000000402000000| PB 0x0000000402000000| Untracked 
|   5|0x0000000402800000, 0x0000000402800000, 0x0000000403000000|  0%| F|  |TAMS 0x0000000402800000| PB 0x0000000402800000| Untracked 
|   6|0x0000000403000000, 0x0000000403000000, 0x0000000403800000|  0%| F|  |TAMS 0x0000000403000000| PB 0x0000000403000000| Untracked 
|   7|0x0000000403800000, 0x0000000403800000, 0x0000000404000000|  0%| F|  |TAMS 0x0000000403800000| PB 0x0000000403800000| Untracked 
|   8|0x0000000404000000, 0x0000000404000000, 0x0000000404800000|  0%| F|  |TAMS 0x0000000404000000| PB 0x0000000404000000| Untracked 
|   9|0x0000000404800000, 0x0000000404800000, 0x0000000405000000|  0%| F|  |TAMS 0x0000000404800000| PB 0x0000000404800000| Untracked 
|  10|0x0000000405000000, 0x0000000405000000, 0x0000000405800000|  0%| F|  |TAMS 0x0000000405000000| PB 0x0000000405000000| Untracked 
|  11|0x0000000405800000, 0x0000000405800000, 0x0000000406000000|  0%| F|  |TAMS 0x0000000405800000| PB 0x0000000405800000| Untracked 
|  12|0x0000000406000000, 0x0000000406000000, 0x0000000406800000|  0%| F|  |TAMS 0x0000000406000000| PB 0x0000000406000000| Untracked 
|  13|0x0000000406800000, 0x0000000406800000, 0x0000000407000000|  0%| F|  |TAMS 0x0000000406800000| PB 0x0000000406800000| Untracked 
|  14|0x0000000407000000, 0x0000000407000000, 0x0000000407800000|  0%| F|  |TAMS 0x0000000407000000| PB 0x0000000407000000| Untracked 
|  15|0x0000000407800000, 0x0000000407800000, 0x0000000408000000|  0%| F|  |TAMS 0x0000000407800000| PB 0x0000000407800000| Untracked 
|  16|0x0000000408000000, 0x0000000408000000, 0x0000000408800000|  0%| F|  |TAMS 0x0000000408000000| PB 0x0000000408000000| Untracked 
|  17|0x0000000408800000, 0x0000000408800000, 0x0000000409000000|  0%| F|  |TAMS 0x0000000408800000| PB 0x0000000408800000| Untracked 
|  18|0x0000000409000000, 0x0000000409000000, 0x0000000409800000|  0%| F|  |TAMS 0x0000000409000000| PB 0x0000000409000000| Untracked 
|  19|0x0000000409800000, 0x0000000409800000, 0x000000040a000000|  0%| F|  |TAMS 0x0000000409800000| PB 0x0000000409800000| Untracked 
|  20|0x000000040a000000, 0x000000040a000000, 0x000000040a800000|  0%| F|  |TAMS 0x000000040a000000| PB 0x000000040a000000| Untracked 
|  21|0x000000040a800000, 0x000000040a800000, 0x000000040b000000|  0%| F|  |TAMS 0x000000040a800000| PB 0x000000040a800000| Untracked 
|  22|0x000000040b000000, 0x000000040b000000, 0x000000040b800000|  0%| F|  |TAMS 0x000000040b000000| PB 0x000000040b000000| Untracked 
|  23|0x000000040b800000, 0x000000040b800000, 0x000000040c000000|  0%| F|  |TAMS 0x000000040b800000| PB 0x000000040b800000| Untracked 
|  24|0x000000040c000000, 0x000000040c000000, 0x000000040c800000|  0%| F|  |TAMS 0x000000040c000000| PB 0x000000040c000000| Untracked 
|  25|0x000000040c800000, 0x000000040c800000, 0x000000040d000000|  0%| F|  |TAMS 0x000000040c800000| PB 0x000000040c800000| Untracked 
|  26|0x000000040d000000, 0x000000040d000000, 0x000000040d800000|  0%| F|  |TAMS 0x000000040d000000| PB 0x000000040d000000| Untracked 
|  27|0x000000040d800000, 0x000000040d800000, 0x000000040e000000|  0%| F|  |TAMS 0x000000040d800000| PB 0x000000040d800000| Untracked 
|  28|0x000000040e000000, 0x000000040e000000, 0x000000040e800000|  0%| F|  |TAMS 0x000000040e000000| PB 0x000000040e000000| Untracked 
|  29|0x000000040e800000, 0x000000040e800000, 0x000000040f000000|  0%| F|  |TAMS 0x000000040e800000| PB 0x000000040e800000| Untracked 
|  30|0x000000040f000000, 0x000000040f000000, 0x000000040f800000|  0%| F|  |TAMS 0x000000040f000000| PB 0x000000040f000000| Untracked 
|  31|0x000000040f800000, 0x000000040f800000, 0x0000000410000000|  0%| F|  |TAMS 0x000000040f800000| PB 0x000000040f800000| Untracked 
|  32|0x0000000410000000, 0x0000000410000000, 0x0000000410800000|  0%| F|  |TAMS 0x0000000410000000| PB 0x0000000410000000| Untracked 
|  33|0x0000000410800000, 0x0000000410800000, 0x0000000411000000|  0%| F|  |TAMS 0x0000000410800000| PB 0x0000000410800000| Untracked 
|  34|0x0000000411000000, 0x0000000411000000, 0x0000000411800000|  0%| F|  |TAMS 0x0000000411000000| PB 0x0000000411000000| Untracked 
|  35|0x0000000411800000, 0x0000000411800000, 0x0000000412000000|  0%| F|  |TAMS 0x0000000411800000| PB 0x0000000411800000| Untracked 
|  36|0x0000000412000000, 0x0000000412000000, 0x0000000412800000|  0%| F|  |TAMS 0x0000000412000000| PB 0x0000000412000000| Untracked 
|  37|0x0000000412800000, 0x0000000412800000, 0x0000000413000000|  0%| F|  |TAMS 0x0000000412800000| PB 0x0000000412800000| Untracked 
|  38|0x0000000413000000, 0x0000000413000000, 0x0000000413800000|  0%| F|  |TAMS 0x0000000413000000| PB 0x0000000413000000| Untracked 
|  39|0x0000000413800000, 0x0000000413800000, 0x0000000414000000|  0%| F|  |TAMS 0x0000000413800000| PB 0x0000000413800000| Untracked 
|  40|0x0000000414000000, 0x0000000414000000, 0x0000000414800000|  0%| F|  |TAMS 0x0000000414000000| PB 0x0000000414000000| Untracked 
|  41|0x0000000414800000, 0x0000000414800000, 0x0000000415000000|  0%| F|  |TAMS 0x0000000414800000| PB 0x0000000414800000| Untracked 
|  42|0x0000000415000000, 0x0000000415000000, 0x0000000415800000|  0%| F|  |TAMS 0x0000000415000000| PB 0x0000000415000000| Untracked 
|  43|0x0000000415800000, 0x0000000415800000, 0x0000000416000000|  0%| F|  |TAMS 0x0000000415800000| PB 0x0000000415800000| Untracked 
|  44|0x0000000416000000, 0x0000000416000000, 0x0000000416800000|  0%| F|  |TAMS 0x0000000416000000| PB 0x0000000416000000| Untracked 
|  45|0x0000000416800000, 0x0000000416800000, 0x0000000417000000|  0%| F|  |TAMS 0x0000000416800000| PB 0x0000000416800000| Untracked 
|  46|0x0000000417000000, 0x0000000417000000, 0x0000000417800000|  0%| F|  |TAMS 0x0000000417000000| PB 0x0000000417000000| Untracked 
|  47|0x0000000417800000, 0x0000000417800000, 0x0000000418000000|  0%| F|  |TAMS 0x0000000417800000| PB 0x0000000417800000| Untracked 
|  48|0x0000000418000000, 0x0000000418000000, 0x0000000418800000|  0%| F|  |TAMS 0x0000000418000000| PB 0x0000000418000000| Untracked 
|  49|0x0000000418800000, 0x0000000418800000, 0x0000000419000000|  0%| F|  |TAMS 0x0000000418800000| PB 0x0000000418800000| Untracked 
|  50|0x0000000419000000, 0x0000000419000000, 0x0000000419800000|  0%| F|  |TAMS 0x0000000419000000| PB 0x0000000419000000| Untracked 
|  51|0x0000000419800000, 0x0000000419800000, 0x000000041a000000|  0%| F|  |TAMS 0x0000000419800000| PB 0x0000000419800000| Untracked 
|  52|0x000000041a000000, 0x000000041a000000, 0x000000041a800000|  0%| F|  |TAMS 0x000000041a000000| PB 0x000000041a000000| Untracked 
|  53|0x000000041a800000, 0x000000041a800000, 0x000000041b000000|  0%| F|  |TAMS 0x000000041a800000| PB 0x000000041a800000| Untracked 
|  54|0x000000041b000000, 0x000000041b000000, 0x000000041b800000|  0%| F|  |TAMS 0x000000041b000000| PB 0x000000041b000000| Untracked 
|  55|0x000000041b800000, 0x000000041b800000, 0x000000041c000000|  0%| F|  |TAMS 0x000000041b800000| PB 0x000000041b800000| Untracked 
|  56|0x000000041c000000, 0x000000041c000000, 0x000000041c800000|  0%| F|  |TAMS 0x000000041c000000| PB 0x000000041c000000| Untracked 
|  57|0x000000041c800000, 0x000000041c800000, 0x000000041d000000|  0%| F|  |TAMS 0x000000041c800000| PB 0x000000041c800000| Untracked 
|  58|0x000000041d000000, 0x000000041d000000, 0x000000041d800000|  0%| F|  |TAMS 0x000000041d000000| PB 0x000000041d000000| Untracked 
|  59|0x000000041d800000, 0x000000041d800000, 0x000000041e000000|  0%| F|  |TAMS 0x000000041d800000| PB 0x000000041d800000| Untracked 
|  60|0x000000041e000000, 0x000000041e000000, 0x000000041e800000|  0%| F|  |TAMS 0x000000041e000000| PB 0x000000041e000000| Untracked 
|  61|0x000000041e800000, 0x000000041e800000, 0x000000041f000000|  0%| F|  |TAMS 0x000000041e800000| PB 0x000000041e800000| Untracked 
|  62|0x000000041f000000, 0x000000041f000000, 0x000000041f800000|  0%| F|  |TAMS 0x000000041f000000| PB 0x000000041f000000| Untracked 
|  63|0x000000041f800000, 0x000000041f800000, 0x0000000420000000|  0%| F|  |TAMS 0x000000041f800000| PB 0x000000041f800000| Untracked 
|  64|0x0000000420000000, 0x0000000420000000, 0x0000000420800000|  0%| F|  |TAMS 0x0000000420000000| PB 0x0000000420000000| Untracked 
|  65|0x0000000420800000, 0x0000000420800000, 0x0000000421000000|  0%| F|  |TAMS 0x0000000420800000| PB 0x0000000420800000| Untracked 
|  66|0x0000000421000000, 0x0000000421000000, 0x0000000421800000|  0%| F|  |TAMS 0x0000000421000000| PB 0x0000000421000000| Untracked 
|  67|0x0000000421800000, 0x0000000421800000, 0x0000000422000000|  0%| F|  |TAMS 0x0000000421800000| PB 0x0000000421800000| Untracked 
|  68|0x0000000422000000, 0x0000000422000000, 0x0000000422800000|  0%| F|  |TAMS 0x0000000422000000| PB 0x0000000422000000| Untracked 
|  69|0x0000000422800000, 0x0000000422800000, 0x0000000423000000|  0%| F|  |TAMS 0x0000000422800000| PB 0x0000000422800000| Untracked 
|  70|0x0000000423000000, 0x0000000423000000, 0x0000000423800000|  0%| F|  |TAMS 0x0000000423000000| PB 0x0000000423000000| Untracked 
|  71|0x0000000423800000, 0x0000000423800000, 0x0000000424000000|  0%| F|  |TAMS 0x0000000423800000| PB 0x0000000423800000| Untracked 
|  72|0x0000000424000000, 0x0000000424000000, 0x0000000424800000|  0%| F|  |TAMS 0x0000000424000000| PB 0x0000000424000000| Untracked 
|  73|0x0000000424800000, 0x0000000424800000, 0x0000000425000000|  0%| F|  |TAMS 0x0000000424800000| PB 0x0000000424800000| Untracked 
|  74|0x0000000425000000, 0x0000000425000000, 0x0000000425800000|  0%| F|  |TAMS 0x0000000425000000| PB 0x0000000425000000| Untracked 
|  75|0x0000000425800000, 0x0000000425800000, 0x0000000426000000|  0%| F|  |TAMS 0x0000000425800000| PB 0x0000000425800000| Untracked 
|  76|0x0000000426000000, 0x0000000426000000, 0x0000000426800000|  0%| F|  |TAMS 0x0000000426000000| PB 0x0000000426000000| Untracked 
|  77|0x0000000426800000, 0x0000000426800000, 0x0000000427000000|  0%| F|  |TAMS 0x0000000426800000| PB 0x0000000426800000| Untracked 
|  78|0x0000000427000000, 0x0000000427000000, 0x0000000427800000|  0%| F|  |TAMS 0x0000000427000000| PB 0x0000000427000000| Untracked 
|  79|0x0000000427800000, 0x0000000427800000, 0x0000000428000000|  0%| F|  |TAMS 0x0000000427800000| PB 0x0000000427800000| Untracked 
|  80|0x0000000428000000, 0x0000000428000000, 0x0000000428800000|  0%| F|  |TAMS 0x0000000428000000| PB 0x0000000428000000| Untracked 
|  81|0x0000000428800000, 0x0000000428800000, 0x0000000429000000|  0%| F|  |TAMS 0x0000000428800000| PB 0x0000000428800000| Untracked 
|  82|0x0000000429000000, 0x0000000429000000, 0x0000000429800000|  0%| F|  |TAMS 0x0000000429000000| PB 0x0000000429000000| Untracked 
|  83|0x0000000429800000, 0x0000000429800000, 0x000000042a000000|  0%| F|  |TAMS 0x0000000429800000| PB 0x0000000429800000| Untracked 
|  84|0x000000042a000000, 0x000000042a000000, 0x000000042a800000|  0%| F|  |TAMS 0x000000042a000000| PB 0x000000042a000000| Untracked 
|  85|0x000000042a800000, 0x000000042a800000, 0x000000042b000000|  0%| F|  |TAMS 0x000000042a800000| PB 0x000000042a800000| Untracked 
|  86|0x000000042b000000, 0x000000042b000000, 0x000000042b800000|  0%| F|  |TAMS 0x000000042b000000| PB 0x000000042b000000| Untracked 
|  87|0x000000042b800000, 0x000000042b800000, 0x000000042c000000|  0%| F|  |TAMS 0x000000042b800000| PB 0x000000042b800000| Untracked 
|  88|0x000000042c000000, 0x000000042c000000, 0x000000042c800000|  0%| F|  |TAMS 0x000000042c000000| PB 0x000000042c000000| Untracked 
|  89|0x000000042c800000, 0x000000042c800000, 0x000000042d000000|  0%| F|  |TAMS 0x000000042c800000| PB 0x000000042c800000| Untracked 
|  90|0x000000042d000000, 0x000000042d000000, 0x000000042d800000|  0%| F|  |TAMS 0x000000042d000000| PB 0x000000042d000000| Untracked 
|  91|0x000000042d800000, 0x000000042d800000, 0x000000042e000000|  0%| F|  |TAMS 0x000000042d800000| PB 0x000000042d800000| Untracked 
|  92|0x000000042e000000, 0x000000042e000000, 0x000000042e800000|  0%| F|  |TAMS 0x000000042e000000| PB 0x000000042e000000| Untracked 
|  93|0x000000042e800000, 0x000000042e800000, 0x000000042f000000|  0%| F|  |TAMS 0x000000042e800000| PB 0x000000042e800000| Untracked 
|  94|0x000000042f000000, 0x000000042f000000, 0x000000042f800000|  0%| F|  |TAMS 0x000000042f000000| PB 0x000000042f000000| Untracked 
|  95|0x000000042f800000, 0x000000042f800000, 0x0000000430000000|  0%| F|  |TAMS 0x000000042f800000| PB 0x000000042f800000| Untracked 
|  96|0x0000000430000000, 0x0000000430000000, 0x0000000430800000|  0%| F|  |TAMS 0x0000000430000000| PB 0x0000000430000000| Untracked 
|  97|0x0000000430800000, 0x0000000430800000, 0x0000000431000000|  0%| F|  |TAMS 0x0000000430800000| PB 0x0000000430800000| Untracked 
|  98|0x0000000431000000, 0x0000000431000000, 0x0000000431800000|  0%| F|  |TAMS 0x0000000431000000| PB 0x0000000431000000| Untracked 
|  99|0x0000000431800000, 0x0000000431800000, 0x0000000432000000|  0%| F|  |TAMS 0x0000000431800000| PB 0x0000000431800000| Untracked 
| 100|0x0000000432000000, 0x0000000432000000, 0x0000000432800000|  0%| F|  |TAMS 0x0000000432000000| PB 0x0000000432000000| Untracked 
| 101|0x0000000432800000, 0x0000000432800000, 0x0000000433000000|  0%| F|  |TAMS 0x0000000432800000| PB 0x0000000432800000| Untracked 
| 102|0x0000000433000000, 0x0000000433000000, 0x0000000433800000|  0%| F|  |TAMS 0x0000000433000000| PB 0x0000000433000000| Untracked 
| 103|0x0000000433800000, 0x0000000433800000, 0x0000000434000000|  0%| F|  |TAMS 0x0000000433800000| PB 0x0000000433800000| Untracked 
| 104|0x0000000434000000, 0x0000000434000000, 0x0000000434800000|  0%| F|  |TAMS 0x0000000434000000| PB 0x0000000434000000| Untracked 
| 105|0x0000000434800000, 0x0000000434800000, 0x0000000435000000|  0%| F|  |TAMS 0x0000000434800000| PB 0x0000000434800000| Untracked 
| 106|0x0000000435000000, 0x0000000435000000, 0x0000000435800000|  0%| F|  |TAMS 0x0000000435000000| PB 0x0000000435000000| Untracked 
| 107|0x0000000435800000, 0x0000000435800000, 0x0000000436000000|  0%| F|  |TAMS 0x0000000435800000| PB 0x0000000435800000| Untracked 
| 108|0x0000000436000000, 0x0000000436000000, 0x0000000436800000|  0%| F|  |TAMS 0x0000000436000000| PB 0x0000000436000000| Untracked 
| 109|0x0000000436800000, 0x0000000436800000, 0x0000000437000000|  0%| F|  |TAMS 0x0000000436800000| PB 0x0000000436800000| Untracked 
| 110|0x0000000437000000, 0x0000000437000000, 0x0000000437800000|  0%| F|  |TAMS 0x0000000437000000| PB 0x0000000437000000| Untracked 
| 111|0x0000000437800000, 0x0000000437800000, 0x0000000438000000|  0%| F|  |TAMS 0x0000000437800000| PB 0x0000000437800000| Untracked 
| 112|0x0000000438000000, 0x0000000438000000, 0x0000000438800000|  0%| F|  |TAMS 0x0000000438000000| PB 0x0000000438000000| Untracked 
| 113|0x0000000438800000, 0x0000000438800000, 0x0000000439000000|  0%| F|  |TAMS 0x0000000438800000| PB 0x0000000438800000| Untracked 
| 114|0x0000000439000000, 0x0000000439000000, 0x0000000439800000|  0%| F|  |TAMS 0x0000000439000000| PB 0x0000000439000000| Untracked 
| 115|0x0000000439800000, 0x0000000439800000, 0x000000043a000000|  0%| F|  |TAMS 0x0000000439800000| PB 0x0000000439800000| Untracked 
| 116|0x000000043a000000, 0x000000043a000000, 0x000000043a800000|  0%| F|  |TAMS 0x000000043a000000| PB 0x000000043a000000| Untracked 
| 117|0x000000043a800000, 0x000000043a800000, 0x000000043b000000|  0%| F|  |TAMS 0x000000043a800000| PB 0x000000043a800000| Untracked 
| 118|0x000000043b000000, 0x000000043b000000, 0x000000043b800000|  0%| F|  |TAMS 0x000000043b000000| PB 0x000000043b000000| Untracked 
| 119|0x000000043b800000, 0x000000043b800000, 0x000000043c000000|  0%| F|  |TAMS 0x000000043b800000| PB 0x000000043b800000| Untracked 
| 120|0x000000043c000000, 0x000000043c000000, 0x000000043c800000|  0%| F|  |TAMS 0x000000043c000000| PB 0x000000043c000000| Untracked 
| 121|0x000000043c800000, 0x000000043c800000, 0x000000043d000000|  0%| F|  |TAMS 0x000000043c800000| PB 0x000000043c800000| Untracked 
| 122|0x000000043d000000, 0x000000043d000000, 0x000000043d800000|  0%| F|  |TAMS 0x000000043d000000| PB 0x000000043d000000| Untracked 
| 123|0x000000043d800000, 0x000000043d800000, 0x000000043e000000|  0%| F|  |TAMS 0x000000043d800000| PB 0x000000043d800000| Untracked 
| 124|0x000000043e000000, 0x000000043e800000, 0x000000043e800000|100%| E|  |TAMS 0x000000043e000000| PB 0x000000043e000000| Complete 
| 125|0x000000043e800000, 0x000000043f000000, 0x000000043f000000|100%| E|CS|TAMS 0x000000043e800000| PB 0x000000043e800000| Complete 
| 126|0x000000043f000000, 0x000000043f800000, 0x000000043f800000|100%| E|CS|TAMS 0x000000043f000000| PB 0x000000043f000000| Complete 
| 127|0x000000043f800000, 0x0000000440000000, 0x0000000440000000|100%| E|CS|TAMS 0x000000043f800000| PB 0x000000043f800000| Complete 
|2047|0x00000007ff800000, 0x00000007ff903198, 0x0000000800000000| 12%| O|  |TAMS 0x00000007ff800000| PB 0x00000007ff800000| Untracked 

Card table byte_map: [0x000000012511a000,0x000000012711a000] _byte_map_base: 0x000000012311a000

Marking Bits: (CMBitMap*) 0x00007fda3280a610
 Bits: [0x000000012711a000, 0x000000013711a000)

Polling page: 0x00000001087ae000

Metaspace:

Usage:
  Non-class:     12.20 MB used.
      Class:      1.68 MB used.
       Both:     13.88 MB used.

Virtual space:
  Non-class space:       64.00 MB reserved,      12.38 MB ( 19%) committed,  1 nodes.
      Class space:        1.00 GB reserved,       1.75 MB ( <1%) committed,  1 nodes.
             Both:        1.06 GB reserved,      14.12 MB (  1%) committed. 

Chunk freelists:
   Non-Class:  2.97 MB
       Class:  14.19 MB
        Both:  17.16 MB

MaxMetaspaceSize: unlimited
CompressedClassSpaceSize: 1.00 GB
Initial GC threshold: 21.00 MB
Current GC threshold: 21.00 MB
CDS: on
 - commit_granule_bytes: 65536.
 - commit_granule_words: 8192.
 - virtual_space_node_default_size: 8388608.
 - enlarge_chunks_in_place: 1.
 - use_allocation_guard: 0.


Internal statistics:

num_allocs_failed_limit: 0.
num_arena_births: 224.
num_arena_deaths: 0.
num_vsnodes_births: 2.
num_vsnodes_deaths: 0.
num_space_committed: 226.
num_space_uncommitted: 0.
num_chunks_returned_to_freelist: 0.
num_chunks_taken_from_freelist: 362.
num_chunk_merges: 0.
num_chunk_splits: 230.
num_chunks_enlarged: 154.
num_inconsistent_stats: 0.

CodeHeap 'non-profiled nmethods': size=120028Kb used=686Kb max_used=686Kb free=119341Kb
 bounds [0x000000011bbe3000, 0x000000011be53000, 0x000000012311a000]
CodeHeap 'profiled nmethods': size=120028Kb used=3291Kb max_used=3291Kb free=116736Kb
 bounds [0x000000011411a000, 0x000000011445a000, 0x000000011b651000]
CodeHeap 'non-nmethods': size=5704Kb used=1628Kb max_used=1642Kb free=4075Kb
 bounds [0x000000011b651000, 0x000000011b8c1000, 0x000000011bbe3000]
 total_blobs=2492 nmethods=1790 adapters=607
 compilation: enabled
              stopped_count=0, restarted_count=0
 full_count=0

Compilation events (20 events):
Event: 2.841 Thread 0x00007fda3282a800 1780       3       sun.java2d.loops.GraphicsPrimitive::<init> (75 bytes)
Event: 2.841 Thread 0x00007fda3282a800 nmethod 1780 0x000000011444cf90 code [0x000000011444d160, 0x000000011444d730]
Event: 2.843 Thread 0x00007fda3282a800 1781       3       java.util.ImmutableCollections$Set12::<init> (53 bytes)
Event: 2.843 Thread 0x00007fda3282a800 nmethod 1781 0x000000011444d990 code [0x000000011444dc40, 0x000000011444e8a8]
Event: 2.852 Thread 0x00007fda3282a800 1782       3       jdk.internal.org.objectweb.asm.FieldWriter::<init> (69 bytes)
Event: 2.853 Thread 0x00007fda3282a800 nmethod 1782 0x000000011444ed10 code [0x000000011444ef00, 0x000000011444f2d0]
Event: 2.853 Thread 0x00007fda3282a800 1783       3       jdk.internal.org.objectweb.asm.FieldVisitor::<init> (7 bytes)
Event: 2.853 Thread 0x00007fda3282a800 nmethod 1783 0x000000011444f510 code [0x000000011444f6c0, 0x000000011444f808]
Event: 2.853 Thread 0x00007fda3282a800 1784       3       java.lang.invoke.InnerClassLambdaMetafactory::getLoadOpcode (26 bytes)
Event: 2.853 Thread 0x00007fda3282a800 nmethod 1784 0x000000011444f890 code [0x000000011444fa40, 0x000000011444fc58]
Event: 2.853 Thread 0x00007fda3282a800 1785       3       jdk.internal.org.objectweb.asm.MethodVisitor::visitVarInsn (17 bytes)
Event: 2.853 Thread 0x00007fda3282a800 nmethod 1785 0x000000011444fd10 code [0x000000011444fec0, 0x00000001144500d0]
Event: 2.853 Thread 0x00007fda3282a800 1786       3       java.lang.invoke.InnerClassLambdaMetafactory::getParameterSize (27 bytes)
Event: 2.853 Thread 0x00007fda3282a800 nmethod 1786 0x0000000114450190 code [0x0000000114450340, 0x0000000114450550]
Event: 2.860 Thread 0x00007fda3282a000 1788   !   4       jdk.internal.misc.Blocker::begin (97 bytes)
Event: 2.860 Thread 0x00007fda3282a800 1789       3       java.util.zip.CRC32::<init> (5 bytes)
Event: 2.860 Thread 0x00007fda3282a800 nmethod 1789 0x0000000114450610 code [0x00000001144507a0, 0x0000000114450900]
Event: 2.860 Thread 0x00007fda3282a800 1790       3       java.util.zip.CRC32::getValue (10 bytes)
Event: 2.860 Thread 0x00007fda3282a800 nmethod 1790 0x0000000114450990 code [0x0000000114450b20, 0x0000000114450c38]
Event: 2.860 Thread 0x00007fda3282a000 nmethod 1788 0x000000011bc8e210 code [0x000000011bc8e3a0, 0x000000011bc8e468]

GC Heap History (0 events):
No events

Dll operation events (13 events):
Event: 0.007 Loaded shared library /Users/ethan/Library/Java/JavaVirtualMachines/openjdk-21.0.1/Contents/Home/lib/libjava.dylib
Event: 0.067 Loaded shared library /Users/ethan/Library/Java/JavaVirtualMachines/openjdk-21.0.1/Contents/Home/lib/libzip.dylib
Event: 0.069 Loaded shared library /Users/ethan/Library/Java/JavaVirtualMachines/openjdk-21.0.1/Contents/Home/lib/libinstrument.dylib
Event: 0.072 Loaded shared library /Users/ethan/Library/Java/JavaVirtualMachines/openjdk-21.0.1/Contents/Home/lib/libnio.dylib
Event: 0.075 Loaded shared library /Users/ethan/Library/Java/JavaVirtualMachines/openjdk-21.0.1/Contents/Home/lib/libzip.dylib
Event: 0.106 Loaded shared library /Users/ethan/Library/Java/JavaVirtualMachines/openjdk-21.0.1/Contents/Home/lib/libnet.dylib
Event: 0.124 Loaded shared library /Users/ethan/Library/Java/JavaVirtualMachines/openjdk-21.0.1/Contents/Home/lib/libextnet.dylib
Event: 0.128 Loaded shared library /Users/ethan/Library/Java/JavaVirtualMachines/openjdk-21.0.1/Contents/Home/lib/libjimage.dylib
Event: 0.321 Loaded shared library /Users/ethan/Library/Java/JavaVirtualMachines/openjdk-21.0.1/Contents/Home/lib/libawt.dylib
Event: 0.325 Loaded shared library /Users/ethan/Library/Java/JavaVirtualMachines/openjdk-21.0.1/Contents/Home/lib/libawt_lwawt.dylib
Event: 0.345 Loaded shared library /Users/ethan/Library/Java/JavaVirtualMachines/openjdk-21.0.1/Contents/Home/lib/libfontmanager.dylib
Event: 0.556 Loaded shared library /Users/ethan/Library/Java/JavaVirtualMachines/openjdk-21.0.1/Contents/Home/lib/libosxui.dylib
Event: 1.079 Loaded shared library /private/var/folders/zb/hgfqt4_n7_n6_bf0cn_vsq_c0000gp/T/com-weisj-darklaf-nativeutils-darklaf-macos820556898506709216160543141973612774/libdarklaf-macos-x86-64.dylib

Deoptimization events (20 events):
Event: 2.731 Thread 0x00007fda221abe00 DEOPT PACKING pc=0x00000001143d51d1 sp=0x000070000b790d80
Event: 2.731 Thread 0x00007fda221abe00 DEOPT UNPACKING pc=0x000000011b6a572f sp=0x000070000b790218 mode 0
Event: 2.731 Thread 0x00007fda221abe00 DEOPT PACKING pc=0x00000001143d51d1 sp=0x000070000b790d80
Event: 2.731 Thread 0x00007fda221abe00 DEOPT UNPACKING pc=0x000000011b6a572f sp=0x000070000b790218 mode 0
Event: 2.735 Thread 0x00007fda221abe00 DEOPT PACKING pc=0x0000000114404dba sp=0x000070000b790ec0
Event: 2.735 Thread 0x00007fda221abe00 DEOPT UNPACKING pc=0x000000011b6a572f sp=0x000070000b7903d8 mode 0
Event: 2.736 Thread 0x00007fda221abe00 Uncommon trap: trap_request=0xffffff45 fr.pc=0x000000011bc7bf70 relative=0x0000000000000610
Event: 2.736 Thread 0x00007fda221abe00 Uncommon trap: reason=unstable_if action=reinterpret pc=0x000000011bc7bf70 method=sun.awt.image.OffScreenImageSource.sendPixels()V @ 158 c2
Event: 2.736 Thread 0x00007fda221abe00 DEOPT PACKING pc=0x000000011bc7bf70 sp=0x000070000b790f10
Event: 2.736 Thread 0x00007fda221abe00 DEOPT UNPACKING pc=0x000000011b6a4f99 sp=0x000070000b790ed8 mode 2
Event: 2.752 Thread 0x00007fda221abe00 Uncommon trap: trap_request=0xffffff45 fr.pc=0x000000011bc39b18 relative=0x00000000000009b8
Event: 2.752 Thread 0x00007fda221abe00 Uncommon trap: reason=unstable_if action=reinterpret pc=0x000000011bc39b18 method=java.util.Properties$LineReader.readLine()I @ 25 c2
Event: 2.752 Thread 0x00007fda221abe00 DEOPT PACKING pc=0x000000011bc39b18 sp=0x000070000b7903e0
Event: 2.752 Thread 0x00007fda221abe00 DEOPT UNPACKING pc=0x000000011b6a4f99 sp=0x000070000b790370 mode 2
Event: 2.756 Thread 0x00007fda221abe00 Uncommon trap: trap_request=0xffffff45 fr.pc=0x000000011bc352a0 relative=0x00000000000004e0
Event: 2.756 Thread 0x00007fda221abe00 Uncommon trap: reason=unstable_if action=reinterpret pc=0x000000011bc352a0 method=java.util.Properties.loadConvert([CIILjava/lang/StringBuilder;)Ljava/lang/String; @ 26 c2
Event: 2.756 Thread 0x00007fda221abe00 DEOPT PACKING pc=0x000000011bc352a0 sp=0x000070000b7903c0
Event: 2.756 Thread 0x00007fda221abe00 DEOPT UNPACKING pc=0x000000011b6a4f99 sp=0x000070000b790380 mode 2
Event: 2.756 Thread 0x00007fda221abe00 DEOPT PACKING pc=0x00000001142efc6d sp=0x000070000b7901b0
Event: 2.756 Thread 0x00007fda221abe00 DEOPT UNPACKING pc=0x000000011b6a572f sp=0x000070000b78f6e0 mode 0

Classes loaded (20 events):
Event: 2.842 Loading class sun/java2d/metal/MTLSurfaceData$1
Event: 2.842 Loading class sun/java2d/metal/MTLSurfaceData$1 done
Event: 2.843 Loading class sun/java2d/pipe/BufferedPaints
Event: 2.843 Loading class sun/java2d/pipe/BufferedPaints done
Event: 2.846 Loading class java/awt/SequencedEvent
Event: 2.846 Loading class java/awt/SequencedEvent done
Event: 2.846 Loading class java/awt/SequencedEvent$1
Event: 2.846 Loading class sun/awt/AWTAccessor$SequencedEventAccessor
Event: 2.846 Loading class sun/awt/AWTAccessor$SequencedEventAccessor done
Event: 2.846 Loading class java/awt/SequencedEvent$1 done
Event: 2.846 Loading class java/awt/SequencedEvent$2
Event: 2.846 Loading class java/awt/SequencedEvent$2 done
Event: 2.854 Loading class java/awt/peer/LightweightPeer
Event: 2.854 Loading class java/awt/peer/LightweightPeer done
Event: 2.854 Loading class sun/awt/LightweightPeerHolder
Event: 2.854 Loading class sun/awt/LightweightPeerHolder done
Event: 2.854 Loading class sun/awt/NullComponentPeer
Event: 2.854 Loading class java/awt/peer/PanelPeer
Event: 2.854 Loading class java/awt/peer/PanelPeer done
Event: 2.854 Loading class sun/awt/NullComponentPeer done

Classes unloaded (0 events):
No events

Classes redefined (0 events):
No events

Internal exceptions (20 events):
Event: 0.637 Thread 0x00007fda22008200 Exception <a 'java/lang/NoSuchMethodError'{0x000000043f0d89c8}: 'float java.lang.invoke.DirectMethodHandle$Holder.invokeStaticInit(java.lang.Object, float)'> (0x000000043f0d89c8) 
thrown [open/src/hotspot/share/interpreter/linkResolver.cpp, line 773]
Event: 0.686 Thread 0x00007fda22008200 Exception <a 'sun/nio/fs/UnixException'{0x000000043f2d9660}> (0x000000043f2d9660) 
thrown [open/src/hotspot/share/prims/jni.cpp, line 520]
Event: 1.166 Thread 0x00007fda22008200 Exception <a 'java/lang/NoSuchMethodError'{0x000000043f4105b0}: 'java.lang.Object java.lang.invoke.DirectMethodHandle$Holder.invokeVirtual(java.lang.Object, java.lang.Object, java.lang.Object)'> (0x000000043f4105b0) 
thrown [open/src/hotspot/share/interpreter/linkResolver.cpp, line 773]
Event: 1.354 Thread 0x00007fda3285a800 Exception <a 'java/lang/NoSuchMethodError'{0x000000043e834868}: 'java.lang.Object java.lang.invoke.Invokers$Holder.invokeExact_MT(java.lang.Object, java.lang.Object, java.lang.Object, java.lang.Object, java.lang.Object, java.lang.Object)'> (0x000000043e834868) 
thrown [open/src/hotspot/share/interpreter/linkResolver.cpp, line 773]
Event: 1.414 Thread 0x00007fda22008200 Exception <a 'java/lang/NoSuchMethodError'{0x000000043e9273a8}: 'java.lang.Object java.lang.invoke.DirectMethodHandle$Holder.invokeInterface(java.lang.Object, java.lang.Object, java.lang.Object)'> (0x000000043e9273a8) 
thrown [open/src/hotspot/share/interpreter/linkResolver.cpp, line 773]
Event: 2.562 Thread 0x00007fda22008200 Exception <a 'java/lang/NoSuchMethodError'{0x000000043ed9ce58}: 'int java.lang.invoke.DirectMethodHandle$Holder.invokeSpecial(java.lang.Object, java.lang.Object, java.lang.Object)'> (0x000000043ed9ce58) 
thrown [open/src/hotspot/share/interpreter/linkResolver.cpp, line 773]
Event: 2.602 Thread 0x00007fda22008200 Exception <a 'java/lang/NoSuchMethodError'{0x000000043efd73e8}: 'int java.lang.invoke.Invokers$Holder.invokeExact_MT(java.lang.Object, java.lang.Object)'> (0x000000043efd73e8) 
thrown [open/src/hotspot/share/interpreter/linkResolver.cpp, line 773]
Event: 2.618 Thread 0x00007fda22008200 Exception <a 'java/lang/ClassNotFoundException'{0x000000043e072c10}: com/sun/swing/internal/plaf/metal/resources/spi/metalProvider> (0x000000043e072c10) 
thrown [open/src/hotspot/share/classfile/systemDictionary.cpp, line 312]
Event: 2.618 Thread 0x00007fda22008200 Exception <a 'java/lang/ClassNotFoundException'{0x000000043e076698}: com/sun/swing/internal/plaf/basic/resources/spi/basicProvider> (0x000000043e076698) 
thrown [open/src/hotspot/share/classfile/systemDictionary.cpp, line 312]
Event: 2.625 Thread 0x00007fda22008200 Exception <a 'java/lang/NoSuchMethodError'{0x000000043e0def18}: 'java.lang.Object java.lang.invoke.DirectMethodHandle$Holder.invokeSpecial(java.lang.Object, java.lang.Object, int, java.lang.Object, java.lang.Object)'> (0x000000043e0def18) 
thrown [open/src/hotspot/share/interpreter/linkResolver.cpp, line 773]
Event: 2.626 Thread 0x00007fda22008200 Exception <a 'java/lang/NoSuchMethodError'{0x000000043e0e25b0}: 'java.lang.Object java.lang.invoke.Invokers$Holder.linkToTargetMethod(int, java.lang.Object, java.lang.Object, java.lang.Object)'> (0x000000043e0e25b0) 
thrown [open/src/hotspot/share/interpreter/linkResolver.cpp, line 773]
Event: 2.653 Thread 0x00007fda22008200 Exception <a 'java/lang/NoSuchMethodError'{0x000000043e1a9a70}: 'void java.lang.invoke.DirectMethodHandle$Holder.invokeVirtual(java.lang.Object, java.lang.Object)'> (0x000000043e1a9a70) 
thrown [open/src/hotspot/share/interpreter/linkResolver.cpp, line 773]
Event: 2.720 Thread 0x00007fda221abe00 Implicit null exception at 0x000000011bc717cb to 0x000000011bc719dc
Event: 2.802 Thread 0x00007fda221abe00 Exception <a 'java/lang/NoSuchMethodError'{0x000000043e67e780}: 'void java.lang.invoke.Invokers$Holder.invokeExact_MT(java.lang.Object, java.lang.Object, java.lang.Object, java.lang.Object)'> (0x000000043e67e780) 
thrown [open/src/hotspot/share/interpreter/linkResolver.cpp, line 773]
Event: 2.807 Thread 0x00007fda221abe00 Exception <a 'java/lang/NoSuchMethodError'{0x000000043e689e18}: 'java.lang.Object java.lang.invoke.DirectMethodHandle$Holder.newInvokeSpecial(java.lang.Object, java.lang.Object, java.lang.Object, int, java.lang.Object)'> (0x000000043e689e18) 
thrown [open/src/hotspot/share/interpreter/linkResolver.cpp, line 773]
Event: 2.807 Thread 0x00007fda221abe00 Exception <a 'java/lang/NoSuchMethodError'{0x000000043e6914c0}: 'java.lang.Object java.lang.invoke.Invokers$Holder.linkToTargetMethod(java.lang.Object, java.lang.Object, int, java.lang.Object, java.lang.Object)'> (0x000000043e6914c0) 
thrown [open/src/hotspot/share/interpreter/linkResolver.cpp, line 773]
Event: 2.826 Thread 0x00007fda221abe00 Exception <a 'java/lang/NoSuchMethodError'{0x000000043e695248}: 'void java.lang.invoke.DirectMethodHandle$Holder.invokeStatic(java.lang.Object, int, long)'> (0x000000043e695248) 
thrown [open/src/hotspot/share/interpreter/linkResolver.cpp, line 773]
Event: 2.833 Thread 0x00007fda221abe00 Exception <a 'java/lang/NoSuchMethodError'{0x000000043e6b4ce0}: 'java.lang.Object java.lang.invoke.Invokers$Holder.linkToTargetMethod(int, int, int, int, java.lang.Object)'> (0x000000043e6b4ce0) 
thrown [open/src/hotspot/share/interpreter/linkResolver.cpp, line 773]
Event: 2.834 Thread 0x00007fda221abe00 Exception <a 'java/lang/NoSuchMethodError'{0x000000043e6b86b8}: 'void java.lang.invoke.DirectMethodHandle$Holder.invokeStatic(java.lang.Object, java.lang.Object, long)'> (0x000000043e6b86b8) 
thrown [open/src/hotspot/share/interpreter/linkResolver.cpp, line 773]
Event: 2.862 Thread 0x00007fda32826c00 Exception <a 'java/lang/NoSuchMethodError'{0x000000043e6d1768}: 'void java.lang.invoke.DirectMethodHandle$Holder.invokeStatic(java.lang.Object, long)'> (0x000000043e6d1768) 
thrown [open/src/hotspot/share/interpreter/linkResolver.cpp, line 773]

ZGC Phase Switch (0 events):
No events

VM Operations (20 events):
Event: 0.557 Executing VM operation: HandshakeAllThreads (Deoptimize)
Event: 0.557 Executing VM operation: HandshakeAllThreads (Deoptimize) done
Event: 0.662 Executing VM operation: HandshakeAllThreads (Deoptimize)
Event: 0.662 Executing VM operation: HandshakeAllThreads (Deoptimize) done
Event: 1.186 Executing VM operation: Cleanup
Event: 1.186 Executing VM operation: Cleanup done
Event: 2.188 Executing VM operation: Cleanup
Event: 2.188 Executing VM operation: Cleanup done
Event: 2.644 Executing VM operation: HandshakeAllThreads (Deoptimize)
Event: 2.644 Executing VM operation: HandshakeAllThreads (Deoptimize) done
Event: 2.766 Executing VM operation: ICBufferFull
Event: 2.767 Executing VM operation: ICBufferFull done
Event: 2.778 Executing VM operation: HandshakeAllThreads (Deoptimize)
Event: 2.778 Executing VM operation: HandshakeAllThreads (Deoptimize) done
Event: 2.789 Executing VM operation: HandshakeAllThreads (Deoptimize)
Event: 2.789 Executing VM operation: HandshakeAllThreads (Deoptimize) done
Event: 2.798 Executing VM operation: HandshakeAllThreads (Deoptimize)
Event: 2.798 Executing VM operation: HandshakeAllThreads (Deoptimize) done
Event: 2.798 Executing VM operation: HandshakeAllThreads (Deoptimize)
Event: 2.798 Executing VM operation: HandshakeAllThreads (Deoptimize) done

Events (20 events):
Event: 1.186 Thread 0x00007fda3285a800 Thread added: 0x00007fda3285a800
Event: 1.186 Protecting memory [0x000070000b389000,0x000070000b38d000] with protection modes 0
Event: 1.378 Thread 0x00007fda20835600 Thread added: 0x00007fda20835600
Event: 1.378 Protecting memory [0x000070000b48c000,0x000070000b490000] with protection modes 0
Event: 2.098 Protecting memory [0x000070000aef7000,0x000070000aefb000] with protection modes 3
Event: 2.098 Thread 0x00007fda21808200 Thread exited: 0x00007fda21808200
Event: 2.255 Protecting memory [0x000070000b48c000,0x000070000b490000] with protection modes 3
Event: 2.255 Thread 0x00007fda20835600 Thread exited: 0x00007fda20835600
Event: 2.531 Thread 0x00007fda0104ac00 Thread added: 0x00007fda0104ac00
Event: 2.531 Protecting memory [0x000070000aef7000,0x000070000aefb000] with protection modes 0
Event: 2.584 Thread 0x00007fda308a1000 Thread added: 0x00007fda308a1000
Event: 2.584 Protecting memory [0x000070000b48c000,0x000070000b490000] with protection modes 0
Event: 2.650 Thread 0x00007fda22110e00 Thread added: 0x00007fda22110e00
Event: 2.650 Protecting memory [0x000070000b58f000,0x000070000b593000] with protection modes 0
Event: 2.650 Thread 0x00007fda221abe00 Thread added: 0x00007fda221abe00
Event: 2.650 Protecting memory [0x000070000b692000,0x000070000b696000] with protection modes 0
Event: 2.654 Protecting memory [0x0000700009b38000,0x0000700009b3c000] with protection modes 3
Event: 2.654 Thread 0x00007fda22008200 Thread exited: 0x00007fda22008200
Event: 2.654 Protecting memory [0x0000700009b38000,0x0000700009b3c000] with protection modes 0
Event: 2.654 Thread 0x00007fda32923000 Thread added: 0x00007fda32923000


Dynamic libraries:
0x00000001087b1000 	/Users/ethan/Library/Java/JavaVirtualMachines/openjdk-21.0.1/Contents/Home/lib/libjli.dylib
0x00007ff81ab72000 	/usr/lib/libz.1.dylib
0x00007ff81ac52000 	/usr/lib/libSystem.B.dylib
0x00007ff81ac4d000 	/usr/lib/system/libcache.dylib
0x00007ff81ac09000 	/usr/lib/system/libcommonCrypto.dylib
0x00007ff81ac32000 	/usr/lib/system/libcompiler_rt.dylib
0x00007ff81ac28000 	/usr/lib/system/libcopyfile.dylib
0x00007ff80fbdf000 	/usr/lib/system/libcorecrypto.dylib
0x00007ff80fc9d000 	/usr/lib/system/libdispatch.dylib
0x00007ff80fe5d000 	/usr/lib/system/libdyld.dylib
0x00007ff81ac44000 	/usr/lib/system/libkeymgr.dylib
0x00007ff81abe7000 	/usr/lib/system/libmacho.dylib
0x00007ff81a268000 	/usr/lib/system/libquarantine.dylib
0x00007ff81ac42000 	/usr/lib/system/libremovefile.dylib
0x00007ff814df3000 	/usr/lib/system/libsystem_asl.dylib
0x00007ff80fb88000 	/usr/lib/system/libsystem_blocks.dylib
0x00007ff80fd21000 	/usr/lib/system/libsystem_c.dylib
0x00007ff81ac3a000 	/usr/lib/system/libsystem_collections.dylib
0x00007ff81951c000 	/usr/lib/system/libsystem_configuration.dylib
0x00007ff8187c5000 	/usr/lib/system/libsystem_containermanager.dylib
0x00007ff81a91f000 	/usr/lib/system/libsystem_coreservices.dylib
0x00007ff812494000 	/usr/lib/system/libsystem_darwin.dylib
0x00007ff81ac45000 	/usr/lib/system/libsystem_dnssd.dylib
0x00007ff80fd1e000 	/usr/lib/system/libsystem_featureflags.dylib
0x00007ff80fe73000 	/usr/lib/system/libsystem_info.dylib
0x00007ff81ab85000 	/usr/lib/system/libsystem_m.dylib
0x00007ff80fc71000 	/usr/lib/system/libsystem_malloc.dylib
0x00007ff814d8e000 	/usr/lib/system/libsystem_networkextension.dylib
0x00007ff8128ba000 	/usr/lib/system/libsystem_notify.dylib
0x00007ff820ec5000 	/usr/lib/system/libsystem_product_info_filter.dylib
0x00007ff819520000 	/usr/lib/system/libsystem_sandbox.dylib
0x00007ff81ac3f000 	/usr/lib/system/libsystem_secinit.dylib
0x00007ff80fe19000 	/usr/lib/system/libsystem_kernel.dylib
0x00007ff80fe69000 	/usr/lib/system/libsystem_platform.dylib
0x00007ff80fe51000 	/usr/lib/system/libsystem_pthread.dylib
0x00007ff816641000 	/usr/lib/system/libsystem_symptoms.dylib
0x00007ff80fbc6000 	/usr/lib/system/libsystem_trace.dylib
0x00007ff81ac15000 	/usr/lib/system/libunwind.dylib
0x00007ff80fb8a000 	/usr/lib/system/libxpc.dylib
0x00007ff80fe03000 	/usr/lib/libc++abi.dylib
0x00007ff80fce4000 	/usr/lib/libobjc.A.dylib
0x00007ff81ac20000 	/usr/lib/liboah.dylib
0x00007ff80fdaa000 	/usr/lib/libc++.1.dylib
0x00007ff826ccb000 	/System/Library/Frameworks/Cocoa.framework/Versions/A/Cocoa
0x00007ff812918000 	/System/Library/Frameworks/AppKit.framework/Versions/C/AppKit
0x00007ff815e2f000 	/System/Library/Frameworks/CoreData.framework/Versions/A/CoreData
0x00007ff810d1b000 	/System/Library/Frameworks/Foundation.framework/Versions/C/Foundation
0x00007ff8137a8000 	/System/Library/PrivateFrameworks/UIFoundation.framework/Versions/A/UIFoundation
0x00007ff820bc8000 	/System/Library/PrivateFrameworks/RemoteViewServices.framework/Versions/A/RemoteViewServices
0x00007ff818ea6000 	/System/Library/PrivateFrameworks/XCTTargetBootstrap.framework/Versions/A/XCTTargetBootstrap
0x00007ff81ca5e000 	/System/Library/PrivateFrameworks/InternationalSupport.framework/Versions/A/InternationalSupport
0x00007ff81cae8000 	/System/Library/PrivateFrameworks/UserActivity.framework/Versions/A/UserActivity
0x00007ff81be3a000 	/usr/lib/libspindump.dylib
0x00007ff813a37000 	/System/Library/Frameworks/UniformTypeIdentifiers.framework/Versions/A/UniformTypeIdentifiers
0x00007ff8175ca000 	/usr/lib/libapp_launch_measurement.dylib
0x00007ff816801000 	/System/Library/PrivateFrameworks/CoreAnalytics.framework/Versions/A/CoreAnalytics
0x00007ff8175cd000 	/System/Library/PrivateFrameworks/CoreAutoLayout.framework/Versions/A/CoreAutoLayout
0x00007ff8187fd000 	/System/Library/Frameworks/Metal.framework/Versions/A/Metal
0x00007ff81952c000 	/usr/lib/liblangid.dylib
0x00007ff818eab000 	/System/Library/PrivateFrameworks/CoreSVG.framework/Versions/A/CoreSVG
0x00007ff814e23000 	/System/Library/PrivateFrameworks/SkyLight.framework/Versions/A/SkyLight
0x00007ff8151c2000 	/System/Library/Frameworks/CoreGraphics.framework/Versions/A/CoreGraphics
0x00007ff821288000 	/System/Library/Frameworks/Accelerate.framework/Versions/A/Accelerate
0x00007ff81b8b9000 	/System/Library/PrivateFrameworks/IconServices.framework/Versions/A/IconServices
0x00007ff8187e2000 	/System/Library/Frameworks/IOSurface.framework/Versions/A/IOSurface
0x00007ff81682f000 	/usr/lib/libDiagnosticMessagesClient.dylib
0x00007ff82496f000 	/System/Library/Frameworks/ApplicationServices.framework/Versions/A/ApplicationServices
0x00007ff818e92000 	/System/Library/PrivateFrameworks/DFRFoundation.framework/Versions/A/DFRFoundation
0x00007ff812200000 	/usr/lib/libicucore.A.dylib
0x00007ff81d854000 	/System/Library/Frameworks/AudioToolbox.framework/Versions/A/AudioToolbox
0x00007ff81ca6a000 	/System/Library/PrivateFrameworks/DataDetectorsCore.framework/Versions/A/DataDetectorsCore
0x00007ff918f69000 	/System/Library/PrivateFrameworks/TextInput.framework/Versions/A/TextInput
0x00007ff814da6000 	/usr/lib/libMobileGestalt.dylib
0x00007ff818b9e000 	/System/Library/Frameworks/Carbon.framework/Versions/A/Frameworks/HIToolbox.framework/Versions/A/HIToolbox
0x00007ff816fcc000 	/System/Library/Frameworks/QuartzCore.framework/Versions/A/QuartzCore
0x00007ff811ea5000 	/System/Library/Frameworks/Security.framework/Versions/A/Security
0x00007ff820c00000 	/System/Library/Frameworks/Carbon.framework/Versions/A/Frameworks/SpeechRecognition.framework/Versions/A/SpeechRecognition
0x00007ff81732a000 	/System/Library/PrivateFrameworks/CoreUI.framework/Versions/A/CoreUI
0x00007ff81176f000 	/System/Library/Frameworks/CoreAudio.framework/Versions/A/CoreAudio
0x00007ff81691e000 	/System/Library/Frameworks/DiskArbitration.framework/Versions/A/DiskArbitration
0x00007ff81c22a000 	/System/Library/PrivateFrameworks/MultitouchSupport.framework/Versions/A/MultitouchSupport
0x00007ff814da5000 	/usr/lib/libenergytrace.dylib
0x00007ff812804000 	/System/Library/Frameworks/IOKit.framework/Versions/A/IOKit
0x00007ff820ff0000 	/System/Library/Frameworks/CoreServices.framework/Versions/A/CoreServices
0x00007ff817564000 	/System/Library/PrivateFrameworks/PerformanceAnalysis.framework/Versions/A/PerformanceAnalysis
0x00007ffa28c41000 	/System/Library/Frameworks/OpenGL.framework/Versions/A/OpenGL
0x00007ff81a18e000 	/System/Library/PrivateFrameworks/MobileKeyBag.framework/Versions/A/MobileKeyBag
0x00007ff81588e000 	/System/Library/Frameworks/ColorSync.framework/Versions/A/ColorSync
0x00007ff80fe9e000 	/System/Library/Frameworks/CoreFoundation.framework/Versions/A/CoreFoundation
0x00007ff819122000 	/System/Library/Frameworks/CoreImage.framework/Versions/A/CoreImage
0x00007ff811583000 	/System/Library/Frameworks/CoreText.framework/Versions/A/CoreText
0x00007ff818edb000 	/System/Library/Frameworks/ImageIO.framework/Versions/A/ImageIO
0x00007ff81ac58000 	/System/Library/PrivateFrameworks/SoftLinking.framework/Versions/A/SoftLinking
0x00007ff817615000 	/usr/lib/libxml2.2.dylib
0x00007ff81aedc000 	/usr/lib/libcompression.dylib
0x00007ff81c991000 	/System/Library/PrivateFrameworks/TextureIO.framework/Versions/A/TextureIO
0x00007ff81b5ca000 	/usr/lib/libate.dylib
0x00007ff81b3a6000 	/usr/lib/liblzma.5.dylib
0x00007ff810a2d000 	/System/Library/Frameworks/SystemConfiguration.framework/Versions/A/SystemConfiguration
0x00007ff81ac54000 	/usr/lib/libfakelink.dylib
0x00007ff8148fe000 	/System/Library/Frameworks/CFNetwork.framework/Versions/A/CFNetwork
0x00007ff81ad95000 	/usr/lib/libarchive.2.dylib
0x00007ff819528000 	/System/Library/PrivateFrameworks/AppleSystemInfo.framework/Versions/A/AppleSystemInfo
0x00007ff81a28f000 	/usr/lib/libbsm.0.dylib
0x00007ff813f0d000 	/usr/lib/libnetwork.dylib
0x00007ff81abed000 	/usr/lib/system/libkxld.dylib
0x00007ff819ec2000 	/System/Library/PrivateFrameworks/IOMobileFramebuffer.framework/Versions/A/IOMobileFramebuffer
0x00007ffb2861f000 	/usr/lib/libCoreEntitlements.dylib
0x00007ff81a901000 	/System/Library/PrivateFrameworks/AppleFSCompression.framework/Versions/A/AppleFSCompression
0x00007ff81a277000 	/usr/lib/libcoretls.dylib
0x00007ff81b3c0000 	/usr/lib/libcoretls_cfhelpers.dylib
0x00007ff81aed7000 	/usr/lib/libpam.2.dylib
0x00007ff816260000 	/usr/lib/libsqlite3.dylib
0x00007ff81b42f000 	/usr/lib/libxar.1.dylib
0x00007ff81a911000 	/usr/lib/libbz2.1.0.dylib
0x00007ff81ac59000 	/usr/lib/libpcap.A.dylib
0x00007ff816639000 	/usr/lib/libdns_services.dylib
0x00007ff81aea7000 	/usr/lib/libapple_nghttp2.dylib
0x00007ff81ac93000 	/usr/lib/libiconv.2.dylib
0x00007ff81abe6000 	/usr/lib/libcharset.1.dylib
0x00007ff817598000 	/System/Library/Frameworks/CoreServices.framework/Versions/A/Frameworks/FSEvents.framework/Versions/A/FSEvents
0x00007ff81249e000 	/System/Library/Frameworks/CoreServices.framework/Versions/A/Frameworks/CarbonCore.framework/Versions/A/CarbonCore
0x00007ff816882000 	/System/Library/Frameworks/CoreServices.framework/Versions/A/Frameworks/Metadata.framework/Versions/A/Metadata
0x00007ff81a924000 	/System/Library/Frameworks/CoreServices.framework/Versions/A/Frameworks/OSServices.framework/Versions/A/OSServices
0x00007ff81ae1c000 	/System/Library/Frameworks/CoreServices.framework/Versions/A/Frameworks/SearchKit.framework/Versions/A/SearchKit
0x00007ff8165cb000 	/System/Library/Frameworks/CoreServices.framework/Versions/A/Frameworks/AE.framework/Versions/A/AE
0x00007ff8103a1000 	/System/Library/Frameworks/CoreServices.framework/Versions/A/Frameworks/LaunchServices.framework/Versions/A/LaunchServices
0x00007ff81b357000 	/System/Library/Frameworks/CoreServices.framework/Versions/A/Frameworks/DictionaryServices.framework/Versions/A/DictionaryServices
0x00007ff8175a5000 	/System/Library/Frameworks/CoreServices.framework/Versions/A/Frameworks/SharedFileList.framework/Versions/A/SharedFileList
0x00007ff81a26b000 	/usr/lib/libCheckFix.dylib
0x00007ff814e0a000 	/System/Library/PrivateFrameworks/TCC.framework/Versions/A/TCC
0x00007ff81952e000 	/System/Library/PrivateFrameworks/CoreNLP.framework/Versions/A/CoreNLP
0x00007ff816832000 	/System/Library/PrivateFrameworks/MetadataUtilities.framework/Versions/A/MetadataUtilities
0x00007ff810ade000 	/usr/lib/libmecabra.dylib
0x00007ff81a29f000 	/usr/lib/libmecab.dylib
0x00007ff810aa9000 	/usr/lib/libCRFSuite.dylib
0x00007ff81a2f9000 	/usr/lib/libgermantok.dylib
0x00007ff81ae82000 	/usr/lib/libThaiTokenizer.dylib
0x00007ff816925000 	/System/Library/Frameworks/Accelerate.framework/Versions/A/Frameworks/vImage.framework/Versions/A/vImage
0x00007ff820fc7000 	/System/Library/Frameworks/Accelerate.framework/Versions/A/Frameworks/vecLib.framework/Versions/A/vecLib
0x00007ff81b470000 	/System/Library/Frameworks/Accelerate.framework/Versions/A/Frameworks/vecLib.framework/Versions/A/libvMisc.dylib
0x00007ff819ced000 	/System/Library/Frameworks/Accelerate.framework/Versions/A/Frameworks/vecLib.framework/Versions/A/libvDSP.dylib
0x00007ff81071d000 	/System/Library/Frameworks/Accelerate.framework/Versions/A/Frameworks/vecLib.framework/Versions/A/libBLAS.dylib
0x00007ff81afb9000 	/System/Library/Frameworks/Accelerate.framework/Versions/A/Frameworks/vecLib.framework/Versions/A/libLAPACK.dylib
0x00007ff81a2fc000 	/System/Library/Frameworks/Accelerate.framework/Versions/A/Frameworks/vecLib.framework/Versions/A/libLinearAlgebra.dylib
0x00007ff81aebf000 	/System/Library/Frameworks/Accelerate.framework/Versions/A/Frameworks/vecLib.framework/Versions/A/libSparseBLAS.dylib
0x00007ff81afb3000 	/System/Library/Frameworks/Accelerate.framework/Versions/A/Frameworks/vecLib.framework/Versions/A/libQuadrature.dylib
0x00007ff819619000 	/System/Library/Frameworks/Accelerate.framework/Versions/A/Frameworks/vecLib.framework/Versions/A/libBNNS.dylib
0x00007ff8109b7000 	/System/Library/Frameworks/Accelerate.framework/Versions/A/Frameworks/vecLib.framework/Versions/A/libSparse.dylib
0x00007ff819612000 	/System/Library/PrivateFrameworks/LinguisticData.framework/Versions/A/LinguisticData
0x00007ff81096d000 	/System/Library/PrivateFrameworks/Lexicon.framework/Versions/A/Lexicon
0x00007ff81b469000 	/usr/lib/libChineseTokenizer.dylib
0x00007ff8110d8000 	/System/Library/PrivateFrameworks/LanguageModeling.framework/Versions/A/LanguageModeling
0x00007ff81ae84000 	/System/Library/PrivateFrameworks/AppleSauce.framework/Versions/A/AppleSauce
0x00007ff819eb0000 	/System/Library/PrivateFrameworks/CoreEmoji.framework/Versions/A/CoreEmoji
0x00007ff81ad84000 	/usr/lib/libcmph.dylib
0x00007ff81757c000 	/System/Library/Frameworks/OpenDirectory.framework/Versions/A/Frameworks/CFOpenDirectory.framework/Versions/A/CFOpenDirectory
0x00007ff817570000 	/System/Library/Frameworks/OpenDirectory.framework/Versions/A/OpenDirectory
0x00007ff81b3c2000 	/System/Library/PrivateFrameworks/APFS.framework/Versions/A/APFS
0x00007ff81a1c6000 	/System/Library/Frameworks/SecurityFoundation.framework/Versions/A/SecurityFoundation
0x00007ff81b43d000 	/usr/lib/libutil.dylib
0x00007ff8127c8000 	/System/Library/PrivateFrameworks/CoreServicesStore.framework/Versions/A/CoreServicesStore
0x00007ff81b441000 	/usr/lib/libxslt.1.dylib
0x00007ff81a253000 	/System/Library/PrivateFrameworks/BackgroundTaskManagement.framework/Versions/A/BackgroundTaskManagement
0x00007ff81c8b1000 	/System/Library/Frameworks/ImageIO.framework/Versions/A/Resources/libRadiance.dylib
0x00007ff81c8ba000 	/System/Library/Frameworks/ImageIO.framework/Versions/A/Resources/libJPEG.dylib
0x00007ff81c809000 	/System/Library/Frameworks/ImageIO.framework/Versions/A/Resources/libPng.dylib
0x00007ff81c82a000 	/System/Library/Frameworks/ImageIO.framework/Versions/A/Resources/libTIFF.dylib
0x00007ff81c91a000 	/System/Library/Frameworks/ImageIO.framework/Versions/A/Resources/libGIF.dylib
0x00007ff81c144000 	/System/Library/Frameworks/ImageIO.framework/Versions/A/Resources/libJP2.dylib
0x00007ff81b87f000 	/usr/lib/libexpat.1.dylib
0x00007ff81c0f9000 	/System/Library/PrivateFrameworks/AppleJPEG.framework/Versions/A/AppleJPEG
0x00007ff818a62000 	/System/Library/PrivateFrameworks/FontServices.framework/libFontParser.dylib
0x00007ff816575000 	/System/Library/PrivateFrameworks/RunningBoardServices.framework/Versions/A/RunningBoardServices
0x00007ff827286000 	/System/Library/PrivateFrameworks/IOSurfaceAccelerator.framework/Versions/A/IOSurfaceAccelerator
0x00007ff81c226000 	/System/Library/PrivateFrameworks/WatchdogClient.framework/Versions/A/WatchdogClient
0x00007ff8111c6000 	/System/Library/Frameworks/CoreDisplay.framework/Versions/A/CoreDisplay
0x00007ff818960000 	/System/Library/Frameworks/CoreMedia.framework/Versions/A/CoreMedia
0x00007ff8187f4000 	/System/Library/PrivateFrameworks/IOAccelerator.framework/Versions/A/IOAccelerator
0x00007ff8176f9000 	/System/Library/Frameworks/CoreVideo.framework/Versions/A/CoreVideo
0x00007ff81aed5000 	/System/Library/Frameworks/MetalPerformanceShaders.framework/Versions/A/MetalPerformanceShaders
0x00007ff81c263000 	/System/Library/Frameworks/VideoToolbox.framework/Versions/A/VideoToolbox
0x00007ff8164bf000 	/System/Library/PrivateFrameworks/BaseBoard.framework/Versions/A/BaseBoard
0x00007ff816246000 	/System/Library/PrivateFrameworks/ProtocolBuffer.framework/Versions/A/ProtocolBuffer
0x00007ff81c8aa000 	/System/Library/PrivateFrameworks/GPUWrangler.framework/Versions/A/GPUWrangler
0x00007ff81c88e000 	/System/Library/PrivateFrameworks/IOPresentment.framework/Versions/A/IOPresentment
0x00007ff81c8b4000 	/System/Library/PrivateFrameworks/DSExternalDisplay.framework/Versions/A/DSExternalDisplay
0x00007ffa28c35000 	/System/Library/Frameworks/OpenGL.framework/Versions/A/Libraries/libCoreFSCache.dylib
0x00007ffb15d0e000 	/System/Library/PrivateFrameworks/GPUCompiler.framework/Versions/31001/Libraries/libGPUCompilerUtils.dylib
0x00007ff81c91f000 	/System/Library/PrivateFrameworks/CMCaptureCore.framework/Versions/A/CMCaptureCore
0x00007ff81be28000 	/System/Library/PrivateFrameworks/AppServerSupport.framework/Versions/A/AppServerSupport
0x00007ff81e0ed000 	/System/Library/PrivateFrameworks/perfdata.framework/Versions/A/perfdata
0x00007ff8112f2000 	/System/Library/PrivateFrameworks/AudioToolboxCore.framework/Versions/A/AudioToolboxCore
0x00007ff81893e000 	/System/Library/PrivateFrameworks/caulk.framework/Versions/A/caulk
0x00007ff81d9ff000 	/usr/lib/libAudioStatistics.dylib
0x00007ff9156f3000 	/System/Library/PrivateFrameworks/SystemPolicy.framework/Versions/A/SystemPolicy
0x00007ff81dc5a000 	/usr/lib/libSMC.dylib
0x00007ff826b7e000 	/System/Library/Frameworks/CoreMIDI.framework/Versions/A/CoreMIDI
0x00007ff81c7d8000 	/usr/lib/libAudioToolboxUtility.dylib
0x00007ff91191b000 	/System/Library/PrivateFrameworks/OSAServicesClient.framework/Versions/A/OSAServicesClient
0x00007ff81e0fa000 	/usr/lib/libperfcheck.dylib
0x00007ff9161a4000 	/usr/lib/libmis.dylib
0x00007ffa28c90000 	/System/Library/Frameworks/OpenGL.framework/Versions/A/Libraries/libGLU.dylib
0x00007ffa28c54000 	/System/Library/Frameworks/OpenGL.framework/Versions/A/Libraries/libGFXShared.dylib
0x00007ffa28e5d000 	/System/Library/Frameworks/OpenGL.framework/Versions/A/Libraries/libGL.dylib
0x00007ffa28c5d000 	/System/Library/Frameworks/OpenGL.framework/Versions/A/Libraries/libGLImage.dylib
0x00007ffa28c51000 	/System/Library/Frameworks/OpenGL.framework/Versions/A/Libraries/libCVMSPluginSupport.dylib
0x00007ffa28c3c000 	/System/Library/Frameworks/OpenGL.framework/Versions/A/Libraries/libCoreVMClient.dylib
0x00007ff8194aa000 	/System/Library/Frameworks/MetalPerformanceShaders.framework/Versions/A/Frameworks/MPSCore.framework/Versions/A/MPSCore
0x00007ff81a86c000 	/System/Library/Frameworks/MetalPerformanceShaders.framework/Versions/A/Frameworks/MPSImage.framework/Versions/A/MPSImage
0x00007ff81a312000 	/System/Library/Frameworks/MetalPerformanceShaders.framework/Versions/A/Frameworks/MPSNeuralNetwork.framework/Versions/A/MPSNeuralNetwork
0x00007ff81a786000 	/System/Library/Frameworks/MetalPerformanceShaders.framework/Versions/A/Frameworks/MPSMatrix.framework/Versions/A/MPSMatrix
0x00007ff81a541000 	/System/Library/Frameworks/MetalPerformanceShaders.framework/Versions/A/Frameworks/MPSRayIntersector.framework/Versions/A/MPSRayIntersector
0x00007ff81a7be000 	/System/Library/Frameworks/MetalPerformanceShaders.framework/Versions/A/Frameworks/MPSNDArray.framework/Versions/A/MPSNDArray
0x00007ffa2e715000 	/System/Library/Frameworks/MetalPerformanceShaders.framework/Versions/A/Frameworks/MPSFunctions.framework/Versions/A/MPSFunctions
0x00007ff8105f9000 	/System/Library/PrivateFrameworks/MetalTools.framework/Versions/A/MetalTools
0x00007ff819526000 	/System/Library/PrivateFrameworks/AggregateDictionary.framework/Versions/A/AggregateDictionary
0x00007ff81b661000 	/usr/lib/libIOReport.dylib
0x00007ffa2a26c000 	/System/Library/Frameworks/OpenCL.framework/Versions/A/OpenCL
0x00007ff81b9c6000 	/System/Library/PrivateFrameworks/FaceCore.framework/Versions/A/FaceCore
0x00007ff81b9b7000 	/System/Library/PrivateFrameworks/GraphVisualizer.framework/Versions/A/GraphVisualizer
0x00007ffb15c19000 	/System/Library/PrivateFrameworks/FontServices.framework/Versions/A/FontServices
0x00007ff81bde0000 	/System/Library/PrivateFrameworks/OTSVG.framework/Versions/A/OTSVG
0x00007ff8172df000 	/System/Library/Frameworks/ApplicationServices.framework/Versions/A/Frameworks/ATS.framework/Versions/A/Resources/libFontRegistry.dylib
0x00007ff81be30000 	/System/Library/PrivateFrameworks/FontServices.framework/libhvf.dylib
0x00007ffb15c1a000 	/System/Library/PrivateFrameworks/FontServices.framework/libXTFontStaticRegistryData.dylib
0x00007ff81b82f000 	/System/Library/PrivateFrameworks/AppleVA.framework/Versions/A/AppleVA
0x00007ff81da1f000 	/System/Library/Frameworks/ApplicationServices.framework/Versions/A/Frameworks/ATS.framework/Versions/A/ATS
0x00007ff81598c000 	/System/Library/Frameworks/ApplicationServices.framework/Versions/A/Frameworks/HIServices.framework/Versions/A/HIServices
0x00007ff81c929000 	/System/Library/Frameworks/ApplicationServices.framework/Versions/A/Frameworks/PrintCore.framework/Versions/A/PrintCore
0x00007ff81ddad000 	/System/Library/Frameworks/ApplicationServices.framework/Versions/A/Frameworks/QD.framework/Versions/A/QD
0x00007ff81dda5000 	/System/Library/Frameworks/ApplicationServices.framework/Versions/A/Frameworks/ColorSyncLegacy.framework/Versions/A/ColorSyncLegacy
0x00007ff81da0f000 	/System/Library/Frameworks/ApplicationServices.framework/Versions/A/Frameworks/SpeechSynthesis.framework/Versions/A/SpeechSynthesis
0x00007ff81c8ea000 	/System/Library/Frameworks/ApplicationServices.framework/Versions/A/Frameworks/ATSUI.framework/Versions/A/ATSUI
0x00007ff81dd3a000 	/usr/lib/libcups.2.dylib
0x00007ff81e109000 	/System/Library/Frameworks/Kerberos.framework/Versions/A/Kerberos
0x00007ff81e118000 	/System/Library/Frameworks/GSS.framework/Versions/A/GSS
0x00007ff81da8b000 	/usr/lib/libresolv.9.dylib
0x00007ff81be3f000 	/System/Library/PrivateFrameworks/Heimdal.framework/Versions/A/Heimdal
0x00007ff824d01000 	/System/Library/Frameworks/Kerberos.framework/Versions/A/Libraries/libHeimdalProxy.dylib
0x00007ff816649000 	/System/Library/Frameworks/Network.framework/Versions/A/Network
0x00007ff81b89a000 	/usr/lib/libheimdal-asn1.dylib
0x00007ff81e163000 	/System/Library/PrivateFrameworks/CommonAuth.framework/Versions/A/CommonAuth
0x00007ff81d991000 	/System/Library/PrivateFrameworks/AudioSession.framework/Versions/A/AudioSession
0x00007ff81b92a000 	/System/Library/PrivateFrameworks/MediaExperience.framework/Versions/A/MediaExperience
0x00007ff81d823000 	/System/Library/PrivateFrameworks/AudioSession.framework/libSessionUtility.dylib
0x00007ff81ddb9000 	/System/Library/PrivateFrameworks/AudioResourceArbitration.framework/Versions/A/AudioResourceArbitration
0x00007ff821e3a000 	/System/Library/PrivateFrameworks/PowerLog.framework/Versions/A/PowerLog
0x00007ff81b8a3000 	/System/Library/PrivateFrameworks/IconFoundation.framework/Versions/A/IconFoundation
0x00007ff820bf0000 	/System/Library/PrivateFrameworks/SpeechRecognitionCore.framework/Versions/A/SpeechRecognitionCore
0x0000000109a26000 	/Users/ethan/Library/Java/JavaVirtualMachines/openjdk-21.0.1/Contents/Home/lib/server/libjvm.dylib
0x00000001087f6000 	/Users/ethan/Library/Java/JavaVirtualMachines/openjdk-21.0.1/Contents/Home/lib/libjimage.dylib
0x0000000108819000 	/Users/ethan/Library/Java/JavaVirtualMachines/openjdk-21.0.1/Contents/Home/lib/libinstrument.dylib
0x0000000108857000 	/Users/ethan/Library/Java/JavaVirtualMachines/openjdk-21.0.1/Contents/Home/lib/libjava.dylib
0x0000000108b1e000 	/Users/ethan/Library/Java/JavaVirtualMachines/openjdk-21.0.1/Contents/Home/lib/libzip.dylib
0x0000000108b32000 	/Users/ethan/Library/Java/JavaVirtualMachines/openjdk-21.0.1/Contents/Home/lib/libnio.dylib
0x0000000108b4e000 	/Users/ethan/Library/Java/JavaVirtualMachines/openjdk-21.0.1/Contents/Home/lib/libnet.dylib
0x0000000108846000 	/Users/ethan/Library/Java/JavaVirtualMachines/openjdk-21.0.1/Contents/Home/lib/libextnet.dylib
0x0000000108c01000 	/Users/ethan/Library/Java/JavaVirtualMachines/openjdk-21.0.1/Contents/Home/lib/libawt.dylib
0x0000000108cc1000 	/Users/ethan/Library/Java/JavaVirtualMachines/openjdk-21.0.1/Contents/Home/lib/libmlib_image.dylib
0x00007ffa2e67e000 	/System/Library/Frameworks/JavaRuntimeSupport.framework/Versions/A/JavaRuntimeSupport
0x00007ff915217000 	/System/Library/Frameworks/Carbon.framework/Versions/A/Carbon
0x00007ff8230b5000 	/System/Library/PrivateFrameworks/CoreSymbolication.framework/Versions/A/CoreSymbolication
0x00007ff82861d000 	/System/Library/Frameworks/Carbon.framework/Versions/A/Frameworks/CommonPanels.framework/Versions/A/CommonPanels
0x00007ff8246ea000 	/System/Library/Frameworks/Carbon.framework/Versions/A/Frameworks/Help.framework/Versions/A/Help
0x00007ff828621000 	/System/Library/Frameworks/Carbon.framework/Versions/A/Frameworks/ImageCapture.framework/Versions/A/ImageCapture
0x00007ff8285f1000 	/System/Library/Frameworks/Carbon.framework/Versions/A/Frameworks/OpenScripting.framework/Versions/A/OpenScripting
0x00007ff828619000 	/System/Library/Frameworks/Carbon.framework/Versions/A/Frameworks/Ink.framework/Versions/A/Ink
0x00007ff915213000 	/System/Library/Frameworks/Carbon.framework/Versions/A/Frameworks/Print.framework/Versions/A/Print
0x00007ff828615000 	/System/Library/Frameworks/Carbon.framework/Versions/A/Frameworks/SecurityHI.framework/Versions/A/SecurityHI
0x00007ff82307a000 	/System/Library/PrivateFrameworks/DebugSymbols.framework/Versions/A/DebugSymbols
0x0000000108e8a000 	/Users/ethan/Library/Java/JavaVirtualMachines/openjdk-21.0.1/Contents/Home/lib/libawt_lwawt.dylib
0x0000000108b8b000 	/Users/ethan/Library/Java/JavaVirtualMachines/openjdk-21.0.1/Contents/Home/lib/libosxapp.dylib
0x00007ff9144e1000 	/System/Library/Frameworks/ExceptionHandling.framework/Versions/A/ExceptionHandling
0x00000001091c9000 	/Users/ethan/Library/Java/JavaVirtualMachines/openjdk-21.0.1/Contents/Home/lib/libfontmanager.dylib
0x0000000108fbe000 	/Users/ethan/Library/Java/JavaVirtualMachines/openjdk-21.0.1/Contents/Home/lib/libfreetype.dylib
0x00007ff81278a000 	/System/Library/PrivateFrameworks/CoreServicesInternal.framework/Versions/A/CoreServicesInternal
0x00007ff82242b000 	/System/Library/Frameworks/FileProvider.framework/Versions/A/FileProvider
0x00007ff81642c000 	/System/Library/Frameworks/Accounts.framework/Versions/A/Accounts
0x00007ff8225a4000 	/System/Library/PrivateFrameworks/GenerationalStorage.framework/Versions/A/GenerationalStorage
0x00007ff821e2f000 	/System/Library/PrivateFrameworks/SymptomDiagnosticReporter.framework/Versions/A/SymptomDiagnosticReporter
0x00007ff813a4b000 	/System/Library/PrivateFrameworks/DesktopServicesPriv.framework/Versions/A/DesktopServicesPriv
0x00007ff8128c9000 	/usr/lib/libsandbox.1.dylib
0x00007ff817778000 	/System/Library/PrivateFrameworks/UserManagement.framework/Versions/A/UserManagement
0x00007ff81dd9a000 	/System/Library/PrivateFrameworks/NetAuth.framework/Versions/A/NetAuth
0x00007ff81eca9000 	/System/Library/PrivateFrameworks/Sharing.framework/Versions/A/Sharing
0x00007ff81774b000 	/System/Library/PrivateFrameworks/login.framework/Versions/A/Frameworks/loginsupport.framework/Versions/A/loginsupport
0x00007ff824218000 	/System/Library/PrivateFrameworks/Apple80211.framework/Versions/A/Apple80211
0x00007ff81a951000 	/System/Library/PrivateFrameworks/AuthKit.framework/Versions/A/AuthKit
0x00007ff819fa6000 	/System/Library/PrivateFrameworks/CoreUtils.framework/Versions/A/CoreUtils
0x00007ff819ecd000 	/System/Library/Frameworks/CoreWLAN.framework/Versions/A/CoreWLAN
0x00007ff81ee08000 	/System/Library/Frameworks/IOBluetooth.framework/Versions/A/IOBluetooth
0x00007ff824280000 	/System/Library/PrivateFrameworks/CoreWiFi.framework/Versions/A/CoreWiFi
0x00007ff822c4e000 	/System/Library/PrivateFrameworks/FrontBoardServices.framework/Versions/A/FrontBoardServices
0x00007ff822cdf000 	/System/Library/PrivateFrameworks/BoardServices.framework/Versions/A/BoardServices
0x00007ff81a1b5000 	/System/Library/PrivateFrameworks/AssertionServices.framework/Versions/A/AssertionServices
0x00007ff824403000 	/System/Library/PrivateFrameworks/BackBoardServices.framework/Versions/A/BackBoardServices
0x00007ff81e1f4000 	/System/Library/PrivateFrameworks/CorePhoneNumbers.framework/Versions/A/CorePhoneNumbers
0x00007ff81dab8000 	/System/Library/PrivateFrameworks/MultiverseSupport.framework/Versions/A/MultiverseSupport
0x00007ff824677000 	/System/Library/PrivateFrameworks/RemoteServiceDiscovery.framework/Versions/A/RemoteServiceDiscovery
0x00007ff821f4c000 	/System/Library/PrivateFrameworks/DiskManagement.framework/Versions/A/DiskManagement
0x00007ff821e60000 	/System/Library/PrivateFrameworks/AppleIDAuthSupport.framework/Versions/A/AppleIDAuthSupport
0x00007ffb10594000 	/System/Library/PrivateFrameworks/AAAFoundation.framework/Versions/A/AAAFoundation
0x00007ff81e1d5000 	/System/Library/PrivateFrameworks/KeychainCircle.framework/Versions/A/KeychainCircle
0x00007ff824687000 	/System/Library/PrivateFrameworks/RemoteXPC.framework/Versions/A/RemoteXPC
0x00007ff821f18000 	/System/Library/PrivateFrameworks/MediaKit.framework/Versions/A/MediaKit
0x00007ff821e6c000 	/System/Library/Frameworks/DiscRecording.framework/Versions/A/DiscRecording
0x00007ff81b7a7000 	/usr/lib/libCoreStorage.dylib
0x00007ff8246f2000 	/usr/lib/libcsfde.dylib
0x00007ff81eed5000 	/System/Library/PrivateFrameworks/ProtectedCloudStorage.framework/Versions/A/ProtectedCloudStorage
0x00007ff8246ee000 	/System/Library/PrivateFrameworks/EFILogin.framework/Versions/A/EFILogin
0x00007ff8225ca000 	/System/Library/PrivateFrameworks/OctagonTrust.framework/Versions/A/OctagonTrust
0x00007ffb14e7c000 	/System/Library/PrivateFrameworks/CoreUtilsExtras.framework/Versions/A/CoreUtilsExtras
0x00007ff821d93000 	/System/Library/Frameworks/CoreBluetooth.framework/Versions/A/CoreBluetooth
0x00007ff824d86000 	/System/Library/Frameworks/AudioUnit.framework/Versions/A/AudioUnit
0x00007ff81b79f000 	/usr/lib/libMatch.1.dylib
0x00007ff91cf9f000 	/System/Library/CoreServices/RawCamera.bundle/Contents/MacOS/RawCamera
0x00007ff81e173000 	/System/Library/PrivateFrameworks/MobileAsset.framework/Versions/A/MobileAsset
0x00007ff824dad000 	/System/Library/PrivateFrameworks/StreamingZip.framework/Versions/A/StreamingZip
0x00007ffb12170000 	/System/Library/PrivateFrameworks/CMPhoto.framework/Versions/A/CMPhoto
0x00007ff822f50000 	/System/Library/PrivateFrameworks/AppleVPA.framework/Versions/A/AppleVPA
0x00007ff81cb53000 	/System/Library/Frameworks/MediaToolbox.framework/Versions/A/MediaToolbox
0x00007ff8223fb000 	/System/Library/PrivateFrameworks/CoreAVCHD.framework/Versions/A/CoreAVCHD
0x00007ff8212d0000 	/System/Library/Frameworks/MediaAccessibility.framework/Versions/A/MediaAccessibility
0x00007ff8223f7000 	/System/Library/PrivateFrameworks/Mangrove.framework/Versions/A/Mangrove
0x00007ff8212db000 	/System/Library/PrivateFrameworks/AlgosScoreFramework.framework/Versions/A/AlgosScoreFramework
0x00007ff82203c000 	/System/Library/PrivateFrameworks/CoreAUC.framework/Versions/A/CoreAUC
0x00007ff91a7c8000 	/System/Library/Frameworks/Accelerate.framework/Versions/A/Frameworks/vImage.framework/Versions/A/Libraries/libCGInterfaces.dylib
0x0000000109a07000 	/usr/lib/libobjc-trampolines.dylib
0x00007ff817470000 	/System/Library/PrivateFrameworks/ViewBridge.framework/Versions/A/ViewBridge
0x0000000186854000 	/Users/ethan/Library/Java/JavaVirtualMachines/openjdk-21.0.1/Contents/Home/lib/libosxui.dylib
0x00007ffa1be6b000 	/System/Library/Extensions/AppleIntelKBLGraphicsMTLDriver.bundle/Contents/MacOS/AppleIntelKBLGraphicsMTLDriver
0x00007ff9161bf000 	/System/Library/PrivateFrameworks/GPURawCounter.framework/Versions/A/GPURawCounter
0x0000000186840000 	/private/var/folders/zb/hgfqt4_n7_n6_bf0cn_vsq_c0000gp/T/com-weisj-darklaf-nativeutils-darklaf-macos820556898506709216160543141973612774/libdarklaf-macos-x86-64.dylib
0x00007ff81bef7000 	/System/Library/PrivateFrameworks/login.framework/Versions/A/login


VM Arguments:
jvm_args: -javaagent:/Applications/IntelliJ IDEA.app/Contents/lib/idea_rt.jar=51790:/Applications/IntelliJ IDEA.app/Contents/bin -Dfile.encoding=UTF-8 
java_command: me.vlink102.personal.Main
java_class_path (initial): /Users/ethan/Desktop/chessv3/target/classes:/Users/ethan/.m2/repository/org/jetbrains/annotations/23.0.0/annotations-23.0.0.jar:/Users/ethan/.m2/repository/com/github/weisj/darklaf-core/3.0.2/darklaf-core-3.0.2.jar:/Users/ethan/.m2/repository/com/github/weisj/darklaf-theme/3.0.2/darklaf-theme-3.0.2.jar:/Users/ethan/.m2/repository/com/github/weisj/darklaf-theme-spec/3.0.2/darklaf-theme-spec-3.0.2.jar:/Users/ethan/.m2/repository/com/github/weisj/darklaf-property-loader/3.0.2/darklaf-property-loader-3.0.2.jar:/Users/ethan/.m2/repository/com/github/weisj/swing-extensions-visual-padding/0.1.3/swing-extensions-visual-padding-0.1.3.jar:/Users/ethan/.m2/repository/com/github/weisj/darklaf-iconset/3.0.2/darklaf-iconset-3.0.2.jar:/Users/ethan/.m2/repository/com/github/weisj/darklaf-utils/3.0.2/darklaf-utils-3.0.2.jar:/Users/ethan/.m2/repository/com/github/weisj/darklaf-compatibility/3.0.2/darklaf-compatibility-3.0.2.jar:/Users/ethan/.m2/repository/com/github/weisj/darklaf-native-utils/3.0.2/darklaf-native-utils-3.0.2.jar:/Users/ethan/.m2/repository/com/github/weisj/darklaf-platform-base/3.0.2/darklaf-platform-base-3.0.2.jar:/Users/ethan/.m2/repository/com/github/weisj/darklaf-platform-decorations/3.0.2/darklaf-platform-decorations-3.0.2.jar:/Users/ethan/.m2/repository/com/github/weisj/darklaf-platform-preferences/3.0.2/darklaf-platform-preferences-3.0.2.jar:/Users/ethan/.m2/repository/com/github/weisj/darklaf-windows/3.0.2/darklaf-windows-3.0.2.jar:/Users/ethan/.m2/repository/com/github/weisj/darklaf-macos/3.0.2/darklaf-macos-3.0.2.jar:/Users/ethan/.m2/repository/com/github/weisj/swing-extensions-laf-support/0.1.3/swing-extensions-laf-support-0.1.3.jar:/Users/ethan/.m2/repository/com/github/weisj/jsvg/0.0.9/jsvg-0.0.9.jar:/Users/ethan/.m2/repository/commons-io/commons-io/1.3.2/commons-io-1.3.2.jar
Launcher Type: SUN_STANDARD

[Global flags]
     intx CICompilerCount                          = 4                                         {product} {ergonomic}
     uint ConcGCThreads                            = 3                                         {product} {ergonomic}
     uint G1ConcRefinementThreads                  = 10                                        {product} {ergonomic}
   size_t G1HeapRegionSize                         = 8388608                                   {product} {ergonomic}
    uintx GCDrainStackTargetSize                   = 64                                        {product} {ergonomic}
   size_t InitialHeapSize                          = 1073741824                                {product} {ergonomic}
   size_t MarkStackSize                            = 4194304                                   {product} {ergonomic}
   size_t MaxHeapSize                              = 17179869184                               {product} {ergonomic}
   size_t MaxNewSize                               = 10301210624                               {product} {ergonomic}
   size_t MinHeapDeltaBytes                        = 8388608                                   {product} {ergonomic}
   size_t MinHeapSize                              = 8388608                                   {product} {ergonomic}
    uintx NonNMethodCodeHeapSize                   = 5839372                                {pd product} {ergonomic}
    uintx NonProfiledCodeHeapSize                  = 122909434                              {pd product} {ergonomic}
    uintx ProfiledCodeHeapSize                     = 122909434                              {pd product} {ergonomic}
    uintx ReservedCodeCacheSize                    = 251658240                              {pd product} {ergonomic}
     bool SegmentedCodeCache                       = true                                      {product} {ergonomic}
   size_t SoftMaxHeapSize                          = 17179869184                            {manageable} {ergonomic}
     bool UseCompressedOops                        = true                           {product lp64_product} {ergonomic}
     bool UseG1GC                                  = true                                      {product} {ergonomic}
     bool UseNUMA                                  = false                                     {product} {ergonomic}
     bool UseNUMAInterleaving                      = false                                     {product} {ergonomic}

Logging:
Log output configuration:
 #0: stdout all=warning uptime,level,tags foldmultilines=false
 #1: stderr all=off uptime,level,tags foldmultilines=false

Environment Variables:
PATH=/Library/Frameworks/Python.framework/Versions/3.8/bin:/usr/local/bin:/usr/bin:/bin:/usr/sbin:/sbin:/usr/local/MacGPG2/bin:/usr/local/share/dotnet:~/.dotnet/tools:/Library/Apple/usr/bin:/Library/Frameworks/Mono.framework/Versions/Current/Commands
SHELL=/bin/zsh
LC_CTYPE=en_GB.UTF-8
TMPDIR=/var/folders/zb/hgfqt4_n7_n6_bf0cn_vsq_c0000gp/T/

Active Locale:
LC_ALL=C/en_GB.UTF-8/C/C/C/C
LC_COLLATE=C
LC_CTYPE=en_GB.UTF-8
LC_MESSAGES=C
LC_MONETARY=C
LC_NUMERIC=C
LC_TIME=C

Signal Handlers:
   SIGSEGV: crash_handler in libjvm.dylib, mask=11100110000111110111111111111111, flags=SA_ONSTACK|SA_RESTART|SA_SIGINFO, unblocked
    SIGBUS: crash_handler in libjvm.dylib, mask=11100110000111110111111111111111, flags=SA_RESTART|SA_SIGINFO, unblocked
    SIGFPE: crash_handler in libjvm.dylib, mask=11100110000111110111111111111111, flags=SA_RESTART|SA_SIGINFO, unblocked
   SIGPIPE: javaSignalHandler in libjvm.dylib, mask=11100110000111110111111111111111, flags=SA_RESTART|SA_SIGINFO, blocked
   SIGXFSZ: javaSignalHandler in libjvm.dylib, mask=11100110000111110111111111111111, flags=SA_RESTART|SA_SIGINFO, blocked
    SIGILL: crash_handler in libjvm.dylib, mask=11100110000111110111111111111111, flags=SA_RESTART|SA_SIGINFO, unblocked
   SIGUSR2: SR_handler in libjvm.dylib, mask=00100000000000000000000000000000, flags=SA_RESTART|SA_SIGINFO, blocked
    SIGHUP: UserHandler in libjvm.dylib, mask=11100110000111110111111111111111, flags=SA_RESTART|SA_SIGINFO, blocked
    SIGINT: UserHandler in libjvm.dylib, mask=11100110000111110111111111111111, flags=SA_RESTART|SA_SIGINFO, blocked
   SIGTERM: UserHandler in libjvm.dylib, mask=11100110000111110111111111111111, flags=SA_RESTART|SA_SIGINFO, blocked
   SIGQUIT: UserHandler in libjvm.dylib, mask=11100110000111110111111111111111, flags=SA_RESTART|SA_SIGINFO, blocked
   SIGTRAP: crash_handler in libjvm.dylib, mask=11100110000111110111111111111111, flags=SA_RESTART|SA_SIGINFO, unblocked


Periodic native trim disabled

---------------  S Y S T E M  ---------------

OS:
uname: Darwin 21.6.0 Darwin Kernel Version 21.6.0: Thu Jun  8 23:57:12 PDT 2023; root:xnu-8020.240.18.701.6~1/RELEASE_X86_64 x86_64
OS uptime: 94 days 23:15 hours
rlimit (soft/hard): STACK 8192k/65532k , CORE 0k/infinity , NPROC 11136/16704 , NOFILE 10240/infinity , AS infinity/infinity , CPU infinity/infinity , DATA infinity/infinity , FSIZE infinity/infinity , MEMLOCK infinity/infinity , RSS infinity/infinity
load average: 4.25 3.35 2.96

CPU: total 12 (initial active 12) (6 cores per cpu, 2 threads per core) family 6 model 158 stepping 10 microcode 0xf2, cx8, cmov, fxsr, ht, mmx, 3dnowpref, sse, sse2, sse3, ssse3, sse4.1, sse4.2, popcnt, lzcnt, tsc, tscinvbit, avx, avx2, aes, erms, clmul, bmi1, bmi2, rtm, adx, fma, vzeroupper, clflush, clflushopt, rdtscp, f16c
machdep.cpu.brand_string:Intel(R) Core(TM) i7-8700B CPU @ 3.20GHz
hw.cpufrequency:3200000000
hw.cpufrequency_min:3200000000
hw.cpufrequency_max:3200000000
hw.cachelinesize:64
hw.l1icachesize:32768
hw.l1dcachesize:32768
hw.l2cachesize:262144
hw.l3cachesize:12582912

Memory: 4k page, physical 67108864k(7488104k free), swap 1048576k(716800k free)

vm_info: OpenJDK 64-Bit Server VM (21.0.1+12-29) for bsd-amd64 JRE (21.0.1+12-29), built on 2023-10-05T13:27:09Z by "mach5one" with clang Apple LLVM 12.0.0 (clang-1200.0.32.29)

END.
