#
# A fatal error has been detected by the Java Runtime Environment:
#
#  SIGSEGV (0xb) at pc=0x00007ff80fcea41d, pid=27293, tid=259
#
# JRE version: OpenJDK Runtime Environment (21.0.1+12) (build 21.0.1+12-29)
# Java VM: OpenJDK 64-Bit Server VM (21.0.1+12-29, mixed mode, sharing, tiered, compressed oops, compressed class ptrs, g1 gc, bsd-amd64)
# Problematic frame:
# C  [libobjc.A.dylib+0x641d]  objc_msgSend+0x1d
#
# No core dump will be written. Core dumps have been disabled. To enable core dumping, try "ulimit -c unlimited" before starting Java again
#
# If you would like to submit a bug report, please visit:
#   https://bugreport.java.com/bugreport/crash.jsp
# The crash happened outside the Java Virtual Machine in native code.
# See problematic frame for where to report the bug.
#

---------------  S U M M A R Y ------------

Command Line: -javaagent:/Applications/IntelliJ IDEA.app/Contents/lib/idea_rt.jar=51126:/Applications/IntelliJ IDEA.app/Contents/bin -Dfile.encoding=UTF-8 me.vlink102.personal.Main

Host: "Macmini8,1" x86_64 3200 MHz, 12 cores, 64G, Darwin 21.6.0, macOS 12.6.7 (21G651)
Time: Thu Nov 23 18:31:21 2023 GMT elapsed time: 1.997172 seconds (0d 0h 0m 1s)

---------------  T H R E A D  ---------------

Current thread (0x00007fac6b832000):  JavaThread "AppKit Thread" daemon [_thread_in_native, id=259, stack(0x00007ff7bbc01000,0x00007ff7bc401000) (8192K)]

Stack: [0x00007ff7bbc01000,0x00007ff7bc401000],  sp=0x00007ff7bc3fa838,  free space=8166k
Native frames: (J=compiled Java code, j=interpreted, Vv=VM code, C=native code)
C  [libobjc.A.dylib+0x641d]  objc_msgSend+0x1d
j  sun.java2d.metal.MTLLayer.blitTexture(J)V+0 java.desktop@21.0.1
j  sun.java2d.metal.MTLLayer.lambda$drawInMTLContext$4(J)V+1 java.desktop@21.0.1
j  sun.java2d.metal.MTLLayer$$Lambda+0x00000001361ae640.run(J)V+1 java.desktop@21.0.1
j  sun.lwawt.macosx.CFRetainedResource.execute(Lsun/lwawt/macosx/CFRetainedResource$CFNativeAction;)V+23 java.desktop@21.0.1
j  sun.java2d.metal.MTLLayer.drawInMTLContext()V+14 java.desktop@21.0.1
v  ~StubRoutines::call_stub 0x000000011a5cfcc6
V  [libjvm.dylib+0x5abd24]  JavaCalls::call_helper(JavaValue*, methodHandle const&, JavaCallArguments*, JavaThread*)+0x2b4
V  [libjvm.dylib+0x615ecf]  jni_invoke_nonstatic(JNIEnv_*, JavaValue*, _jobject*, JNICallType, _jmethodID*, JNI_ArgumentPusher*, JavaThread*)+0x34f
V  [libjvm.dylib+0x61ae23]  jni_CallVoidMethod+0x193
C  [libawt_lwawt.dylib+0x77576]  -[MTLLayer blitCallback]+0x296
C  [libawt_lwawt.dylib+0x776af]  -[MTLLayer display]+0x5f
C  [QuartzCore+0x21a07]  CA::Layer::display_if_needed(CA::Transaction*)+0x369
C  [QuartzCore+0x1792aa]  CA::Context::commit_transaction(CA::Transaction*, double, double*)+0x280
C  [QuartzCore+0x2e6d]  CA::Transaction::commit()+0x309
C  [AppKit+0x1ab191]  __62+[CATransaction(NSCATransaction) NS_setFlushesWithDisplayLink]_block_invoke+0x11d
C  [AppKit+0x8f2f1c]  ___NSRunLoopObserverCreateWithHandler_block_invoke+0x29
C  [CoreFoundation+0x7f500]  __CFRUNLOOP_IS_CALLING_OUT_TO_AN_OBSERVER_CALLBACK_FUNCTION__+0x17
C  [CoreFoundation+0x7f392]  __CFRunLoopDoObservers+0x21f
C  [CoreFoundation+0x7e824]  __CFRunLoopRun+0x348
C  [CoreFoundation+0x7de1c]  CFRunLoopRunSpecific+0x232
C  [HIToolbox+0x2e5e6]  RunCurrentEventLoopInMode+0x124
C  [HIToolbox+0x2e34a]  ReceiveNextEventCommon+0x252
C  [HIToolbox+0x2e0e5]  _BlockUntilNextEventMatchingListInModeWithFilter+0x46
C  [AppKit+0x3ef6d]  _DPSNextEvent+0x39f
C  [AppKit+0x3d62a]  -[NSApplication(NSEvent) _nextEventMatchingEventMask:untilDate:inMode:dequeue:]+0x572
C  [libosxapp.dylib+0x45aa]  -[NSApplicationAWT nextEventMatchingMask:untilDate:inMode:dequeue:]+0x7a
C  [AppKit+0x2fcd9]  -[NSApplication run]+0x24a
C  [libosxapp.dylib+0x4379]  +[NSApplicationAWT runAWTLoopWithApp:]+0xa9
C  [libawt_lwawt.dylib+0x6f5f0]  +[AWTStarter starter:headless:]+0x1f0
C  [libosxapp.dylib+0x604f]  +[ThreadUtilities invokeBlockCopy:]+0xf
C  [Foundation+0x81517]  __NSThreadPerformPerform+0xb3
C  [CoreFoundation+0x8015b]  __CFRUNLOOP_IS_CALLING_OUT_TO_A_SOURCE0_PERFORM_FUNCTION__+0x11
C  [CoreFoundation+0x800c3]  __CFRunLoopDoSource0+0xb4
C  [CoreFoundation+0x7fe3d]  __CFRunLoopDoSources0+0xf2
C  [CoreFoundation+0x7e858]  __CFRunLoopRun+0x37c
C  [CoreFoundation+0x7de1c]  CFRunLoopRunSpecific+0x232
C  [libjli.dylib+0x6ee2]  CreateExecutionEnvironment+0x182
C  [libjli.dylib+0x28bd]  JLI_Launch+0x54d
C  [java+0x3c0f]  main+0x18f
C  0x000000010aca352e
Java frames: (J=compiled Java code, j=interpreted, Vv=VM code)
j  sun.java2d.metal.MTLLayer.blitTexture(J)V+0 java.desktop@21.0.1
j  sun.java2d.metal.MTLLayer.lambda$drawInMTLContext$4(J)V+1 java.desktop@21.0.1
j  sun.java2d.metal.MTLLayer$$Lambda+0x00000001361ae640.run(J)V+1 java.desktop@21.0.1
j  sun.lwawt.macosx.CFRetainedResource.execute(Lsun/lwawt/macosx/CFRetainedResource$CFNativeAction;)V+23 java.desktop@21.0.1
j  sun.java2d.metal.MTLLayer.drawInMTLContext()V+14 java.desktop@21.0.1
v  ~StubRoutines::call_stub 0x000000011a5cfcc6

siginfo: si_signo: 11 (SIGSEGV), si_code: 1 (SEGV_MAPERR), si_addr: 0x00000a0000000018

Registers:
RAX=0x00007fac3b2dbe00, RBX=0x0000600003b84540, RCX=0x00007fac6b80c790, RDX=0xffffffffffffffe0
RSP=0x00007ff7bc3fa838, RBP=0x00007ff7bc3fa920, RSI=0x00007ff82a2a4206, RDI=0x00007fac3b2dbe00
R8 =0x00007fac6b80c038, R9 =0xfffeffffffffffff, R10=0x00000a0000000000, R11=0x00007ff82a2a4206
R12=0x00007ff82a2ed9a8, R13=0x0000000176bcfde8, R14=0x00007ff80fcea400, R15=0x00007ff82a298f39
RIP=0x00007ff80fcea41d, EFLAGS=0x0000000000010206, ERR=0x0000000000000004
  TRAPNO=0x000000000000000e


Register to memory mapping:

RAX=0x00007fac3b2dbe00 points into unknown readable memory: 0x40908a0000000000 | 00 00 00 00 00 8a 90 40
RBX=0x0000600003b84540 points into unknown readable memory: 0x013d8001043dc861 | 61 c8 3d 04 01 80 3d 01
RCX=0x00007fac6b80c790 points into unknown readable memory: 0xa3a3a3a3a3a3a3a3 | a3 a3 a3 a3 a3 a3 a3 a3
RDX=0xffffffffffffffe0 is an unknown value
RSP=0x00007ff7bc3fa838 is pointing into the stack for thread: 0x00007fac6b832000
RBP=0x00007ff7bc3fa920 is pointing into the stack for thread: 0x00007fac6b832000
RSI=0x00007ff82a2a4206 points into unknown readable memory: 77 69
RDI=0x00007fac3b2dbe00 points into unknown readable memory: 0x40908a0000000000 | 00 00 00 00 00 8a 90 40
R8 =0x00007fac6b80c038 points into unknown readable memory: 0x0000000000000000 | 00 00 00 00 00 00 00 00
R9 =0xfffeffffffffffff is an unknown value
R10=0x00000a0000000000 is an unknown value
R11=0x00007ff82a2a4206 points into unknown readable memory: 77 69
R12=0x00007ff82a2ed9a8 points into unknown readable memory: 0x74616c7000787463 | 63 74 78 00 70 6c 61 74
R13={method} {0x0000000176bcfde8} 'blitTexture' '(J)V' in 'sun/java2d/metal/MTLLayer'
R14=0x00007ff80fcea400: objc_msgSend+0 in /usr/lib/libobjc.A.dylib at 0x00007ff80fce4000
R15=0x00007ff82a298f39 points into unknown readable memory: 62 75 66 66 65 72 00

Top of Stack: (sp=0x00007ff7bc3fa838)
0x00007ff7bc3fa838:   0000000104377df2 00007ff7bc3fa9b0
0x00007ff7bc3fa848:   00007fac6b832000 00007ff7bc3fa920
0x00007ff7bc3fa858:   00007ff80fceaf9b 00000001043dc860
0x00007ff7bc3fa868:   0000000000000030 0000000000000630
0x00007ff7bc3fa878:   00000001043d91d0 0000600003b84540
0x00007ff7bc3fa888:   00000001043acce0 0000600003b84540
0x00007ff7bc3fa898:   00007ff80fcea400 00007fac6c80b9a0
0x00007ff7bc3fa8a8:   00007fac6c80bd78 ffffffffffffffff
0x00007ff7bc3fa8b8:   000000000000ffff 0000000000000000
0x00007ff7bc3fa8c8:   0000000000000000 0000000500000005
0x00007ff7bc3fa8d8:   0000000500000005 00007fac6b80c788
0x00007ff7bc3fa8e8:   0000000100000001 0000000100000001
0x00007ff7bc3fa8f8:   0000000176bcfde8 0000000000000000
0x00007ff7bc3fa908:   0000000176bcfde8 00007ff7bc3fa9b0
0x00007ff7bc3fa918:   00007fac6b832000 00007ff7bc3fa988
0x00007ff7bc3fa928:   000000011a5db980 0000000176bcfde8
0x00007ff7bc3fa938:   000000011a5db61f 00007ff7bc3fa940
0x00007ff7bc3fa948:   0000000176bcfde8 0000000000000005
0x00007ff7bc3fa958:   0000000176bd16b0 0000000000000000
0x00007ff7bc3fa968:   000000043e681328 0000000176bcfde8
0x00007ff7bc3fa978:   0000000000000000 00007ff7bc3fa9a8
0x00007ff7bc3fa988:   00007ff7bc3faa00 000000011a5d7362
0x00007ff7bc3fa998:   000000043e681328 000000011a5d8f97
0x00007ff7bc3fa9a8:   0000600003b84540 0000000000000000
0x00007ff7bc3fa9b8:   00007ff7bc3fa9b8 0000000176bd05e1
0x00007ff7bc3fa9c8:   0000000000000003 0000000176bd16b0
0x00007ff7bc3fa9d8:   0000000000000000 000000043e681328
0x00007ff7bc3fa9e8:   0000000176bd05f8 00007ff7bc3fa9a8
0x00007ff7bc3fa9f8:   00007ff7bc3faa10 00007ff7bc3faa68
0x00007ff7bc3faa08:   000000011a5d7362 0000600003b84540
0x00007ff7bc3faa18:   0000000000000000 00007ff7bc3faa20
0x00007ff7bc3faa28:   0000000176d46619 0000000000000004 

Instructions: (pc=0x00007ff80fcea41d)
0x00007ff80fcea31d:   90 90 90 90 90 90 90 90 90 90 90 90 90 90 90 90
0x00007ff80fcea32d:   90 90 90 90 90 90 90 90 90 90 90 90 90 90 90 90
0x00007ff80fcea33d:   90 90 90 31 c0 31 d2 0f 57 c0 0f 57 c9 c3 90 d9
0x00007ff80fcea34d:   ee 31 c0 31 d2 0f 57 c0 0f 57 c9 c3 0f 1f 00 d9
0x00007ff80fcea35d:   ee d9 ee 31 c0 31 d2 0f 57 c0 0f 57 c9 c3 90 48
0x00007ff80fcea36d:   89 f8 c3 49 89 fa 49 89 f3 45 23 5a 18 49 c1 e3
0x00007ff80fcea37d:   04 4d 03 5a 10 49 3b 33 75 0e 49 8b 43 08 48 83
0x00007ff80fcea38d:   f8 00 74 03 4c 31 d0 c3 49 83 3b 01 76 17 49 83
0x00007ff80fcea39d:   c3 10 49 3b 33 75 f1 49 8b 43 08 48 83 f8 00 74
0x00007ff80fcea3ad:   03 4c 31 d0 c3 72 25 4d 8b 5b 08 eb 0a 49 83 3b
0x00007ff80fcea3bd:   01 76 17 49 83 c3 10 49 3b 33 75 f1 49 8b 43 08
0x00007ff80fcea3cd:   48 83 f8 00 74 03 4c 31 d0 c3 eb 00 31 c0 c3 66
0x00007ff80fcea3dd:   66 66 66 66 66 2e 0f 1f 84 00 00 00 00 00 66 66
0x00007ff80fcea3ed:   66 66 66 66 2e 0f 1f 84 00 00 00 00 00 66 0f 1f
0x00007ff80fcea3fd:   44 00 00 48 85 ff 2e 74 72 40 f6 c7 01 2e 75 76
0x00007ff80fcea40d:   49 ba f8 ff ff ff ff 7f 00 00 4c 23 17 49 89 f3
0x00007ff80fcea41d:   45 23 5a 18 49 c1 e3 04 4d 03 5a 10 49 3b 33 75
0x00007ff80fcea42d:   0a 4d 8b 5b 08 4d 31 d3 41 ff e3 49 83 3b 01 76
0x00007ff80fcea43d:   13 49 83 c3 10 49 3b 33 75 f1 4d 8b 5b 08 4d 31
0x00007ff80fcea44d:   d3 41 ff e3 72 70 4d 8b 5b 08 eb 0a 49 83 3b 01
0x00007ff80fcea45d:   76 13 49 83 c3 10 49 3b 33 75 f1 4d 8b 5b 08 4d
0x00007ff80fcea46d:   31 d3 41 ff e3 eb 4f 0f 1f 40 00 31 c0 31 d2 0f
0x00007ff80fcea47d:   57 c0 0f 57 c9 c3 41 89 fb 41 83 e3 0f 4c 8d 15
0x00007ff80fcea48d:   2f af 89 41 4f 8b 14 da 4c 8d 1d fc ad 89 41 4d
0x00007ff80fcea49d:   39 d3 0f 85 75 ff ff ff 41 89 fb 41 c1 eb 04 41
0x00007ff80fcea4ad:   81 e3 ff 00 00 00 4c 8d 15 86 af 89 41 4f 8b 14
0x00007ff80fcea4bd:   da e9 57 ff ff ff e9 88 0a 00 00 66 66 66 66 66
0x00007ff80fcea4cd:   66 2e 0f 1f 84 00 00 00 00 00 66 66 66 66 66 66
0x00007ff80fcea4dd:   2e 0f 1f 84 00 00 00 00 00 66 66 66 66 66 66 2e
0x00007ff80fcea4ed:   0f 1f 84 00 00 00 00 00 66 66 2e 0f 1f 84 00 00
0x00007ff80fcea4fd:   00 00 00 48 85 ff 2e 74 6a 40 f6 c7 01 2e 75 6b
0x00007ff80fcea50d:   49 ba f8 ff ff ff ff 7f 00 00 4c 23 17 49 89 f3 


Stack slot to memory mapping:

stack at sp + 0 slots: 0x0000000104377df2: -[MTLLayer blitTexture]+0xc2 in /Users/ethan/Library/Java/JavaVirtualMachines/openjdk-21.0.1/Contents/Home/lib/libawt_lwawt.dylib at 0x0000000104301000
stack at sp + 1 slots: 0x00007ff7bc3fa9b0 is pointing into the stack for thread: 0x00007fac6b832000
stack at sp + 2 slots: 0x00007fac6b832000 is a thread
stack at sp + 3 slots: 0x00007ff7bc3fa920 is pointing into the stack for thread: 0x00007fac6b832000
stack at sp + 4 slots: 0x00007ff80fceaf9b: _objc_msgSend_uncached+0x4b in /usr/lib/libobjc.A.dylib at 0x00007ff80fce4000
stack at sp + 5 slots: 0x00000001043dc860: OBJC_CLASS_$_MTLLayer+0 in /Users/ethan/Library/Java/JavaVirtualMachines/openjdk-21.0.1/Contents/Home/lib/libawt_lwawt.dylib at 0x0000000104301000
stack at sp + 6 slots: 0x0000000000000030 is an unknown value
stack at sp + 7 slots: 0x0000000000000630 is an unknown value


---------------  P R O C E S S  ---------------

Threads class SMR info:
_java_thread_list=0x000060000108c2a0, length=19, elements={
0x00007fac3b008200, 0x00007fac3b009000, 0x00007fac6b00a400, 0x00007fac3c008200,
0x00007fac6c09a200, 0x00007fac6c09aa00, 0x00007fac6c09b200, 0x00007fac6b00ac00,
0x00007fac3b00b600, 0x00007fac3b00a000, 0x00007fac6b832000, 0x00007fac6b049000,
0x00007fac6d09f000, 0x00007fabfb80d400, 0x00007fac3b1ce400, 0x00007fac3b1cce00,
0x00007fac3b1cd600, 0x00007fac6b036200, 0x00007fac3b1e8400
}

Java Threads: ( => current thread )
  0x00007fac3b008200 JavaThread "Reference Handler"          daemon [_thread_blocked, id=22275, stack(0x0000700009f5b000,0x000070000a05b000) (1024K)]
  0x00007fac3b009000 JavaThread "Finalizer"                  daemon [_thread_blocked, id=42755, stack(0x000070000a05e000,0x000070000a15e000) (1024K)]
  0x00007fac6b00a400 JavaThread "Signal Dispatcher"          daemon [_thread_blocked, id=42243, stack(0x000070000a161000,0x000070000a261000) (1024K)]
  0x00007fac3c008200 JavaThread "Service Thread"             daemon [_thread_blocked, id=41731, stack(0x000070000a264000,0x000070000a364000) (1024K)]
  0x00007fac6c09a200 JavaThread "Monitor Deflation Thread"   daemon [_thread_blocked, id=22787, stack(0x000070000a367000,0x000070000a467000) (1024K)]
  0x00007fac6c09aa00 JavaThread "C2 CompilerThread0"         daemon [_thread_blocked, id=23043, stack(0x000070000a46a000,0x000070000a56a000) (1024K)]
  0x00007fac6c09b200 JavaThread "C1 CompilerThread0"         daemon [_thread_blocked, id=40963, stack(0x000070000a56d000,0x000070000a66d000) (1024K)]
  0x00007fac6b00ac00 JavaThread "Common-Cleaner"             daemon [_thread_blocked, id=23811, stack(0x000070000a670000,0x000070000a770000) (1024K)]
  0x00007fac3b00b600 JavaThread "Monitor Ctrl-Break"         daemon [_thread_in_native, id=40707, stack(0x000070000a876000,0x000070000a976000) (1024K)]
  0x00007fac3b00a000 JavaThread "Notification Thread"        daemon [_thread_blocked, id=40451, stack(0x000070000a979000,0x000070000aa79000) (1024K)]
=>0x00007fac6b832000 JavaThread "AppKit Thread"              daemon [_thread_in_native, id=259, stack(0x00007ff7bbc01000,0x00007ff7bc401000) (8192K)]
  0x00007fac6b049000 JavaThread "Java2D Queue Flusher"       daemon [_thread_blocked, id=75783, stack(0x000070000a773000,0x000070000a873000) (1024K)]
  0x00007fac6d09f000 JavaThread "Java2D Disposer"            daemon [_thread_blocked, id=75267, stack(0x000070000ad08000,0x000070000ae08000) (1024K)]
  0x00007fabfb80d400 JavaThread "Attach Listener"            daemon [_thread_blocked, id=56875, stack(0x000070000af0e000,0x000070000b00e000) (1024K)]
  0x00007fac3b1ce400 JavaThread "C2 CompilerThread1"         daemon [_thread_blocked, id=71435, stack(0x000070000ae0b000,0x000070000af0b000) (1024K)]
  0x00007fac3b1cce00 JavaThread "C2 CompilerThread2"         daemon [_thread_blocked, id=34567, stack(0x000070000aa7c000,0x000070000ab7c000) (1024K)]
  0x00007fac3b1cd600 JavaThread "AWT-Shutdown"                      [_thread_blocked, id=70659, stack(0x000070000b011000,0x000070000b111000) (1024K)]
  0x00007fac6b036200 JavaThread "AWT-EventQueue-0"                  [_thread_in_native, id=70147, stack(0x000070000b114000,0x000070000b214000) (1024K)]
  0x00007fac3b1e8400 JavaThread "DestroyJavaVM"                     [_thread_blocked, id=9987, stack(0x000070000963d000,0x000070000973d000) (1024K)]
Total: 19

Other Threads:
  0x00007fac6c906a30 VMThread "VM Thread"                           [id=15107, stack(0x0000700009d52000,0x0000700009e52000) (1024K)]
  0x00007fac4b8052d0 WatcherThread "VM Periodic Task Thread"        [id=18435, stack(0x0000700009c4f000,0x0000700009d4f000) (1024K)]
  0x00007fac6af081e0 WorkerThread "GC Thread#0"                     [id=20739, stack(0x0000700009740000,0x0000700009840000) (1024K)]
  0x00007fac6c805580 ConcurrentGCThread "G1 Main Marker"            [id=20227, stack(0x0000700009843000,0x0000700009943000) (1024K)]
  0x00007fac4af04080 WorkerThread "G1 Conc#0"                       [id=19715, stack(0x0000700009946000,0x0000700009a46000) (1024K)]
  0x00007fac6c009800 ConcurrentGCThread "G1 Refine#0"               [id=19459, stack(0x0000700009a49000,0x0000700009b49000) (1024K)]
  0x00007fac5af041a0 ConcurrentGCThread "G1 Service"                [id=19203, stack(0x0000700009b4c000,0x0000700009c4c000) (1024K)]
Total: 7

Threads with active compile tasks:
Total: 0

VM state: not at safepoint (normal execution)

VM Mutex/Monitor currently owned by a thread: None

Heap address: 0x0000000400000000, size: 16384 MB, Compressed Oops mode: Zero based, Oop shift amount: 3

CDS archive(s) mapped at: [0x0000000135000000-0x0000000135ca4000-0x0000000135ca4000), size 13254656, SharedBaseAddress: 0x0000000135000000, ArchiveRelocationMode: 1.
Compressed class space mapped at: 0x0000000136000000-0x0000000176000000, reserved size: 1073741824
Narrow klass base: 0x0000000135000000, Narrow klass shift: 0, Narrow klass range: 0x100000000

GC Precious Log:
 CardTable entry size: 512
 Card Set container configuration: InlinePtr #cards 4 size 8 Array Of Cards #cards 64 size 144 Howl #buckets 8 coarsen threshold 14745 Howl Bitmap #cards 2048 size 272 coarsen threshold 1843 Card regions per heap region 1 cards per card region 16384
 CPUs: 12 total, 12 available
 Memory: 65536M
 Large Page Support: Disabled
 NUMA Support: Disabled
 Compressed Oops: Enabled (Zero based)
 Heap Region Size: 8M
 Heap Min Capacity: 8M
 Heap Initial Capacity: 1G
 Heap Max Capacity: 16G
 Pre-touch: Disabled
 Parallel Workers: 10
 Concurrent Workers: 3
 Concurrent Refinement Workers: 10
 Periodic GC: Disabled

Heap:
 garbage-first heap   total 1056768K, used 25612K [0x0000000400000000, 0x0000000800000000)
  region size 8192K, 4 young (32768K), 0 survivors (0K)
 Metaspace       used 14223K, committed 14464K, reserved 1114112K
  class space    used 1716K, committed 1792K, reserved 1048576K

Heap Regions: E=young(eden), S=young(survivor), O=old, HS=humongous(starts), HC=humongous(continues), CS=collection set, F=free, TAMS=top-at-mark-start, PB=parsable bottom
|   0|0x0000000400000000, 0x0000000400000000, 0x0000000400800000|  0%| F|  |TAMS 0x0000000400000000| PB 0x0000000400000000| Untracked 
|   1|0x0000000400800000, 0x0000000400800000, 0x0000000401000000|  0%| F|  |TAMS 0x0000000400800000| PB 0x0000000400800000| Untracked 
|   2|0x0000000401000000, 0x0000000401000000, 0x0000000401800000|  0%| F|  |TAMS 0x0000000401000000| PB 0x0000000401000000| Untracked 
|   3|0x0000000401800000, 0x0000000401800000, 0x0000000402000000|  0%| F|  |TAMS 0x0000000401800000| PB 0x0000000401800000| Untracked 
|   4|0x0000000402000000, 0x0000000402000000, 0x0000000402800000|  0%| F|  |TAMS 0x0000000402000000| PB 0x0000000402000000| Untracked 
|   5|0x0000000402800000, 0x0000000402800000, 0x0000000403000000|  0%| F|  |TAMS 0x0000000402800000| PB 0x0000000402800000| Untracked 
|   6|0x0000000403000000, 0x0000000403000000, 0x0000000403800000|  0%| F|  |TAMS 0x0000000403000000| PB 0x0000000403000000| Untracked 
|   7|0x0000000403800000, 0x0000000403800000, 0x0000000404000000|  0%| F|  |TAMS 0x0000000403800000| PB 0x0000000403800000| Untracked 
|   8|0x0000000404000000, 0x0000000404000000, 0x0000000404800000|  0%| F|  |TAMS 0x0000000404000000| PB 0x0000000404000000| Untracked 
|   9|0x0000000404800000, 0x0000000404800000, 0x0000000405000000|  0%| F|  |TAMS 0x0000000404800000| PB 0x0000000404800000| Untracked 
|  10|0x0000000405000000, 0x0000000405000000, 0x0000000405800000|  0%| F|  |TAMS 0x0000000405000000| PB 0x0000000405000000| Untracked 
|  11|0x0000000405800000, 0x0000000405800000, 0x0000000406000000|  0%| F|  |TAMS 0x0000000405800000| PB 0x0000000405800000| Untracked 
|  12|0x0000000406000000, 0x0000000406000000, 0x0000000406800000|  0%| F|  |TAMS 0x0000000406000000| PB 0x0000000406000000| Untracked 
|  13|0x0000000406800000, 0x0000000406800000, 0x0000000407000000|  0%| F|  |TAMS 0x0000000406800000| PB 0x0000000406800000| Untracked 
|  14|0x0000000407000000, 0x0000000407000000, 0x0000000407800000|  0%| F|  |TAMS 0x0000000407000000| PB 0x0000000407000000| Untracked 
|  15|0x0000000407800000, 0x0000000407800000, 0x0000000408000000|  0%| F|  |TAMS 0x0000000407800000| PB 0x0000000407800000| Untracked 
|  16|0x0000000408000000, 0x0000000408000000, 0x0000000408800000|  0%| F|  |TAMS 0x0000000408000000| PB 0x0000000408000000| Untracked 
|  17|0x0000000408800000, 0x0000000408800000, 0x0000000409000000|  0%| F|  |TAMS 0x0000000408800000| PB 0x0000000408800000| Untracked 
|  18|0x0000000409000000, 0x0000000409000000, 0x0000000409800000|  0%| F|  |TAMS 0x0000000409000000| PB 0x0000000409000000| Untracked 
|  19|0x0000000409800000, 0x0000000409800000, 0x000000040a000000|  0%| F|  |TAMS 0x0000000409800000| PB 0x0000000409800000| Untracked 
|  20|0x000000040a000000, 0x000000040a000000, 0x000000040a800000|  0%| F|  |TAMS 0x000000040a000000| PB 0x000000040a000000| Untracked 
|  21|0x000000040a800000, 0x000000040a800000, 0x000000040b000000|  0%| F|  |TAMS 0x000000040a800000| PB 0x000000040a800000| Untracked 
|  22|0x000000040b000000, 0x000000040b000000, 0x000000040b800000|  0%| F|  |TAMS 0x000000040b000000| PB 0x000000040b000000| Untracked 
|  23|0x000000040b800000, 0x000000040b800000, 0x000000040c000000|  0%| F|  |TAMS 0x000000040b800000| PB 0x000000040b800000| Untracked 
|  24|0x000000040c000000, 0x000000040c000000, 0x000000040c800000|  0%| F|  |TAMS 0x000000040c000000| PB 0x000000040c000000| Untracked 
|  25|0x000000040c800000, 0x000000040c800000, 0x000000040d000000|  0%| F|  |TAMS 0x000000040c800000| PB 0x000000040c800000| Untracked 
|  26|0x000000040d000000, 0x000000040d000000, 0x000000040d800000|  0%| F|  |TAMS 0x000000040d000000| PB 0x000000040d000000| Untracked 
|  27|0x000000040d800000, 0x000000040d800000, 0x000000040e000000|  0%| F|  |TAMS 0x000000040d800000| PB 0x000000040d800000| Untracked 
|  28|0x000000040e000000, 0x000000040e000000, 0x000000040e800000|  0%| F|  |TAMS 0x000000040e000000| PB 0x000000040e000000| Untracked 
|  29|0x000000040e800000, 0x000000040e800000, 0x000000040f000000|  0%| F|  |TAMS 0x000000040e800000| PB 0x000000040e800000| Untracked 
|  30|0x000000040f000000, 0x000000040f000000, 0x000000040f800000|  0%| F|  |TAMS 0x000000040f000000| PB 0x000000040f000000| Untracked 
|  31|0x000000040f800000, 0x000000040f800000, 0x0000000410000000|  0%| F|  |TAMS 0x000000040f800000| PB 0x000000040f800000| Untracked 
|  32|0x0000000410000000, 0x0000000410000000, 0x0000000410800000|  0%| F|  |TAMS 0x0000000410000000| PB 0x0000000410000000| Untracked 
|  33|0x0000000410800000, 0x0000000410800000, 0x0000000411000000|  0%| F|  |TAMS 0x0000000410800000| PB 0x0000000410800000| Untracked 
|  34|0x0000000411000000, 0x0000000411000000, 0x0000000411800000|  0%| F|  |TAMS 0x0000000411000000| PB 0x0000000411000000| Untracked 
|  35|0x0000000411800000, 0x0000000411800000, 0x0000000412000000|  0%| F|  |TAMS 0x0000000411800000| PB 0x0000000411800000| Untracked 
|  36|0x0000000412000000, 0x0000000412000000, 0x0000000412800000|  0%| F|  |TAMS 0x0000000412000000| PB 0x0000000412000000| Untracked 
|  37|0x0000000412800000, 0x0000000412800000, 0x0000000413000000|  0%| F|  |TAMS 0x0000000412800000| PB 0x0000000412800000| Untracked 
|  38|0x0000000413000000, 0x0000000413000000, 0x0000000413800000|  0%| F|  |TAMS 0x0000000413000000| PB 0x0000000413000000| Untracked 
|  39|0x0000000413800000, 0x0000000413800000, 0x0000000414000000|  0%| F|  |TAMS 0x0000000413800000| PB 0x0000000413800000| Untracked 
|  40|0x0000000414000000, 0x0000000414000000, 0x0000000414800000|  0%| F|  |TAMS 0x0000000414000000| PB 0x0000000414000000| Untracked 
|  41|0x0000000414800000, 0x0000000414800000, 0x0000000415000000|  0%| F|  |TAMS 0x0000000414800000| PB 0x0000000414800000| Untracked 
|  42|0x0000000415000000, 0x0000000415000000, 0x0000000415800000|  0%| F|  |TAMS 0x0000000415000000| PB 0x0000000415000000| Untracked 
|  43|0x0000000415800000, 0x0000000415800000, 0x0000000416000000|  0%| F|  |TAMS 0x0000000415800000| PB 0x0000000415800000| Untracked 
|  44|0x0000000416000000, 0x0000000416000000, 0x0000000416800000|  0%| F|  |TAMS 0x0000000416000000| PB 0x0000000416000000| Untracked 
|  45|0x0000000416800000, 0x0000000416800000, 0x0000000417000000|  0%| F|  |TAMS 0x0000000416800000| PB 0x0000000416800000| Untracked 
|  46|0x0000000417000000, 0x0000000417000000, 0x0000000417800000|  0%| F|  |TAMS 0x0000000417000000| PB 0x0000000417000000| Untracked 
|  47|0x0000000417800000, 0x0000000417800000, 0x0000000418000000|  0%| F|  |TAMS 0x0000000417800000| PB 0x0000000417800000| Untracked 
|  48|0x0000000418000000, 0x0000000418000000, 0x0000000418800000|  0%| F|  |TAMS 0x0000000418000000| PB 0x0000000418000000| Untracked 
|  49|0x0000000418800000, 0x0000000418800000, 0x0000000419000000|  0%| F|  |TAMS 0x0000000418800000| PB 0x0000000418800000| Untracked 
|  50|0x0000000419000000, 0x0000000419000000, 0x0000000419800000|  0%| F|  |TAMS 0x0000000419000000| PB 0x0000000419000000| Untracked 
|  51|0x0000000419800000, 0x0000000419800000, 0x000000041a000000|  0%| F|  |TAMS 0x0000000419800000| PB 0x0000000419800000| Untracked 
|  52|0x000000041a000000, 0x000000041a000000, 0x000000041a800000|  0%| F|  |TAMS 0x000000041a000000| PB 0x000000041a000000| Untracked 
|  53|0x000000041a800000, 0x000000041a800000, 0x000000041b000000|  0%| F|  |TAMS 0x000000041a800000| PB 0x000000041a800000| Untracked 
|  54|0x000000041b000000, 0x000000041b000000, 0x000000041b800000|  0%| F|  |TAMS 0x000000041b000000| PB 0x000000041b000000| Untracked 
|  55|0x000000041b800000, 0x000000041b800000, 0x000000041c000000|  0%| F|  |TAMS 0x000000041b800000| PB 0x000000041b800000| Untracked 
|  56|0x000000041c000000, 0x000000041c000000, 0x000000041c800000|  0%| F|  |TAMS 0x000000041c000000| PB 0x000000041c000000| Untracked 
|  57|0x000000041c800000, 0x000000041c800000, 0x000000041d000000|  0%| F|  |TAMS 0x000000041c800000| PB 0x000000041c800000| Untracked 
|  58|0x000000041d000000, 0x000000041d000000, 0x000000041d800000|  0%| F|  |TAMS 0x000000041d000000| PB 0x000000041d000000| Untracked 
|  59|0x000000041d800000, 0x000000041d800000, 0x000000041e000000|  0%| F|  |TAMS 0x000000041d800000| PB 0x000000041d800000| Untracked 
|  60|0x000000041e000000, 0x000000041e000000, 0x000000041e800000|  0%| F|  |TAMS 0x000000041e000000| PB 0x000000041e000000| Untracked 
|  61|0x000000041e800000, 0x000000041e800000, 0x000000041f000000|  0%| F|  |TAMS 0x000000041e800000| PB 0x000000041e800000| Untracked 
|  62|0x000000041f000000, 0x000000041f000000, 0x000000041f800000|  0%| F|  |TAMS 0x000000041f000000| PB 0x000000041f000000| Untracked 
|  63|0x000000041f800000, 0x000000041f800000, 0x0000000420000000|  0%| F|  |TAMS 0x000000041f800000| PB 0x000000041f800000| Untracked 
|  64|0x0000000420000000, 0x0000000420000000, 0x0000000420800000|  0%| F|  |TAMS 0x0000000420000000| PB 0x0000000420000000| Untracked 
|  65|0x0000000420800000, 0x0000000420800000, 0x0000000421000000|  0%| F|  |TAMS 0x0000000420800000| PB 0x0000000420800000| Untracked 
|  66|0x0000000421000000, 0x0000000421000000, 0x0000000421800000|  0%| F|  |TAMS 0x0000000421000000| PB 0x0000000421000000| Untracked 
|  67|0x0000000421800000, 0x0000000421800000, 0x0000000422000000|  0%| F|  |TAMS 0x0000000421800000| PB 0x0000000421800000| Untracked 
|  68|0x0000000422000000, 0x0000000422000000, 0x0000000422800000|  0%| F|  |TAMS 0x0000000422000000| PB 0x0000000422000000| Untracked 
|  69|0x0000000422800000, 0x0000000422800000, 0x0000000423000000|  0%| F|  |TAMS 0x0000000422800000| PB 0x0000000422800000| Untracked 
|  70|0x0000000423000000, 0x0000000423000000, 0x0000000423800000|  0%| F|  |TAMS 0x0000000423000000| PB 0x0000000423000000| Untracked 
|  71|0x0000000423800000, 0x0000000423800000, 0x0000000424000000|  0%| F|  |TAMS 0x0000000423800000| PB 0x0000000423800000| Untracked 
|  72|0x0000000424000000, 0x0000000424000000, 0x0000000424800000|  0%| F|  |TAMS 0x0000000424000000| PB 0x0000000424000000| Untracked 
|  73|0x0000000424800000, 0x0000000424800000, 0x0000000425000000|  0%| F|  |TAMS 0x0000000424800000| PB 0x0000000424800000| Untracked 
|  74|0x0000000425000000, 0x0000000425000000, 0x0000000425800000|  0%| F|  |TAMS 0x0000000425000000| PB 0x0000000425000000| Untracked 
|  75|0x0000000425800000, 0x0000000425800000, 0x0000000426000000|  0%| F|  |TAMS 0x0000000425800000| PB 0x0000000425800000| Untracked 
|  76|0x0000000426000000, 0x0000000426000000, 0x0000000426800000|  0%| F|  |TAMS 0x0000000426000000| PB 0x0000000426000000| Untracked 
|  77|0x0000000426800000, 0x0000000426800000, 0x0000000427000000|  0%| F|  |TAMS 0x0000000426800000| PB 0x0000000426800000| Untracked 
|  78|0x0000000427000000, 0x0000000427000000, 0x0000000427800000|  0%| F|  |TAMS 0x0000000427000000| PB 0x0000000427000000| Untracked 
|  79|0x0000000427800000, 0x0000000427800000, 0x0000000428000000|  0%| F|  |TAMS 0x0000000427800000| PB 0x0000000427800000| Untracked 
|  80|0x0000000428000000, 0x0000000428000000, 0x0000000428800000|  0%| F|  |TAMS 0x0000000428000000| PB 0x0000000428000000| Untracked 
|  81|0x0000000428800000, 0x0000000428800000, 0x0000000429000000|  0%| F|  |TAMS 0x0000000428800000| PB 0x0000000428800000| Untracked 
|  82|0x0000000429000000, 0x0000000429000000, 0x0000000429800000|  0%| F|  |TAMS 0x0000000429000000| PB 0x0000000429000000| Untracked 
|  83|0x0000000429800000, 0x0000000429800000, 0x000000042a000000|  0%| F|  |TAMS 0x0000000429800000| PB 0x0000000429800000| Untracked 
|  84|0x000000042a000000, 0x000000042a000000, 0x000000042a800000|  0%| F|  |TAMS 0x000000042a000000| PB 0x000000042a000000| Untracked 
|  85|0x000000042a800000, 0x000000042a800000, 0x000000042b000000|  0%| F|  |TAMS 0x000000042a800000| PB 0x000000042a800000| Untracked 
|  86|0x000000042b000000, 0x000000042b000000, 0x000000042b800000|  0%| F|  |TAMS 0x000000042b000000| PB 0x000000042b000000| Untracked 
|  87|0x000000042b800000, 0x000000042b800000, 0x000000042c000000|  0%| F|  |TAMS 0x000000042b800000| PB 0x000000042b800000| Untracked 
|  88|0x000000042c000000, 0x000000042c000000, 0x000000042c800000|  0%| F|  |TAMS 0x000000042c000000| PB 0x000000042c000000| Untracked 
|  89|0x000000042c800000, 0x000000042c800000, 0x000000042d000000|  0%| F|  |TAMS 0x000000042c800000| PB 0x000000042c800000| Untracked 
|  90|0x000000042d000000, 0x000000042d000000, 0x000000042d800000|  0%| F|  |TAMS 0x000000042d000000| PB 0x000000042d000000| Untracked 
|  91|0x000000042d800000, 0x000000042d800000, 0x000000042e000000|  0%| F|  |TAMS 0x000000042d800000| PB 0x000000042d800000| Untracked 
|  92|0x000000042e000000, 0x000000042e000000, 0x000000042e800000|  0%| F|  |TAMS 0x000000042e000000| PB 0x000000042e000000| Untracked 
|  93|0x000000042e800000, 0x000000042e800000, 0x000000042f000000|  0%| F|  |TAMS 0x000000042e800000| PB 0x000000042e800000| Untracked 
|  94|0x000000042f000000, 0x000000042f000000, 0x000000042f800000|  0%| F|  |TAMS 0x000000042f000000| PB 0x000000042f000000| Untracked 
|  95|0x000000042f800000, 0x000000042f800000, 0x0000000430000000|  0%| F|  |TAMS 0x000000042f800000| PB 0x000000042f800000| Untracked 
|  96|0x0000000430000000, 0x0000000430000000, 0x0000000430800000|  0%| F|  |TAMS 0x0000000430000000| PB 0x0000000430000000| Untracked 
|  97|0x0000000430800000, 0x0000000430800000, 0x0000000431000000|  0%| F|  |TAMS 0x0000000430800000| PB 0x0000000430800000| Untracked 
|  98|0x0000000431000000, 0x0000000431000000, 0x0000000431800000|  0%| F|  |TAMS 0x0000000431000000| PB 0x0000000431000000| Untracked 
|  99|0x0000000431800000, 0x0000000431800000, 0x0000000432000000|  0%| F|  |TAMS 0x0000000431800000| PB 0x0000000431800000| Untracked 
| 100|0x0000000432000000, 0x0000000432000000, 0x0000000432800000|  0%| F|  |TAMS 0x0000000432000000| PB 0x0000000432000000| Untracked 
| 101|0x0000000432800000, 0x0000000432800000, 0x0000000433000000|  0%| F|  |TAMS 0x0000000432800000| PB 0x0000000432800000| Untracked 
| 102|0x0000000433000000, 0x0000000433000000, 0x0000000433800000|  0%| F|  |TAMS 0x0000000433000000| PB 0x0000000433000000| Untracked 
| 103|0x0000000433800000, 0x0000000433800000, 0x0000000434000000|  0%| F|  |TAMS 0x0000000433800000| PB 0x0000000433800000| Untracked 
| 104|0x0000000434000000, 0x0000000434000000, 0x0000000434800000|  0%| F|  |TAMS 0x0000000434000000| PB 0x0000000434000000| Untracked 
| 105|0x0000000434800000, 0x0000000434800000, 0x0000000435000000|  0%| F|  |TAMS 0x0000000434800000| PB 0x0000000434800000| Untracked 
| 106|0x0000000435000000, 0x0000000435000000, 0x0000000435800000|  0%| F|  |TAMS 0x0000000435000000| PB 0x0000000435000000| Untracked 
| 107|0x0000000435800000, 0x0000000435800000, 0x0000000436000000|  0%| F|  |TAMS 0x0000000435800000| PB 0x0000000435800000| Untracked 
| 108|0x0000000436000000, 0x0000000436000000, 0x0000000436800000|  0%| F|  |TAMS 0x0000000436000000| PB 0x0000000436000000| Untracked 
| 109|0x0000000436800000, 0x0000000436800000, 0x0000000437000000|  0%| F|  |TAMS 0x0000000436800000| PB 0x0000000436800000| Untracked 
| 110|0x0000000437000000, 0x0000000437000000, 0x0000000437800000|  0%| F|  |TAMS 0x0000000437000000| PB 0x0000000437000000| Untracked 
| 111|0x0000000437800000, 0x0000000437800000, 0x0000000438000000|  0%| F|  |TAMS 0x0000000437800000| PB 0x0000000437800000| Untracked 
| 112|0x0000000438000000, 0x0000000438000000, 0x0000000438800000|  0%| F|  |TAMS 0x0000000438000000| PB 0x0000000438000000| Untracked 
| 113|0x0000000438800000, 0x0000000438800000, 0x0000000439000000|  0%| F|  |TAMS 0x0000000438800000| PB 0x0000000438800000| Untracked 
| 114|0x0000000439000000, 0x0000000439000000, 0x0000000439800000|  0%| F|  |TAMS 0x0000000439000000| PB 0x0000000439000000| Untracked 
| 115|0x0000000439800000, 0x0000000439800000, 0x000000043a000000|  0%| F|  |TAMS 0x0000000439800000| PB 0x0000000439800000| Untracked 
| 116|0x000000043a000000, 0x000000043a000000, 0x000000043a800000|  0%| F|  |TAMS 0x000000043a000000| PB 0x000000043a000000| Untracked 
| 117|0x000000043a800000, 0x000000043a800000, 0x000000043b000000|  0%| F|  |TAMS 0x000000043a800000| PB 0x000000043a800000| Untracked 
| 118|0x000000043b000000, 0x000000043b000000, 0x000000043b800000|  0%| F|  |TAMS 0x000000043b000000| PB 0x000000043b000000| Untracked 
| 119|0x000000043b800000, 0x000000043b800000, 0x000000043c000000|  0%| F|  |TAMS 0x000000043b800000| PB 0x000000043b800000| Untracked 
| 120|0x000000043c000000, 0x000000043c000000, 0x000000043c800000|  0%| F|  |TAMS 0x000000043c000000| PB 0x000000043c000000| Untracked 
| 121|0x000000043c800000, 0x000000043c800000, 0x000000043d000000|  0%| F|  |TAMS 0x000000043c800000| PB 0x000000043c800000| Untracked 
| 122|0x000000043d000000, 0x000000043d000000, 0x000000043d800000|  0%| F|  |TAMS 0x000000043d000000| PB 0x000000043d000000| Untracked 
| 123|0x000000043d800000, 0x000000043d800000, 0x000000043e000000|  0%| F|  |TAMS 0x000000043d800000| PB 0x000000043d800000| Untracked 
| 124|0x000000043e000000, 0x000000043e800000, 0x000000043e800000|100%| E|  |TAMS 0x000000043e000000| PB 0x000000043e000000| Complete 
| 125|0x000000043e800000, 0x000000043f000000, 0x000000043f000000|100%| E|CS|TAMS 0x000000043e800000| PB 0x000000043e800000| Complete 
| 126|0x000000043f000000, 0x000000043f800000, 0x000000043f800000|100%| E|CS|TAMS 0x000000043f000000| PB 0x000000043f000000| Complete 
| 127|0x000000043f800000, 0x0000000440000000, 0x0000000440000000|100%| E|CS|TAMS 0x000000043f800000| PB 0x000000043f800000| Complete 
|2047|0x00000007ff800000, 0x00000007ff903198, 0x0000000800000000| 12%| O|  |TAMS 0x00000007ff800000| PB 0x00000007ff800000| Untracked 

Card table byte_map: [0x000000010813d000,0x000000010a13d000] _byte_map_base: 0x000000010613d000

Marking Bits: (CMBitMap*) 0x00007fac6c009010
 Bits: [0x0000000122098000, 0x0000000132098000)

Polling page: 0x0000000103c25000

Metaspace:

Usage:
  Non-class:     12.21 MB used.
      Class:      1.68 MB used.
       Both:     13.89 MB used.

Virtual space:
  Non-class space:       64.00 MB reserved,      12.38 MB ( 19%) committed,  1 nodes.
      Class space:        1.00 GB reserved,       1.75 MB ( <1%) committed,  1 nodes.
             Both:        1.06 GB reserved,      14.12 MB (  1%) committed. 

Chunk freelists:
   Non-Class:  2.98 MB
       Class:  14.19 MB
        Both:  17.17 MB

MaxMetaspaceSize: unlimited
CompressedClassSpaceSize: 1.00 GB
Initial GC threshold: 21.00 MB
Current GC threshold: 21.00 MB
CDS: on
 - commit_granule_bytes: 65536.
 - commit_granule_words: 8192.
 - virtual_space_node_default_size: 8388608.
 - enlarge_chunks_in_place: 1.
 - use_allocation_guard: 0.


Internal statistics:

num_allocs_failed_limit: 0.
num_arena_births: 224.
num_arena_deaths: 0.
num_vsnodes_births: 2.
num_vsnodes_deaths: 0.
num_space_committed: 226.
num_space_uncommitted: 0.
num_chunks_returned_to_freelist: 0.
num_chunks_taken_from_freelist: 360.
num_chunk_merges: 0.
num_chunk_splits: 232.
num_chunks_enlarged: 157.
num_inconsistent_stats: 0.

CodeHeap 'non-profiled nmethods': size=120028Kb used=686Kb max_used=686Kb free=119341Kb
 bounds [0x000000011ab61000, 0x000000011add1000, 0x0000000122098000]
CodeHeap 'profiled nmethods': size=120028Kb used=3394Kb max_used=3394Kb free=116633Kb
 bounds [0x0000000113098000, 0x00000001133f8000, 0x000000011a5cf000]
CodeHeap 'non-nmethods': size=5704Kb used=1630Kb max_used=1630Kb free=4074Kb
 bounds [0x000000011a5cf000, 0x000000011a83f000, 0x000000011ab61000]
 total_blobs=2491 nmethods=1790 adapters=606
 compilation: enabled
              stopped_count=0, restarted_count=0
 full_count=0

Compilation events (20 events):
Event: 1.975 Thread 0x00007fac6c09b200 1780       1       sun.java2d.loops.CompositeType::getUniqueID (5 bytes)
Event: 1.975 Thread 0x00007fac6c09b200 nmethod 1780 0x000000011ac0c010 code [0x000000011ac0c1a0, 0x000000011ac0c260]
Event: 1.975 Thread 0x00007fac6c09b200 1782       3       sun.java2d.loops.GraphicsPrimitive::<init> (75 bytes)
Event: 1.975 Thread 0x00007fac6c09b200 nmethod 1782 0x00000001133e4890 code [0x00000001133e4a60, 0x00000001133e5030]
Event: 1.977 Thread 0x00007fac6c09b200 1783       3       java.util.ImmutableCollections$Set12::<init> (53 bytes)
Event: 1.978 Thread 0x00007fac6c09b200 nmethod 1783 0x00000001133e5290 code [0x00000001133e5540, 0x00000001133e61a8]
Event: 1.987 Thread 0x00007fac6c09b200 1786       3       java.lang.invoke.InnerClassLambdaMetafactory::getLoadOpcode (26 bytes)
Event: 1.988 Thread 0x00007fac6c09b200 nmethod 1786 0x00000001133e6610 code [0x00000001133e67c0, 0x00000001133e69d8]
Event: 1.988 Thread 0x00007fac6c09b200 1787       3       jdk.internal.org.objectweb.asm.MethodVisitor::visitVarInsn (17 bytes)
Event: 1.988 Thread 0x00007fac6c09b200 nmethod 1787 0x00000001133e6a90 code [0x00000001133e6c40, 0x00000001133e6e50]
Event: 1.988 Thread 0x00007fac6c09b200 1788       3       java.lang.invoke.InnerClassLambdaMetafactory::getParameterSize (27 bytes)
Event: 1.988 Thread 0x00007fac6c09b200 nmethod 1788 0x00000001133e6f10 code [0x00000001133e70c0, 0x00000001133e72d0]
Event: 1.988 Thread 0x00007fac6c09b200 1784       3       jdk.internal.org.objectweb.asm.FieldWriter::<init> (69 bytes)
Event: 1.988 Thread 0x00007fac6c09b200 nmethod 1784 0x00000001133e7390 code [0x00000001133e7580, 0x00000001133e7950]
Event: 1.988 Thread 0x00007fac6c09b200 1785       3       jdk.internal.org.objectweb.asm.FieldVisitor::<init> (7 bytes)
Event: 1.988 Thread 0x00007fac6c09b200 nmethod 1785 0x00000001133e7b90 code [0x00000001133e7d40, 0x00000001133e7e88]
Event: 1.989 Thread 0x00007fac6c09b200 1790       3       java.util.logging.Logger::isLoggable (27 bytes)
Event: 1.989 Thread 0x00007fac6c09b200 nmethod 1790 0x00000001133e7f10 code [0x00000001133e80c0, 0x00000001133e82a0]
Event: 1.996 Thread 0x00007fac6c09b200 1792       3       java.lang.invoke.MethodType::methodType (44 bytes)
Event: 1.996 Thread 0x00007fac6c09b200 nmethod 1792 0x00000001133e8390 code [0x00000001133e8580, 0x00000001133e8a48]

GC Heap History (0 events):
No events

Dll operation events (13 events):
Event: 0.008 Loaded shared library /Users/ethan/Library/Java/JavaVirtualMachines/openjdk-21.0.1/Contents/Home/lib/libjava.dylib
Event: 0.070 Loaded shared library /Users/ethan/Library/Java/JavaVirtualMachines/openjdk-21.0.1/Contents/Home/lib/libzip.dylib
Event: 0.073 Loaded shared library /Users/ethan/Library/Java/JavaVirtualMachines/openjdk-21.0.1/Contents/Home/lib/libinstrument.dylib
Event: 0.077 Loaded shared library /Users/ethan/Library/Java/JavaVirtualMachines/openjdk-21.0.1/Contents/Home/lib/libnio.dylib
Event: 0.080 Loaded shared library /Users/ethan/Library/Java/JavaVirtualMachines/openjdk-21.0.1/Contents/Home/lib/libzip.dylib
Event: 0.097 Loaded shared library /Users/ethan/Library/Java/JavaVirtualMachines/openjdk-21.0.1/Contents/Home/lib/libnet.dylib
Event: 0.102 Loaded shared library /Users/ethan/Library/Java/JavaVirtualMachines/openjdk-21.0.1/Contents/Home/lib/libextnet.dylib
Event: 0.108 Loaded shared library /Users/ethan/Library/Java/JavaVirtualMachines/openjdk-21.0.1/Contents/Home/lib/libjimage.dylib
Event: 0.205 Loaded shared library /Users/ethan/Library/Java/JavaVirtualMachines/openjdk-21.0.1/Contents/Home/lib/libawt.dylib
Event: 0.208 Loaded shared library /Users/ethan/Library/Java/JavaVirtualMachines/openjdk-21.0.1/Contents/Home/lib/libawt_lwawt.dylib
Event: 0.220 Loaded shared library /Users/ethan/Library/Java/JavaVirtualMachines/openjdk-21.0.1/Contents/Home/lib/libfontmanager.dylib
Event: 0.433 Loaded shared library /Users/ethan/Library/Java/JavaVirtualMachines/openjdk-21.0.1/Contents/Home/lib/libosxui.dylib
Event: 0.638 Loaded shared library /private/var/folders/zb/hgfqt4_n7_n6_bf0cn_vsq_c0000gp/T/com-weisj-darklaf-nativeutils-darklaf-macos82020378484243004225721967149040842/libdarklaf-macos-x86-64.dylib

Deoptimization events (20 events):
Event: 1.870 Thread 0x00007fac6b036200 DEOPT PACKING pc=0x00000001133987ba sp=0x000070000b212ec0
Event: 1.870 Thread 0x00007fac6b036200 DEOPT UNPACKING pc=0x000000011a62372f sp=0x000070000b2123d8 mode 0
Event: 1.871 Thread 0x00007fac6b036200 Uncommon trap: trap_request=0xffffff45 fr.pc=0x000000011abf73f0 relative=0x0000000000000610
Event: 1.871 Thread 0x00007fac6b036200 Uncommon trap: reason=unstable_if action=reinterpret pc=0x000000011abf73f0 method=sun.awt.image.OffScreenImageSource.sendPixels()V @ 158 c2
Event: 1.871 Thread 0x00007fac6b036200 DEOPT PACKING pc=0x000000011abf73f0 sp=0x000070000b212f10
Event: 1.871 Thread 0x00007fac6b036200 DEOPT UNPACKING pc=0x000000011a622f99 sp=0x000070000b212ed8 mode 2
Event: 1.886 Thread 0x00007fac6b036200 Uncommon trap: trap_request=0xffffff45 fr.pc=0x000000011abcc048 relative=0x0000000000000888
Event: 1.886 Thread 0x00007fac6b036200 Uncommon trap: reason=unstable_if action=reinterpret pc=0x000000011abcc048 method=java.util.Properties$LineReader.readLine()I @ 25 c2
Event: 1.886 Thread 0x00007fac6b036200 DEOPT PACKING pc=0x000000011abcc048 sp=0x000070000b2123d0
Event: 1.886 Thread 0x00007fac6b036200 DEOPT UNPACKING pc=0x000000011a622f99 sp=0x000070000b212370 mode 2
Event: 1.887 Thread 0x00007fac6b036200 Uncommon trap: trap_request=0xffffff76 fr.pc=0x000000011abaf048 relative=0x0000000000000168
Event: 1.887 Thread 0x00007fac6b036200 Uncommon trap: reason=predicate action=maybe_recompile pc=0x000000011abaf048 method=java.util.Properties$LineReader.readLine()I @ 53 c2
Event: 1.887 Thread 0x00007fac6b036200 DEOPT PACKING pc=0x000000011abaf048 sp=0x000070000b212480
Event: 1.887 Thread 0x00007fac6b036200 DEOPT UNPACKING pc=0x000000011a622f99 sp=0x000070000b212438 mode 2
Event: 1.891 Thread 0x00007fac6b036200 Uncommon trap: trap_request=0xffffff45 fr.pc=0x000000011abac4a0 relative=0x00000000000004e0
Event: 1.891 Thread 0x00007fac6b036200 Uncommon trap: reason=unstable_if action=reinterpret pc=0x000000011abac4a0 method=java.util.Properties.loadConvert([CIILjava/lang/StringBuilder;)Ljava/lang/String; @ 26 c2
Event: 1.891 Thread 0x00007fac6b036200 DEOPT PACKING pc=0x000000011abac4a0 sp=0x000070000b2123c0
Event: 1.891 Thread 0x00007fac6b036200 DEOPT UNPACKING pc=0x000000011a622f99 sp=0x000070000b212380 mode 2
Event: 1.891 Thread 0x00007fac6b036200 DEOPT PACKING pc=0x000000011326c86d sp=0x000070000b2121b0
Event: 1.891 Thread 0x00007fac6b036200 DEOPT UNPACKING pc=0x000000011a62372f sp=0x000070000b2116e0 mode 0

Classes loaded (20 events):
Event: 1.976 Loading class sun/java2d/metal/MTLSurfaceData$1
Event: 1.976 Loading class sun/java2d/metal/MTLSurfaceData$1 done
Event: 1.978 Loading class sun/java2d/pipe/BufferedPaints
Event: 1.978 Loading class sun/java2d/pipe/BufferedPaints done
Event: 1.980 Loading class java/awt/SequencedEvent
Event: 1.981 Loading class java/awt/SequencedEvent done
Event: 1.981 Loading class java/awt/SequencedEvent$1
Event: 1.981 Loading class sun/awt/AWTAccessor$SequencedEventAccessor
Event: 1.981 Loading class sun/awt/AWTAccessor$SequencedEventAccessor done
Event: 1.981 Loading class java/awt/SequencedEvent$1 done
Event: 1.981 Loading class java/awt/SequencedEvent$2
Event: 1.981 Loading class java/awt/SequencedEvent$2 done
Event: 1.989 Loading class java/awt/peer/LightweightPeer
Event: 1.989 Loading class java/awt/peer/LightweightPeer done
Event: 1.989 Loading class sun/awt/LightweightPeerHolder
Event: 1.989 Loading class sun/awt/LightweightPeerHolder done
Event: 1.989 Loading class sun/awt/NullComponentPeer
Event: 1.989 Loading class java/awt/peer/PanelPeer
Event: 1.989 Loading class java/awt/peer/PanelPeer done
Event: 1.989 Loading class sun/awt/NullComponentPeer done

Classes unloaded (0 events):
No events

Classes redefined (0 events):
No events

Internal exceptions (20 events):
Event: 0.504 Thread 0x00007fac6b80f200 Exception <a 'java/lang/NoSuchMethodError'{0x000000043f0d89c8}: 'float java.lang.invoke.DirectMethodHandle$Holder.invokeStaticInit(java.lang.Object, float)'> (0x000000043f0d89c8) 
thrown [open/src/hotspot/share/interpreter/linkResolver.cpp, line 773]
Event: 0.548 Thread 0x00007fac6b80f200 Exception <a 'sun/nio/fs/UnixException'{0x000000043f2d95b0}> (0x000000043f2d95b0) 
thrown [open/src/hotspot/share/prims/jni.cpp, line 520]
Event: 0.644 Thread 0x00007fac6b80f200 Exception <a 'java/lang/NoSuchMethodError'{0x000000043f4103f0}: 'java.lang.Object java.lang.invoke.DirectMethodHandle$Holder.invokeVirtual(java.lang.Object, java.lang.Object, java.lang.Object)'> (0x000000043f4103f0) 
thrown [open/src/hotspot/share/interpreter/linkResolver.cpp, line 773]
Event: 0.831 Thread 0x00007fac6b80f200 Exception <a 'java/lang/NoSuchMethodError'{0x000000043f6fbd38}: 'java.lang.Object java.lang.invoke.DirectMethodHandle$Holder.invokeInterface(java.lang.Object, java.lang.Object, java.lang.Object)'> (0x000000043f6fbd38) 
thrown [open/src/hotspot/share/interpreter/linkResolver.cpp, line 773]
Event: 1.255 Thread 0x00007fabfb80d400 Exception <a 'java/lang/NoSuchMethodError'{0x000000043ea5fb48}: 'java.lang.Object java.lang.invoke.Invokers$Holder.invokeExact_MT(java.lang.Object, java.lang.Object, java.lang.Object, java.lang.Object, java.lang.Object, java.lang.Object)'> (0x000000043ea5fb48) 
thrown [open/src/hotspot/share/interpreter/linkResolver.cpp, line 773]
Event: 1.700 Thread 0x00007fac6b80f200 Exception <a 'java/lang/NoSuchMethodError'{0x000000043ec67a50}: 'int java.lang.invoke.DirectMethodHandle$Holder.invokeSpecial(java.lang.Object, java.lang.Object, java.lang.Object)'> (0x000000043ec67a50) 
thrown [open/src/hotspot/share/interpreter/linkResolver.cpp, line 773]
Event: 1.736 Thread 0x00007fac6b80f200 Exception <a 'java/lang/NoSuchMethodError'{0x000000043ef97eb0}: 'int java.lang.invoke.Invokers$Holder.invokeExact_MT(java.lang.Object, java.lang.Object)'> (0x000000043ef97eb0) 
thrown [open/src/hotspot/share/interpreter/linkResolver.cpp, line 773]
Event: 1.750 Thread 0x00007fac6b80f200 Exception <a 'java/lang/ClassNotFoundException'{0x000000043e032c58}: com/sun/swing/internal/plaf/metal/resources/spi/metalProvider> (0x000000043e032c58) 
thrown [open/src/hotspot/share/classfile/systemDictionary.cpp, line 312]
Event: 1.751 Thread 0x00007fac6b80f200 Exception <a 'java/lang/ClassNotFoundException'{0x000000043e0366e0}: com/sun/swing/internal/plaf/basic/resources/spi/basicProvider> (0x000000043e0366e0) 
thrown [open/src/hotspot/share/classfile/systemDictionary.cpp, line 312]
Event: 1.758 Thread 0x00007fac6b80f200 Exception <a 'java/lang/NoSuchMethodError'{0x000000043e09ef60}: 'java.lang.Object java.lang.invoke.DirectMethodHandle$Holder.invokeSpecial(java.lang.Object, java.lang.Object, int, java.lang.Object, java.lang.Object)'> (0x000000043e09ef60) 
thrown [open/src/hotspot/share/interpreter/linkResolver.cpp, line 773]
Event: 1.758 Thread 0x00007fac6b80f200 Exception <a 'java/lang/NoSuchMethodError'{0x000000043e0a25f8}: 'java.lang.Object java.lang.invoke.Invokers$Holder.linkToTargetMethod(int, java.lang.Object, java.lang.Object, java.lang.Object)'> (0x000000043e0a25f8) 
thrown [open/src/hotspot/share/interpreter/linkResolver.cpp, line 773]
Event: 1.786 Thread 0x00007fac6b80f200 Exception <a 'java/lang/NoSuchMethodError'{0x000000043e169a88}: 'void java.lang.invoke.DirectMethodHandle$Holder.invokeVirtual(java.lang.Object, java.lang.Object)'> (0x000000043e169a88) 
thrown [open/src/hotspot/share/interpreter/linkResolver.cpp, line 773]
Event: 1.855 Thread 0x00007fac6b036200 Implicit null exception at 0x000000011abef5cb to 0x000000011abef7dc
Event: 1.934 Thread 0x00007fac6b036200 Exception <a 'java/lang/NoSuchMethodError'{0x000000043e67dc38}: 'void java.lang.invoke.Invokers$Holder.invokeExact_MT(java.lang.Object, java.lang.Object, java.lang.Object, java.lang.Object)'> (0x000000043e67dc38) 
thrown [open/src/hotspot/share/interpreter/linkResolver.cpp, line 773]
Event: 1.939 Thread 0x00007fac6b036200 Exception <a 'java/lang/NoSuchMethodError'{0x000000043e6892d0}: 'java.lang.Object java.lang.invoke.DirectMethodHandle$Holder.newInvokeSpecial(java.lang.Object, java.lang.Object, java.lang.Object, int, java.lang.Object)'> (0x000000043e6892d0) 
thrown [open/src/hotspot/share/interpreter/linkResolver.cpp, line 773]
Event: 1.939 Thread 0x00007fac6b036200 Exception <a 'java/lang/NoSuchMethodError'{0x000000043e690978}: 'java.lang.Object java.lang.invoke.Invokers$Holder.linkToTargetMethod(java.lang.Object, java.lang.Object, int, java.lang.Object, java.lang.Object)'> (0x000000043e690978) 
thrown [open/src/hotspot/share/interpreter/linkResolver.cpp, line 773]
Event: 1.959 Thread 0x00007fac6b036200 Exception <a 'java/lang/NoSuchMethodError'{0x000000043e694700}: 'void java.lang.invoke.DirectMethodHandle$Holder.invokeStatic(java.lang.Object, int, long)'> (0x000000043e694700) 
thrown [open/src/hotspot/share/interpreter/linkResolver.cpp, line 773]
Event: 1.967 Thread 0x00007fac6b036200 Exception <a 'java/lang/NoSuchMethodError'{0x000000043e6b4198}: 'java.lang.Object java.lang.invoke.Invokers$Holder.linkToTargetMethod(int, int, int, int, java.lang.Object)'> (0x000000043e6b4198) 
thrown [open/src/hotspot/share/interpreter/linkResolver.cpp, line 773]
Event: 1.968 Thread 0x00007fac6b036200 Exception <a 'java/lang/NoSuchMethodError'{0x000000043e6b7b70}: 'void java.lang.invoke.DirectMethodHandle$Holder.invokeStatic(java.lang.Object, java.lang.Object, long)'> (0x000000043e6b7b70) 
thrown [open/src/hotspot/share/interpreter/linkResolver.cpp, line 773]
Event: 1.996 Thread 0x00007fac6b832000 Exception <a 'java/lang/NoSuchMethodError'{0x000000043e6d0bf0}: 'void java.lang.invoke.DirectMethodHandle$Holder.invokeStatic(java.lang.Object, long)'> (0x000000043e6d0bf0) 
thrown [open/src/hotspot/share/interpreter/linkResolver.cpp, line 773]

ZGC Phase Switch (0 events):
No events

VM Operations (20 events):
Event: 0.524 Executing VM operation: HandshakeAllThreads (Deoptimize)
Event: 0.524 Executing VM operation: HandshakeAllThreads (Deoptimize) done
Event: 1.128 Executing VM operation: Cleanup
Event: 1.128 Executing VM operation: Cleanup done
Event: 1.238 Executing VM operation: HandshakeAllThreads (Deoptimize)
Event: 1.239 Executing VM operation: HandshakeAllThreads (Deoptimize) done
Event: 1.688 Executing VM operation: HandshakeAllThreads (Deoptimize)
Event: 1.688 Executing VM operation: HandshakeAllThreads (Deoptimize) done
Event: 1.776 Executing VM operation: HandshakeAllThreads (Deoptimize)
Event: 1.776 Executing VM operation: HandshakeAllThreads (Deoptimize) done
Event: 1.833 Executing VM operation: ICBufferFull
Event: 1.834 Executing VM operation: ICBufferFull done
Event: 1.910 Executing VM operation: HandshakeAllThreads (Deoptimize)
Event: 1.910 Executing VM operation: HandshakeAllThreads (Deoptimize) done
Event: 1.921 Executing VM operation: HandshakeAllThreads (Deoptimize)
Event: 1.921 Executing VM operation: HandshakeAllThreads (Deoptimize) done
Event: 1.929 Executing VM operation: HandshakeAllThreads (Deoptimize)
Event: 1.929 Executing VM operation: HandshakeAllThreads (Deoptimize) done
Event: 1.929 Executing VM operation: HandshakeAllThreads (Deoptimize)
Event: 1.929 Executing VM operation: HandshakeAllThreads (Deoptimize) done

Events (20 events):
Event: 0.829 Thread 0x00007fac3b0ea200 Thread added: 0x00007fac3b0ea200
Event: 0.829 Protecting memory [0x000070000ae0b000,0x000070000ae0f000] with protection modes 0
Event: 1.129 Thread 0x00007fabfb80d400 Thread added: 0x00007fabfb80d400
Event: 1.129 Protecting memory [0x000070000af0e000,0x000070000af12000] with protection modes 0
Event: 1.236 Protecting memory [0x000070000ae0b000,0x000070000ae0f000] with protection modes 3
Event: 1.236 Thread 0x00007fac3b0ea200 Thread exited: 0x00007fac3b0ea200
Event: 1.668 Thread 0x00007fac3b1ce400 Thread added: 0x00007fac3b1ce400
Event: 1.668 Protecting memory [0x000070000ae0b000,0x000070000ae0f000] with protection modes 0
Event: 1.700 Protecting memory [0x000070000aa7c000,0x000070000aa80000] with protection modes 3
Event: 1.700 Thread 0x00007fac6d07ea00 Thread exited: 0x00007fac6d07ea00
Event: 1.717 Thread 0x00007fac3b1cce00 Thread added: 0x00007fac3b1cce00
Event: 1.717 Protecting memory [0x000070000aa7c000,0x000070000aa80000] with protection modes 0
Event: 1.783 Thread 0x00007fac3b1cd600 Thread added: 0x00007fac3b1cd600
Event: 1.783 Protecting memory [0x000070000b011000,0x000070000b015000] with protection modes 0
Event: 1.783 Thread 0x00007fac6b036200 Thread added: 0x00007fac6b036200
Event: 1.783 Protecting memory [0x000070000b114000,0x000070000b118000] with protection modes 0
Event: 1.787 Protecting memory [0x000070000963d000,0x0000700009641000] with protection modes 3
Event: 1.787 Thread 0x00007fac6b80f200 Thread exited: 0x00007fac6b80f200
Event: 1.787 Protecting memory [0x000070000963d000,0x0000700009641000] with protection modes 0
Event: 1.787 Thread 0x00007fac3b1e8400 Thread added: 0x00007fac3b1e8400


Dynamic libraries:
0x0000000103c28000 	/Users/ethan/Library/Java/JavaVirtualMachines/openjdk-21.0.1/Contents/Home/lib/libjli.dylib
0x00007ff81ab72000 	/usr/lib/libz.1.dylib
0x00007ff81ac52000 	/usr/lib/libSystem.B.dylib
0x00007ff81ac4d000 	/usr/lib/system/libcache.dylib
0x00007ff81ac09000 	/usr/lib/system/libcommonCrypto.dylib
0x00007ff81ac32000 	/usr/lib/system/libcompiler_rt.dylib
0x00007ff81ac28000 	/usr/lib/system/libcopyfile.dylib
0x00007ff80fbdf000 	/usr/lib/system/libcorecrypto.dylib
0x00007ff80fc9d000 	/usr/lib/system/libdispatch.dylib
0x00007ff80fe5d000 	/usr/lib/system/libdyld.dylib
0x00007ff81ac44000 	/usr/lib/system/libkeymgr.dylib
0x00007ff81abe7000 	/usr/lib/system/libmacho.dylib
0x00007ff81a268000 	/usr/lib/system/libquarantine.dylib
0x00007ff81ac42000 	/usr/lib/system/libremovefile.dylib
0x00007ff814df3000 	/usr/lib/system/libsystem_asl.dylib
0x00007ff80fb88000 	/usr/lib/system/libsystem_blocks.dylib
0x00007ff80fd21000 	/usr/lib/system/libsystem_c.dylib
0x00007ff81ac3a000 	/usr/lib/system/libsystem_collections.dylib
0x00007ff81951c000 	/usr/lib/system/libsystem_configuration.dylib
0x00007ff8187c5000 	/usr/lib/system/libsystem_containermanager.dylib
0x00007ff81a91f000 	/usr/lib/system/libsystem_coreservices.dylib
0x00007ff812494000 	/usr/lib/system/libsystem_darwin.dylib
0x00007ff81ac45000 	/usr/lib/system/libsystem_dnssd.dylib
0x00007ff80fd1e000 	/usr/lib/system/libsystem_featureflags.dylib
0x00007ff80fe73000 	/usr/lib/system/libsystem_info.dylib
0x00007ff81ab85000 	/usr/lib/system/libsystem_m.dylib
0x00007ff80fc71000 	/usr/lib/system/libsystem_malloc.dylib
0x00007ff814d8e000 	/usr/lib/system/libsystem_networkextension.dylib
0x00007ff8128ba000 	/usr/lib/system/libsystem_notify.dylib
0x00007ff820ec5000 	/usr/lib/system/libsystem_product_info_filter.dylib
0x00007ff819520000 	/usr/lib/system/libsystem_sandbox.dylib
0x00007ff81ac3f000 	/usr/lib/system/libsystem_secinit.dylib
0x00007ff80fe19000 	/usr/lib/system/libsystem_kernel.dylib
0x00007ff80fe69000 	/usr/lib/system/libsystem_platform.dylib
0x00007ff80fe51000 	/usr/lib/system/libsystem_pthread.dylib
0x00007ff816641000 	/usr/lib/system/libsystem_symptoms.dylib
0x00007ff80fbc6000 	/usr/lib/system/libsystem_trace.dylib
0x00007ff81ac15000 	/usr/lib/system/libunwind.dylib
0x00007ff80fb8a000 	/usr/lib/system/libxpc.dylib
0x00007ff80fe03000 	/usr/lib/libc++abi.dylib
0x00007ff80fce4000 	/usr/lib/libobjc.A.dylib
0x00007ff81ac20000 	/usr/lib/liboah.dylib
0x00007ff80fdaa000 	/usr/lib/libc++.1.dylib
0x00007ff826ccb000 	/System/Library/Frameworks/Cocoa.framework/Versions/A/Cocoa
0x00007ff812918000 	/System/Library/Frameworks/AppKit.framework/Versions/C/AppKit
0x00007ff815e2f000 	/System/Library/Frameworks/CoreData.framework/Versions/A/CoreData
0x00007ff810d1b000 	/System/Library/Frameworks/Foundation.framework/Versions/C/Foundation
0x00007ff8137a8000 	/System/Library/PrivateFrameworks/UIFoundation.framework/Versions/A/UIFoundation
0x00007ff820bc8000 	/System/Library/PrivateFrameworks/RemoteViewServices.framework/Versions/A/RemoteViewServices
0x00007ff818ea6000 	/System/Library/PrivateFrameworks/XCTTargetBootstrap.framework/Versions/A/XCTTargetBootstrap
0x00007ff81ca5e000 	/System/Library/PrivateFrameworks/InternationalSupport.framework/Versions/A/InternationalSupport
0x00007ff81cae8000 	/System/Library/PrivateFrameworks/UserActivity.framework/Versions/A/UserActivity
0x00007ff81be3a000 	/usr/lib/libspindump.dylib
0x00007ff813a37000 	/System/Library/Frameworks/UniformTypeIdentifiers.framework/Versions/A/UniformTypeIdentifiers
0x00007ff8175ca000 	/usr/lib/libapp_launch_measurement.dylib
0x00007ff816801000 	/System/Library/PrivateFrameworks/CoreAnalytics.framework/Versions/A/CoreAnalytics
0x00007ff8175cd000 	/System/Library/PrivateFrameworks/CoreAutoLayout.framework/Versions/A/CoreAutoLayout
0x00007ff8187fd000 	/System/Library/Frameworks/Metal.framework/Versions/A/Metal
0x00007ff81952c000 	/usr/lib/liblangid.dylib
0x00007ff818eab000 	/System/Library/PrivateFrameworks/CoreSVG.framework/Versions/A/CoreSVG
0x00007ff814e23000 	/System/Library/PrivateFrameworks/SkyLight.framework/Versions/A/SkyLight
0x00007ff8151c2000 	/System/Library/Frameworks/CoreGraphics.framework/Versions/A/CoreGraphics
0x00007ff821288000 	/System/Library/Frameworks/Accelerate.framework/Versions/A/Accelerate
0x00007ff81b8b9000 	/System/Library/PrivateFrameworks/IconServices.framework/Versions/A/IconServices
0x00007ff8187e2000 	/System/Library/Frameworks/IOSurface.framework/Versions/A/IOSurface
0x00007ff81682f000 	/usr/lib/libDiagnosticMessagesClient.dylib
0x00007ff82496f000 	/System/Library/Frameworks/ApplicationServices.framework/Versions/A/ApplicationServices
0x00007ff818e92000 	/System/Library/PrivateFrameworks/DFRFoundation.framework/Versions/A/DFRFoundation
0x00007ff812200000 	/usr/lib/libicucore.A.dylib
0x00007ff81d854000 	/System/Library/Frameworks/AudioToolbox.framework/Versions/A/AudioToolbox
0x00007ff81ca6a000 	/System/Library/PrivateFrameworks/DataDetectorsCore.framework/Versions/A/DataDetectorsCore
0x00007ff918f69000 	/System/Library/PrivateFrameworks/TextInput.framework/Versions/A/TextInput
0x00007ff814da6000 	/usr/lib/libMobileGestalt.dylib
0x00007ff818b9e000 	/System/Library/Frameworks/Carbon.framework/Versions/A/Frameworks/HIToolbox.framework/Versions/A/HIToolbox
0x00007ff816fcc000 	/System/Library/Frameworks/QuartzCore.framework/Versions/A/QuartzCore
0x00007ff811ea5000 	/System/Library/Frameworks/Security.framework/Versions/A/Security
0x00007ff820c00000 	/System/Library/Frameworks/Carbon.framework/Versions/A/Frameworks/SpeechRecognition.framework/Versions/A/SpeechRecognition
0x00007ff81732a000 	/System/Library/PrivateFrameworks/CoreUI.framework/Versions/A/CoreUI
0x00007ff81176f000 	/System/Library/Frameworks/CoreAudio.framework/Versions/A/CoreAudio
0x00007ff81691e000 	/System/Library/Frameworks/DiskArbitration.framework/Versions/A/DiskArbitration
0x00007ff81c22a000 	/System/Library/PrivateFrameworks/MultitouchSupport.framework/Versions/A/MultitouchSupport
0x00007ff814da5000 	/usr/lib/libenergytrace.dylib
0x00007ff812804000 	/System/Library/Frameworks/IOKit.framework/Versions/A/IOKit
0x00007ff820ff0000 	/System/Library/Frameworks/CoreServices.framework/Versions/A/CoreServices
0x00007ff817564000 	/System/Library/PrivateFrameworks/PerformanceAnalysis.framework/Versions/A/PerformanceAnalysis
0x00007ffa28c41000 	/System/Library/Frameworks/OpenGL.framework/Versions/A/OpenGL
0x00007ff81a18e000 	/System/Library/PrivateFrameworks/MobileKeyBag.framework/Versions/A/MobileKeyBag
0x00007ff81588e000 	/System/Library/Frameworks/ColorSync.framework/Versions/A/ColorSync
0x00007ff80fe9e000 	/System/Library/Frameworks/CoreFoundation.framework/Versions/A/CoreFoundation
0x00007ff819122000 	/System/Library/Frameworks/CoreImage.framework/Versions/A/CoreImage
0x00007ff811583000 	/System/Library/Frameworks/CoreText.framework/Versions/A/CoreText
0x00007ff818edb000 	/System/Library/Frameworks/ImageIO.framework/Versions/A/ImageIO
0x00007ff81ac58000 	/System/Library/PrivateFrameworks/SoftLinking.framework/Versions/A/SoftLinking
0x00007ff817615000 	/usr/lib/libxml2.2.dylib
0x00007ff81aedc000 	/usr/lib/libcompression.dylib
0x00007ff81c991000 	/System/Library/PrivateFrameworks/TextureIO.framework/Versions/A/TextureIO
0x00007ff81b5ca000 	/usr/lib/libate.dylib
0x00007ff81b3a6000 	/usr/lib/liblzma.5.dylib
0x00007ff810a2d000 	/System/Library/Frameworks/SystemConfiguration.framework/Versions/A/SystemConfiguration
0x00007ff81ac54000 	/usr/lib/libfakelink.dylib
0x00007ff8148fe000 	/System/Library/Frameworks/CFNetwork.framework/Versions/A/CFNetwork
0x00007ff81ad95000 	/usr/lib/libarchive.2.dylib
0x00007ff819528000 	/System/Library/PrivateFrameworks/AppleSystemInfo.framework/Versions/A/AppleSystemInfo
0x00007ff81a28f000 	/usr/lib/libbsm.0.dylib
0x00007ff813f0d000 	/usr/lib/libnetwork.dylib
0x00007ff81abed000 	/usr/lib/system/libkxld.dylib
0x00007ff819ec2000 	/System/Library/PrivateFrameworks/IOMobileFramebuffer.framework/Versions/A/IOMobileFramebuffer
0x00007ffb2861f000 	/usr/lib/libCoreEntitlements.dylib
0x00007ff81a901000 	/System/Library/PrivateFrameworks/AppleFSCompression.framework/Versions/A/AppleFSCompression
0x00007ff81a277000 	/usr/lib/libcoretls.dylib
0x00007ff81b3c0000 	/usr/lib/libcoretls_cfhelpers.dylib
0x00007ff81aed7000 	/usr/lib/libpam.2.dylib
0x00007ff816260000 	/usr/lib/libsqlite3.dylib
0x00007ff81b42f000 	/usr/lib/libxar.1.dylib
0x00007ff81a911000 	/usr/lib/libbz2.1.0.dylib
0x00007ff81ac59000 	/usr/lib/libpcap.A.dylib
0x00007ff816639000 	/usr/lib/libdns_services.dylib
0x00007ff81aea7000 	/usr/lib/libapple_nghttp2.dylib
0x00007ff81ac93000 	/usr/lib/libiconv.2.dylib
0x00007ff81abe6000 	/usr/lib/libcharset.1.dylib
0x00007ff817598000 	/System/Library/Frameworks/CoreServices.framework/Versions/A/Frameworks/FSEvents.framework/Versions/A/FSEvents
0x00007ff81249e000 	/System/Library/Frameworks/CoreServices.framework/Versions/A/Frameworks/CarbonCore.framework/Versions/A/CarbonCore
0x00007ff816882000 	/System/Library/Frameworks/CoreServices.framework/Versions/A/Frameworks/Metadata.framework/Versions/A/Metadata
0x00007ff81a924000 	/System/Library/Frameworks/CoreServices.framework/Versions/A/Frameworks/OSServices.framework/Versions/A/OSServices
0x00007ff81ae1c000 	/System/Library/Frameworks/CoreServices.framework/Versions/A/Frameworks/SearchKit.framework/Versions/A/SearchKit
0x00007ff8165cb000 	/System/Library/Frameworks/CoreServices.framework/Versions/A/Frameworks/AE.framework/Versions/A/AE
0x00007ff8103a1000 	/System/Library/Frameworks/CoreServices.framework/Versions/A/Frameworks/LaunchServices.framework/Versions/A/LaunchServices
0x00007ff81b357000 	/System/Library/Frameworks/CoreServices.framework/Versions/A/Frameworks/DictionaryServices.framework/Versions/A/DictionaryServices
0x00007ff8175a5000 	/System/Library/Frameworks/CoreServices.framework/Versions/A/Frameworks/SharedFileList.framework/Versions/A/SharedFileList
0x00007ff81a26b000 	/usr/lib/libCheckFix.dylib
0x00007ff814e0a000 	/System/Library/PrivateFrameworks/TCC.framework/Versions/A/TCC
0x00007ff81952e000 	/System/Library/PrivateFrameworks/CoreNLP.framework/Versions/A/CoreNLP
0x00007ff816832000 	/System/Library/PrivateFrameworks/MetadataUtilities.framework/Versions/A/MetadataUtilities
0x00007ff810ade000 	/usr/lib/libmecabra.dylib
0x00007ff81a29f000 	/usr/lib/libmecab.dylib
0x00007ff810aa9000 	/usr/lib/libCRFSuite.dylib
0x00007ff81a2f9000 	/usr/lib/libgermantok.dylib
0x00007ff81ae82000 	/usr/lib/libThaiTokenizer.dylib
0x00007ff816925000 	/System/Library/Frameworks/Accelerate.framework/Versions/A/Frameworks/vImage.framework/Versions/A/vImage
0x00007ff820fc7000 	/System/Library/Frameworks/Accelerate.framework/Versions/A/Frameworks/vecLib.framework/Versions/A/vecLib
0x00007ff81b470000 	/System/Library/Frameworks/Accelerate.framework/Versions/A/Frameworks/vecLib.framework/Versions/A/libvMisc.dylib
0x00007ff819ced000 	/System/Library/Frameworks/Accelerate.framework/Versions/A/Frameworks/vecLib.framework/Versions/A/libvDSP.dylib
0x00007ff81071d000 	/System/Library/Frameworks/Accelerate.framework/Versions/A/Frameworks/vecLib.framework/Versions/A/libBLAS.dylib
0x00007ff81afb9000 	/System/Library/Frameworks/Accelerate.framework/Versions/A/Frameworks/vecLib.framework/Versions/A/libLAPACK.dylib
0x00007ff81a2fc000 	/System/Library/Frameworks/Accelerate.framework/Versions/A/Frameworks/vecLib.framework/Versions/A/libLinearAlgebra.dylib
0x00007ff81aebf000 	/System/Library/Frameworks/Accelerate.framework/Versions/A/Frameworks/vecLib.framework/Versions/A/libSparseBLAS.dylib
0x00007ff81afb3000 	/System/Library/Frameworks/Accelerate.framework/Versions/A/Frameworks/vecLib.framework/Versions/A/libQuadrature.dylib
0x00007ff819619000 	/System/Library/Frameworks/Accelerate.framework/Versions/A/Frameworks/vecLib.framework/Versions/A/libBNNS.dylib
0x00007ff8109b7000 	/System/Library/Frameworks/Accelerate.framework/Versions/A/Frameworks/vecLib.framework/Versions/A/libSparse.dylib
0x00007ff819612000 	/System/Library/PrivateFrameworks/LinguisticData.framework/Versions/A/LinguisticData
0x00007ff81096d000 	/System/Library/PrivateFrameworks/Lexicon.framework/Versions/A/Lexicon
0x00007ff81b469000 	/usr/lib/libChineseTokenizer.dylib
0x00007ff8110d8000 	/System/Library/PrivateFrameworks/LanguageModeling.framework/Versions/A/LanguageModeling
0x00007ff81ae84000 	/System/Library/PrivateFrameworks/AppleSauce.framework/Versions/A/AppleSauce
0x00007ff819eb0000 	/System/Library/PrivateFrameworks/CoreEmoji.framework/Versions/A/CoreEmoji
0x00007ff81ad84000 	/usr/lib/libcmph.dylib
0x00007ff81757c000 	/System/Library/Frameworks/OpenDirectory.framework/Versions/A/Frameworks/CFOpenDirectory.framework/Versions/A/CFOpenDirectory
0x00007ff817570000 	/System/Library/Frameworks/OpenDirectory.framework/Versions/A/OpenDirectory
0x00007ff81b3c2000 	/System/Library/PrivateFrameworks/APFS.framework/Versions/A/APFS
0x00007ff81a1c6000 	/System/Library/Frameworks/SecurityFoundation.framework/Versions/A/SecurityFoundation
0x00007ff81b43d000 	/usr/lib/libutil.dylib
0x00007ff8127c8000 	/System/Library/PrivateFrameworks/CoreServicesStore.framework/Versions/A/CoreServicesStore
0x00007ff81b441000 	/usr/lib/libxslt.1.dylib
0x00007ff81a253000 	/System/Library/PrivateFrameworks/BackgroundTaskManagement.framework/Versions/A/BackgroundTaskManagement
0x00007ff81c8b1000 	/System/Library/Frameworks/ImageIO.framework/Versions/A/Resources/libRadiance.dylib
0x00007ff81c8ba000 	/System/Library/Frameworks/ImageIO.framework/Versions/A/Resources/libJPEG.dylib
0x00007ff81c809000 	/System/Library/Frameworks/ImageIO.framework/Versions/A/Resources/libPng.dylib
0x00007ff81c82a000 	/System/Library/Frameworks/ImageIO.framework/Versions/A/Resources/libTIFF.dylib
0x00007ff81c91a000 	/System/Library/Frameworks/ImageIO.framework/Versions/A/Resources/libGIF.dylib
0x00007ff81c144000 	/System/Library/Frameworks/ImageIO.framework/Versions/A/Resources/libJP2.dylib
0x00007ff81b87f000 	/usr/lib/libexpat.1.dylib
0x00007ff81c0f9000 	/System/Library/PrivateFrameworks/AppleJPEG.framework/Versions/A/AppleJPEG
0x00007ff818a62000 	/System/Library/PrivateFrameworks/FontServices.framework/libFontParser.dylib
0x00007ff816575000 	/System/Library/PrivateFrameworks/RunningBoardServices.framework/Versions/A/RunningBoardServices
0x00007ff827286000 	/System/Library/PrivateFrameworks/IOSurfaceAccelerator.framework/Versions/A/IOSurfaceAccelerator
0x00007ff81c226000 	/System/Library/PrivateFrameworks/WatchdogClient.framework/Versions/A/WatchdogClient
0x00007ff8111c6000 	/System/Library/Frameworks/CoreDisplay.framework/Versions/A/CoreDisplay
0x00007ff818960000 	/System/Library/Frameworks/CoreMedia.framework/Versions/A/CoreMedia
0x00007ff8187f4000 	/System/Library/PrivateFrameworks/IOAccelerator.framework/Versions/A/IOAccelerator
0x00007ff8176f9000 	/System/Library/Frameworks/CoreVideo.framework/Versions/A/CoreVideo
0x00007ff81aed5000 	/System/Library/Frameworks/MetalPerformanceShaders.framework/Versions/A/MetalPerformanceShaders
0x00007ff81c263000 	/System/Library/Frameworks/VideoToolbox.framework/Versions/A/VideoToolbox
0x00007ff8164bf000 	/System/Library/PrivateFrameworks/BaseBoard.framework/Versions/A/BaseBoard
0x00007ff816246000 	/System/Library/PrivateFrameworks/ProtocolBuffer.framework/Versions/A/ProtocolBuffer
0x00007ff81c8aa000 	/System/Library/PrivateFrameworks/GPUWrangler.framework/Versions/A/GPUWrangler
0x00007ff81c88e000 	/System/Library/PrivateFrameworks/IOPresentment.framework/Versions/A/IOPresentment
0x00007ff81c8b4000 	/System/Library/PrivateFrameworks/DSExternalDisplay.framework/Versions/A/DSExternalDisplay
0x00007ffa28c35000 	/System/Library/Frameworks/OpenGL.framework/Versions/A/Libraries/libCoreFSCache.dylib
0x00007ffb15d0e000 	/System/Library/PrivateFrameworks/GPUCompiler.framework/Versions/31001/Libraries/libGPUCompilerUtils.dylib
0x00007ff81c91f000 	/System/Library/PrivateFrameworks/CMCaptureCore.framework/Versions/A/CMCaptureCore
0x00007ff81be28000 	/System/Library/PrivateFrameworks/AppServerSupport.framework/Versions/A/AppServerSupport
0x00007ff81e0ed000 	/System/Library/PrivateFrameworks/perfdata.framework/Versions/A/perfdata
0x00007ff8112f2000 	/System/Library/PrivateFrameworks/AudioToolboxCore.framework/Versions/A/AudioToolboxCore
0x00007ff81893e000 	/System/Library/PrivateFrameworks/caulk.framework/Versions/A/caulk
0x00007ff81d9ff000 	/usr/lib/libAudioStatistics.dylib
0x00007ff9156f3000 	/System/Library/PrivateFrameworks/SystemPolicy.framework/Versions/A/SystemPolicy
0x00007ff81dc5a000 	/usr/lib/libSMC.dylib
0x00007ff826b7e000 	/System/Library/Frameworks/CoreMIDI.framework/Versions/A/CoreMIDI
0x00007ff81c7d8000 	/usr/lib/libAudioToolboxUtility.dylib
0x00007ff91191b000 	/System/Library/PrivateFrameworks/OSAServicesClient.framework/Versions/A/OSAServicesClient
0x00007ff81e0fa000 	/usr/lib/libperfcheck.dylib
0x00007ff9161a4000 	/usr/lib/libmis.dylib
0x00007ffa28c90000 	/System/Library/Frameworks/OpenGL.framework/Versions/A/Libraries/libGLU.dylib
0x00007ffa28c54000 	/System/Library/Frameworks/OpenGL.framework/Versions/A/Libraries/libGFXShared.dylib
0x00007ffa28e5d000 	/System/Library/Frameworks/OpenGL.framework/Versions/A/Libraries/libGL.dylib
0x00007ffa28c5d000 	/System/Library/Frameworks/OpenGL.framework/Versions/A/Libraries/libGLImage.dylib
0x00007ffa28c51000 	/System/Library/Frameworks/OpenGL.framework/Versions/A/Libraries/libCVMSPluginSupport.dylib
0x00007ffa28c3c000 	/System/Library/Frameworks/OpenGL.framework/Versions/A/Libraries/libCoreVMClient.dylib
0x00007ff8194aa000 	/System/Library/Frameworks/MetalPerformanceShaders.framework/Versions/A/Frameworks/MPSCore.framework/Versions/A/MPSCore
0x00007ff81a86c000 	/System/Library/Frameworks/MetalPerformanceShaders.framework/Versions/A/Frameworks/MPSImage.framework/Versions/A/MPSImage
0x00007ff81a312000 	/System/Library/Frameworks/MetalPerformanceShaders.framework/Versions/A/Frameworks/MPSNeuralNetwork.framework/Versions/A/MPSNeuralNetwork
0x00007ff81a786000 	/System/Library/Frameworks/MetalPerformanceShaders.framework/Versions/A/Frameworks/MPSMatrix.framework/Versions/A/MPSMatrix
0x00007ff81a541000 	/System/Library/Frameworks/MetalPerformanceShaders.framework/Versions/A/Frameworks/MPSRayIntersector.framework/Versions/A/MPSRayIntersector
0x00007ff81a7be000 	/System/Library/Frameworks/MetalPerformanceShaders.framework/Versions/A/Frameworks/MPSNDArray.framework/Versions/A/MPSNDArray
0x00007ffa2e715000 	/System/Library/Frameworks/MetalPerformanceShaders.framework/Versions/A/Frameworks/MPSFunctions.framework/Versions/A/MPSFunctions
0x00007ff8105f9000 	/System/Library/PrivateFrameworks/MetalTools.framework/Versions/A/MetalTools
0x00007ff819526000 	/System/Library/PrivateFrameworks/AggregateDictionary.framework/Versions/A/AggregateDictionary
0x00007ff81b661000 	/usr/lib/libIOReport.dylib
0x00007ffa2a26c000 	/System/Library/Frameworks/OpenCL.framework/Versions/A/OpenCL
0x00007ff81b9c6000 	/System/Library/PrivateFrameworks/FaceCore.framework/Versions/A/FaceCore
0x00007ff81b9b7000 	/System/Library/PrivateFrameworks/GraphVisualizer.framework/Versions/A/GraphVisualizer
0x00007ffb15c19000 	/System/Library/PrivateFrameworks/FontServices.framework/Versions/A/FontServices
0x00007ff81bde0000 	/System/Library/PrivateFrameworks/OTSVG.framework/Versions/A/OTSVG
0x00007ff8172df000 	/System/Library/Frameworks/ApplicationServices.framework/Versions/A/Frameworks/ATS.framework/Versions/A/Resources/libFontRegistry.dylib
0x00007ff81be30000 	/System/Library/PrivateFrameworks/FontServices.framework/libhvf.dylib
0x00007ffb15c1a000 	/System/Library/PrivateFrameworks/FontServices.framework/libXTFontStaticRegistryData.dylib
0x00007ff81b82f000 	/System/Library/PrivateFrameworks/AppleVA.framework/Versions/A/AppleVA
0x00007ff81da1f000 	/System/Library/Frameworks/ApplicationServices.framework/Versions/A/Frameworks/ATS.framework/Versions/A/ATS
0x00007ff81598c000 	/System/Library/Frameworks/ApplicationServices.framework/Versions/A/Frameworks/HIServices.framework/Versions/A/HIServices
0x00007ff81c929000 	/System/Library/Frameworks/ApplicationServices.framework/Versions/A/Frameworks/PrintCore.framework/Versions/A/PrintCore
0x00007ff81ddad000 	/System/Library/Frameworks/ApplicationServices.framework/Versions/A/Frameworks/QD.framework/Versions/A/QD
0x00007ff81dda5000 	/System/Library/Frameworks/ApplicationServices.framework/Versions/A/Frameworks/ColorSyncLegacy.framework/Versions/A/ColorSyncLegacy
0x00007ff81da0f000 	/System/Library/Frameworks/ApplicationServices.framework/Versions/A/Frameworks/SpeechSynthesis.framework/Versions/A/SpeechSynthesis
0x00007ff81c8ea000 	/System/Library/Frameworks/ApplicationServices.framework/Versions/A/Frameworks/ATSUI.framework/Versions/A/ATSUI
0x00007ff81dd3a000 	/usr/lib/libcups.2.dylib
0x00007ff81e109000 	/System/Library/Frameworks/Kerberos.framework/Versions/A/Kerberos
0x00007ff81e118000 	/System/Library/Frameworks/GSS.framework/Versions/A/GSS
0x00007ff81da8b000 	/usr/lib/libresolv.9.dylib
0x00007ff81be3f000 	/System/Library/PrivateFrameworks/Heimdal.framework/Versions/A/Heimdal
0x00007ff824d01000 	/System/Library/Frameworks/Kerberos.framework/Versions/A/Libraries/libHeimdalProxy.dylib
0x00007ff816649000 	/System/Library/Frameworks/Network.framework/Versions/A/Network
0x00007ff81b89a000 	/usr/lib/libheimdal-asn1.dylib
0x00007ff81e163000 	/System/Library/PrivateFrameworks/CommonAuth.framework/Versions/A/CommonAuth
0x00007ff81d991000 	/System/Library/PrivateFrameworks/AudioSession.framework/Versions/A/AudioSession
0x00007ff81b92a000 	/System/Library/PrivateFrameworks/MediaExperience.framework/Versions/A/MediaExperience
0x00007ff81d823000 	/System/Library/PrivateFrameworks/AudioSession.framework/libSessionUtility.dylib
0x00007ff81ddb9000 	/System/Library/PrivateFrameworks/AudioResourceArbitration.framework/Versions/A/AudioResourceArbitration
0x00007ff821e3a000 	/System/Library/PrivateFrameworks/PowerLog.framework/Versions/A/PowerLog
0x00007ff81b8a3000 	/System/Library/PrivateFrameworks/IconFoundation.framework/Versions/A/IconFoundation
0x00007ff820bf0000 	/System/Library/PrivateFrameworks/SpeechRecognitionCore.framework/Versions/A/SpeechRecognitionCore
0x0000000104e9d000 	/Users/ethan/Library/Java/JavaVirtualMachines/openjdk-21.0.1/Contents/Home/lib/server/libjvm.dylib
0x0000000103c6d000 	/Users/ethan/Library/Java/JavaVirtualMachines/openjdk-21.0.1/Contents/Home/lib/libjimage.dylib
0x0000000103c90000 	/Users/ethan/Library/Java/JavaVirtualMachines/openjdk-21.0.1/Contents/Home/lib/libinstrument.dylib
0x0000000103cce000 	/Users/ethan/Library/Java/JavaVirtualMachines/openjdk-21.0.1/Contents/Home/lib/libjava.dylib
0x0000000103f95000 	/Users/ethan/Library/Java/JavaVirtualMachines/openjdk-21.0.1/Contents/Home/lib/libzip.dylib
0x0000000103fa9000 	/Users/ethan/Library/Java/JavaVirtualMachines/openjdk-21.0.1/Contents/Home/lib/libnio.dylib
0x0000000103fc5000 	/Users/ethan/Library/Java/JavaVirtualMachines/openjdk-21.0.1/Contents/Home/lib/libnet.dylib
0x0000000103cbd000 	/Users/ethan/Library/Java/JavaVirtualMachines/openjdk-21.0.1/Contents/Home/lib/libextnet.dylib
0x0000000104078000 	/Users/ethan/Library/Java/JavaVirtualMachines/openjdk-21.0.1/Contents/Home/lib/libawt.dylib
0x0000000104138000 	/Users/ethan/Library/Java/JavaVirtualMachines/openjdk-21.0.1/Contents/Home/lib/libmlib_image.dylib
0x00007ffa2e67e000 	/System/Library/Frameworks/JavaRuntimeSupport.framework/Versions/A/JavaRuntimeSupport
0x00007ff915217000 	/System/Library/Frameworks/Carbon.framework/Versions/A/Carbon
0x00007ff8230b5000 	/System/Library/PrivateFrameworks/CoreSymbolication.framework/Versions/A/CoreSymbolication
0x00007ff82861d000 	/System/Library/Frameworks/Carbon.framework/Versions/A/Frameworks/CommonPanels.framework/Versions/A/CommonPanels
0x00007ff8246ea000 	/System/Library/Frameworks/Carbon.framework/Versions/A/Frameworks/Help.framework/Versions/A/Help
0x00007ff828621000 	/System/Library/Frameworks/Carbon.framework/Versions/A/Frameworks/ImageCapture.framework/Versions/A/ImageCapture
0x00007ff8285f1000 	/System/Library/Frameworks/Carbon.framework/Versions/A/Frameworks/OpenScripting.framework/Versions/A/OpenScripting
0x00007ff828619000 	/System/Library/Frameworks/Carbon.framework/Versions/A/Frameworks/Ink.framework/Versions/A/Ink
0x00007ff915213000 	/System/Library/Frameworks/Carbon.framework/Versions/A/Frameworks/Print.framework/Versions/A/Print
0x00007ff828615000 	/System/Library/Frameworks/Carbon.framework/Versions/A/Frameworks/SecurityHI.framework/Versions/A/SecurityHI
0x00007ff82307a000 	/System/Library/PrivateFrameworks/DebugSymbols.framework/Versions/A/DebugSymbols
0x0000000104301000 	/Users/ethan/Library/Java/JavaVirtualMachines/openjdk-21.0.1/Contents/Home/lib/libawt_lwawt.dylib
0x0000000104002000 	/Users/ethan/Library/Java/JavaVirtualMachines/openjdk-21.0.1/Contents/Home/lib/libosxapp.dylib
0x00007ff9144e1000 	/System/Library/Frameworks/ExceptionHandling.framework/Versions/A/ExceptionHandling
0x0000000104640000 	/Users/ethan/Library/Java/JavaVirtualMachines/openjdk-21.0.1/Contents/Home/lib/libfontmanager.dylib
0x0000000104435000 	/Users/ethan/Library/Java/JavaVirtualMachines/openjdk-21.0.1/Contents/Home/lib/libfreetype.dylib
0x00007ff81278a000 	/System/Library/PrivateFrameworks/CoreServicesInternal.framework/Versions/A/CoreServicesInternal
0x00007ff82242b000 	/System/Library/Frameworks/FileProvider.framework/Versions/A/FileProvider
0x00007ff81642c000 	/System/Library/Frameworks/Accounts.framework/Versions/A/Accounts
0x00007ff8225a4000 	/System/Library/PrivateFrameworks/GenerationalStorage.framework/Versions/A/GenerationalStorage
0x00007ff821e2f000 	/System/Library/PrivateFrameworks/SymptomDiagnosticReporter.framework/Versions/A/SymptomDiagnosticReporter
0x00007ff813a4b000 	/System/Library/PrivateFrameworks/DesktopServicesPriv.framework/Versions/A/DesktopServicesPriv
0x00007ff8128c9000 	/usr/lib/libsandbox.1.dylib
0x00007ff817778000 	/System/Library/PrivateFrameworks/UserManagement.framework/Versions/A/UserManagement
0x00007ff81dd9a000 	/System/Library/PrivateFrameworks/NetAuth.framework/Versions/A/NetAuth
0x00007ff81eca9000 	/System/Library/PrivateFrameworks/Sharing.framework/Versions/A/Sharing
0x00007ff81774b000 	/System/Library/PrivateFrameworks/login.framework/Versions/A/Frameworks/loginsupport.framework/Versions/A/loginsupport
0x00007ff824218000 	/System/Library/PrivateFrameworks/Apple80211.framework/Versions/A/Apple80211
0x00007ff81a951000 	/System/Library/PrivateFrameworks/AuthKit.framework/Versions/A/AuthKit
0x00007ff819fa6000 	/System/Library/PrivateFrameworks/CoreUtils.framework/Versions/A/CoreUtils
0x00007ff819ecd000 	/System/Library/Frameworks/CoreWLAN.framework/Versions/A/CoreWLAN
0x00007ff81ee08000 	/System/Library/Frameworks/IOBluetooth.framework/Versions/A/IOBluetooth
0x00007ff824280000 	/System/Library/PrivateFrameworks/CoreWiFi.framework/Versions/A/CoreWiFi
0x00007ff822c4e000 	/System/Library/PrivateFrameworks/FrontBoardServices.framework/Versions/A/FrontBoardServices
0x00007ff822cdf000 	/System/Library/PrivateFrameworks/BoardServices.framework/Versions/A/BoardServices
0x00007ff81a1b5000 	/System/Library/PrivateFrameworks/AssertionServices.framework/Versions/A/AssertionServices
0x00007ff824403000 	/System/Library/PrivateFrameworks/BackBoardServices.framework/Versions/A/BackBoardServices
0x00007ff81e1f4000 	/System/Library/PrivateFrameworks/CorePhoneNumbers.framework/Versions/A/CorePhoneNumbers
0x00007ff81dab8000 	/System/Library/PrivateFrameworks/MultiverseSupport.framework/Versions/A/MultiverseSupport
0x00007ff824677000 	/System/Library/PrivateFrameworks/RemoteServiceDiscovery.framework/Versions/A/RemoteServiceDiscovery
0x00007ff821f4c000 	/System/Library/PrivateFrameworks/DiskManagement.framework/Versions/A/DiskManagement
0x00007ff821e60000 	/System/Library/PrivateFrameworks/AppleIDAuthSupport.framework/Versions/A/AppleIDAuthSupport
0x00007ffb10594000 	/System/Library/PrivateFrameworks/AAAFoundation.framework/Versions/A/AAAFoundation
0x00007ff81e1d5000 	/System/Library/PrivateFrameworks/KeychainCircle.framework/Versions/A/KeychainCircle
0x00007ff824687000 	/System/Library/PrivateFrameworks/RemoteXPC.framework/Versions/A/RemoteXPC
0x00007ff821f18000 	/System/Library/PrivateFrameworks/MediaKit.framework/Versions/A/MediaKit
0x00007ff821e6c000 	/System/Library/Frameworks/DiscRecording.framework/Versions/A/DiscRecording
0x00007ff81b7a7000 	/usr/lib/libCoreStorage.dylib
0x00007ff8246f2000 	/usr/lib/libcsfde.dylib
0x00007ff81eed5000 	/System/Library/PrivateFrameworks/ProtectedCloudStorage.framework/Versions/A/ProtectedCloudStorage
0x00007ff8246ee000 	/System/Library/PrivateFrameworks/EFILogin.framework/Versions/A/EFILogin
0x00007ff8225ca000 	/System/Library/PrivateFrameworks/OctagonTrust.framework/Versions/A/OctagonTrust
0x00007ffb14e7c000 	/System/Library/PrivateFrameworks/CoreUtilsExtras.framework/Versions/A/CoreUtilsExtras
0x00007ff821d93000 	/System/Library/Frameworks/CoreBluetooth.framework/Versions/A/CoreBluetooth
0x00007ff824d86000 	/System/Library/Frameworks/AudioUnit.framework/Versions/A/AudioUnit
0x00007ff81b79f000 	/usr/lib/libMatch.1.dylib
0x00007ff91cf9f000 	/System/Library/CoreServices/RawCamera.bundle/Contents/MacOS/RawCamera
0x00007ff81e173000 	/System/Library/PrivateFrameworks/MobileAsset.framework/Versions/A/MobileAsset
0x00007ff824dad000 	/System/Library/PrivateFrameworks/StreamingZip.framework/Versions/A/StreamingZip
0x00007ffb12170000 	/System/Library/PrivateFrameworks/CMPhoto.framework/Versions/A/CMPhoto
0x00007ff822f50000 	/System/Library/PrivateFrameworks/AppleVPA.framework/Versions/A/AppleVPA
0x00007ff81cb53000 	/System/Library/Frameworks/MediaToolbox.framework/Versions/A/MediaToolbox
0x00007ff8223fb000 	/System/Library/PrivateFrameworks/CoreAVCHD.framework/Versions/A/CoreAVCHD
0x00007ff8212d0000 	/System/Library/Frameworks/MediaAccessibility.framework/Versions/A/MediaAccessibility
0x00007ff8223f7000 	/System/Library/PrivateFrameworks/Mangrove.framework/Versions/A/Mangrove
0x00007ff8212db000 	/System/Library/PrivateFrameworks/AlgosScoreFramework.framework/Versions/A/AlgosScoreFramework
0x00007ff82203c000 	/System/Library/PrivateFrameworks/CoreAUC.framework/Versions/A/CoreAUC
0x00007ff91a7c8000 	/System/Library/Frameworks/Accelerate.framework/Versions/A/Frameworks/vImage.framework/Versions/A/Libraries/libCGInterfaces.dylib
0x0000000104e7e000 	/usr/lib/libobjc-trampolines.dylib
0x00007ff817470000 	/System/Library/PrivateFrameworks/ViewBridge.framework/Versions/A/ViewBridge
0x00007ffb2870e000 	/usr/lib/libRosetta.dylib
0x0000000134eef000 	/Users/ethan/Library/Java/JavaVirtualMachines/openjdk-21.0.1/Contents/Home/lib/libosxui.dylib
0x00007ffa1be6b000 	/System/Library/Extensions/AppleIntelKBLGraphicsMTLDriver.bundle/Contents/MacOS/AppleIntelKBLGraphicsMTLDriver
0x00007ff9161bf000 	/System/Library/PrivateFrameworks/GPURawCounter.framework/Versions/A/GPURawCounter
0x000000010ac87000 	/private/var/folders/zb/hgfqt4_n7_n6_bf0cn_vsq_c0000gp/T/com-weisj-darklaf-nativeutils-darklaf-macos82020378484243004225721967149040842/libdarklaf-macos-x86-64.dylib
0x00007ff81bef7000 	/System/Library/PrivateFrameworks/login.framework/Versions/A/login


VM Arguments:
jvm_args: -javaagent:/Applications/IntelliJ IDEA.app/Contents/lib/idea_rt.jar=51126:/Applications/IntelliJ IDEA.app/Contents/bin -Dfile.encoding=UTF-8 
java_command: me.vlink102.personal.Main
java_class_path (initial): /Users/ethan/Desktop/chessv3/target/classes:/Users/ethan/.m2/repository/org/jetbrains/annotations/23.0.0/annotations-23.0.0.jar:/Users/ethan/.m2/repository/com/github/weisj/darklaf-core/3.0.2/darklaf-core-3.0.2.jar:/Users/ethan/.m2/repository/com/github/weisj/darklaf-theme/3.0.2/darklaf-theme-3.0.2.jar:/Users/ethan/.m2/repository/com/github/weisj/darklaf-theme-spec/3.0.2/darklaf-theme-spec-3.0.2.jar:/Users/ethan/.m2/repository/com/github/weisj/darklaf-property-loader/3.0.2/darklaf-property-loader-3.0.2.jar:/Users/ethan/.m2/repository/com/github/weisj/swing-extensions-visual-padding/0.1.3/swing-extensions-visual-padding-0.1.3.jar:/Users/ethan/.m2/repository/com/github/weisj/darklaf-iconset/3.0.2/darklaf-iconset-3.0.2.jar:/Users/ethan/.m2/repository/com/github/weisj/darklaf-utils/3.0.2/darklaf-utils-3.0.2.jar:/Users/ethan/.m2/repository/com/github/weisj/darklaf-compatibility/3.0.2/darklaf-compatibility-3.0.2.jar:/Users/ethan/.m2/repository/com/github/weisj/darklaf-native-utils/3.0.2/darklaf-native-utils-3.0.2.jar:/Users/ethan/.m2/repository/com/github/weisj/darklaf-platform-base/3.0.2/darklaf-platform-base-3.0.2.jar:/Users/ethan/.m2/repository/com/github/weisj/darklaf-platform-decorations/3.0.2/darklaf-platform-decorations-3.0.2.jar:/Users/ethan/.m2/repository/com/github/weisj/darklaf-platform-preferences/3.0.2/darklaf-platform-preferences-3.0.2.jar:/Users/ethan/.m2/repository/com/github/weisj/darklaf-windows/3.0.2/darklaf-windows-3.0.2.jar:/Users/ethan/.m2/repository/com/github/weisj/darklaf-macos/3.0.2/darklaf-macos-3.0.2.jar:/Users/ethan/.m2/repository/com/github/weisj/swing-extensions-laf-support/0.1.3/swing-extensions-laf-support-0.1.3.jar:/Users/ethan/.m2/repository/com/github/weisj/jsvg/0.0.9/jsvg-0.0.9.jar:/Users/ethan/.m2/repository/commons-io/commons-io/1.3.2/commons-io-1.3.2.jar
Launcher Type: SUN_STANDARD

[Global flags]
     intx CICompilerCount                          = 4                                         {product} {ergonomic}
     uint ConcGCThreads                            = 3                                         {product} {ergonomic}
     uint G1ConcRefinementThreads                  = 10                                        {product} {ergonomic}
   size_t G1HeapRegionSize                         = 8388608                                   {product} {ergonomic}
    uintx GCDrainStackTargetSize                   = 64                                        {product} {ergonomic}
   size_t InitialHeapSize                          = 1073741824                                {product} {ergonomic}
   size_t MarkStackSize                            = 4194304                                   {product} {ergonomic}
   size_t MaxHeapSize                              = 17179869184                               {product} {ergonomic}
   size_t MaxNewSize                               = 10301210624                               {product} {ergonomic}
   size_t MinHeapDeltaBytes                        = 8388608                                   {product} {ergonomic}
   size_t MinHeapSize                              = 8388608                                   {product} {ergonomic}
    uintx NonNMethodCodeHeapSize                   = 5839372                                {pd product} {ergonomic}
    uintx NonProfiledCodeHeapSize                  = 122909434                              {pd product} {ergonomic}
    uintx ProfiledCodeHeapSize                     = 122909434                              {pd product} {ergonomic}
    uintx ReservedCodeCacheSize                    = 251658240                              {pd product} {ergonomic}
     bool SegmentedCodeCache                       = true                                      {product} {ergonomic}
   size_t SoftMaxHeapSize                          = 17179869184                            {manageable} {ergonomic}
     bool UseCompressedOops                        = true                           {product lp64_product} {ergonomic}
     bool UseG1GC                                  = true                                      {product} {ergonomic}
     bool UseNUMA                                  = false                                     {product} {ergonomic}
     bool UseNUMAInterleaving                      = false                                     {product} {ergonomic}

Logging:
Log output configuration:
 #0: stdout all=warning uptime,level,tags foldmultilines=false
 #1: stderr all=off uptime,level,tags foldmultilines=false

Environment Variables:
PATH=/Library/Frameworks/Python.framework/Versions/3.8/bin:/usr/local/bin:/usr/bin:/bin:/usr/sbin:/sbin:/usr/local/MacGPG2/bin:/usr/local/share/dotnet:~/.dotnet/tools:/Library/Apple/usr/bin:/Library/Frameworks/Mono.framework/Versions/Current/Commands
SHELL=/bin/zsh
LC_CTYPE=en_GB.UTF-8
TMPDIR=/var/folders/zb/hgfqt4_n7_n6_bf0cn_vsq_c0000gp/T/

Active Locale:
LC_ALL=C/en_GB.UTF-8/C/C/C/C
LC_COLLATE=C
LC_CTYPE=en_GB.UTF-8
LC_MESSAGES=C
LC_MONETARY=C
LC_NUMERIC=C
LC_TIME=C

Signal Handlers:
   SIGSEGV: crash_handler in libjvm.dylib, mask=11100110000111110111111111111111, flags=SA_ONSTACK|SA_RESTART|SA_SIGINFO, unblocked
    SIGBUS: crash_handler in libjvm.dylib, mask=11100110000111110111111111111111, flags=SA_RESTART|SA_SIGINFO, unblocked
    SIGFPE: crash_handler in libjvm.dylib, mask=11100110000111110111111111111111, flags=SA_RESTART|SA_SIGINFO, unblocked
   SIGPIPE: javaSignalHandler in libjvm.dylib, mask=11100110000111110111111111111111, flags=SA_RESTART|SA_SIGINFO, blocked
   SIGXFSZ: javaSignalHandler in libjvm.dylib, mask=11100110000111110111111111111111, flags=SA_RESTART|SA_SIGINFO, blocked
    SIGILL: crash_handler in libjvm.dylib, mask=11100110000111110111111111111111, flags=SA_RESTART|SA_SIGINFO, unblocked
   SIGUSR2: SR_handler in libjvm.dylib, mask=00100000000000000000000000000000, flags=SA_RESTART|SA_SIGINFO, blocked
    SIGHUP: UserHandler in libjvm.dylib, mask=11100110000111110111111111111111, flags=SA_RESTART|SA_SIGINFO, blocked
    SIGINT: UserHandler in libjvm.dylib, mask=11100110000111110111111111111111, flags=SA_RESTART|SA_SIGINFO, blocked
   SIGTERM: UserHandler in libjvm.dylib, mask=11100110000111110111111111111111, flags=SA_RESTART|SA_SIGINFO, blocked
   SIGQUIT: UserHandler in libjvm.dylib, mask=11100110000111110111111111111111, flags=SA_RESTART|SA_SIGINFO, blocked
   SIGTRAP: crash_handler in libjvm.dylib, mask=11100110000111110111111111111111, flags=SA_RESTART|SA_SIGINFO, unblocked


Periodic native trim disabled

---------------  S Y S T E M  ---------------

OS:
uname: Darwin 21.6.0 Darwin Kernel Version 21.6.0: Thu Jun  8 23:57:12 PDT 2023; root:xnu-8020.240.18.701.6~1/RELEASE_X86_64 x86_64
OS uptime: 94 days 22:16 hours
rlimit (soft/hard): STACK 8192k/65532k , CORE 0k/infinity , NPROC 11136/16704 , NOFILE 10240/infinity , AS infinity/infinity , CPU infinity/infinity , DATA infinity/infinity , FSIZE infinity/infinity , MEMLOCK infinity/infinity , RSS infinity/infinity
load average: 2.33 3.31 3.75

CPU: total 12 (initial active 12) (6 cores per cpu, 2 threads per core) family 6 model 158 stepping 10 microcode 0xf2, cx8, cmov, fxsr, ht, mmx, 3dnowpref, sse, sse2, sse3, ssse3, sse4.1, sse4.2, popcnt, lzcnt, tsc, tscinvbit, avx, avx2, aes, erms, clmul, bmi1, bmi2, rtm, adx, fma, vzeroupper, clflush, clflushopt, rdtscp, f16c
machdep.cpu.brand_string:Intel(R) Core(TM) i7-8700B CPU @ 3.20GHz
hw.cpufrequency:3200000000
hw.cpufrequency_min:3200000000
hw.cpufrequency_max:3200000000
hw.cachelinesize:64
hw.l1icachesize:32768
hw.l1dcachesize:32768
hw.l2cachesize:262144
hw.l3cachesize:12582912

Memory: 4k page, physical 67108864k(7101496k free), swap 1048576k(716800k free)

vm_info: OpenJDK 64-Bit Server VM (21.0.1+12-29) for bsd-amd64 JRE (21.0.1+12-29), built on 2023-10-05T13:27:09Z by "mach5one" with clang Apple LLVM 12.0.0 (clang-1200.0.32.29)

END.
